2024-11-05 09:23:43,184	[DEBUG]	==== CONFIG ====
[magpie]
import = 
seed = 8479135331219391
log_dir = _magpie_logs
work_dir = _magpie_work
local_original_copy = False
local_original_name = __original__
output_encoding = ascii
edit_retries = 10
default_timeout = 30
default_lengthout = 1e5
diff_method = unified
trust_local_filesystem = True

[magpie.log]
color_output = True
format_info = {counter:<7} {status:<20} {best}{fitness} ({ratio}) [{size}] {cached} {log}
format_debug = patch({counter})="{patch}"{diffifbest}
format_fitness = {:.2f}
format_ratio = {:.2%%}
format_patchif = 
	 --> {patch}
format_diffif = 
	{diff}

[software]
path = java_programs/detect_cycle
target_files = 
	DETECT_CYCLE.java.xml
software = BasicSoftware
model_rules = 
	*.params : ParamFileConfigModel
	*.xml : SrcmlModel
	* : LineModel
model_config = 
	*.params : [paramconfig]
	*.xml : [srcml]
init_cmd = bash init_bug.sh
init_timeout = 60
init_lengthout = -1
setup_cmd = 
setup_timeout = 
setup_lengthout = 
compile_cmd = javac -cp junit-4.10.jar DETECT_CYCLE.java DETECT_CYCLE_TEST.java Node.java
compile_timeout = 
compile_lengthout = 
test_cmd = java -cp junit-4.10.jar:. org.junit.runner.JUnitCore DETECT_CYCLE_TEST
test_timeout = 
test_lengthout = 
run_cmd = 
run_timeout = 
run_lengthout = 
batch_timeout = 
batch_lengthout = 
batch_bin_fitness_strategy = aggregate
batch_fitness_strategy = sum
fitness = repair

[srcml]
rename = 
	stmt: break continue decl_stmt do expr_stmt for goto if return switch while
	number: literal_number
focus = block stmt operator_comp operator_arith number
internodes = block
process_pseudo_blocks = True
process_literals = True
process_operators = True

[paramconfig]
timing = test run
cli_prefix = --
cli_glue = =
cli_boolean = show
cli_boolean_prefix_true = 
cli_boolean_prefix_false = no-
cli_none = hide
silent_prefix = @
silent_suffix = $

[search]
protocol = BasicProtocol
algorithm = GeneticProgrammingUniformConcat
possible_edits = 
	SrcmlStmtReplacement
	SrcmlStmtInsertion
	SrcmlStmtDeletion
warmup = 3
warmup_strategy = last
max_steps = 400
max_time = 60
target_fitness = 0
cache_maxsize = 100
cache_keep = 0.2
batch_instances = 
batch_shuffle = True
batch_bin_shuffle = False
batch_sample_size = 1

[search.ls]
delete_prob = 0.5
max_neighbours = 
when_trapped = continue
accept_fail = False
tabu_length = 10

[search.gp]
pop_size = 40
delete_prob = 0.5
offspring_elitism = 0.1
offspring_crossover = 0.5
offspring_mutation = 0.4
uniform_rate = 0.5
batch_reset = True

[search.minify]
do_cleanup = True
do_rebuild = True
do_simplify = True
round_robin_limit = 3


2024-11-05 09:23:43,184	[DEBUG]	
2024-11-05 09:23:43,184	[INFO]	==== SEARCH: GeneticProgrammingUniformConcat ====
2024-11-05 09:23:43,184	[INFO]	~~~~ WARMUP ~~~~
2024-11-05 09:23:43,620	[INFO]	WARM    SUCCESS               16.67 (--) [0 edit(s)]  
2024-11-05 09:23:44,066	[INFO]	WARM    SUCCESS               16.67 (--) [0 edit(s)]  
2024-11-05 09:23:44,491	[INFO]	WARM    SUCCESS               16.67 (--) [0 edit(s)]  
2024-11-05 09:23:44,492	[INFO]	REF     SUCCESS               16.67 (--) [0 edit(s)]  
2024-11-05 09:23:44,492	[INFO]	
2024-11-05 09:23:44,492	[INFO]	~~~~ START ~~~~
2024-11-05 09:23:44,910	[INFO]	0-1     SUCCESS              +50.00 (299.94%) [1 edit(s)]  
2024-11-05 09:23:44,910	[DEBUG]	patch(0-1)="SrcmlStmtDeletion(('DETECT_CYCLE.java.xml', 'stmt', 4))"
2024-11-05 09:23:54,390	[INFO]	0-2     SUCCESS               66.67 (399.94%) [1 edit(s)]  
2024-11-05 09:23:54,390	[DEBUG]	patch(0-2)="SrcmlStmtDeletion(('DETECT_CYCLE.java.xml', 'stmt', 8))"
2024-11-05 09:23:54,719	[INFO]	0-3     COMPILE_CODE_ERROR    None (--) [1 edit(s)]  
2024-11-05 09:23:54,719	[DEBUG]	patch(0-3)="SrcmlStmtInsertion(('DETECT_CYCLE.java.xml', '_inter_block', 14), ('DETECT_CYCLE.java.xml', 'stmt', 6))"
2024-11-05 09:23:55,069	[INFO]	0-4     COMPILE_CODE_ERROR    None (--) [1 edit(s)]  
2024-11-05 09:23:55,069	[DEBUG]	patch(0-4)="SrcmlStmtDeletion(('DETECT_CYCLE.java.xml', 'stmt', 1))"
2024-11-05 09:23:55,501	[INFO]	0-5     SUCCESS               50.00 (299.94%) [1 edit(s)]  
2024-11-05 09:23:55,501	[DEBUG]	patch(0-5)="SrcmlStmtDeletion(('DETECT_CYCLE.java.xml', 'stmt', 3))"
2024-11-05 09:23:55,821	[INFO]	0-6     COMPILE_CODE_ERROR    None (--) [1 edit(s)]  
2024-11-05 09:23:55,821	[DEBUG]	patch(0-6)="SrcmlStmtReplacement(('DETECT_CYCLE.java.xml', 'stmt', 3), ('DETECT_CYCLE.java.xml', 'stmt', 2))"
2024-11-05 09:23:56,141	[INFO]	0-7     COMPILE_CODE_ERROR    None (--) [1 edit(s)]  
2024-11-05 09:23:56,141	[DEBUG]	patch(0-7)="SrcmlStmtInsertion(('DETECT_CYCLE.java.xml', '_inter_block', 5), ('DETECT_CYCLE.java.xml', 'stmt', 5))"
2024-11-05 09:23:56,446	[INFO]	0-8     COMPILE_CODE_ERROR    None (--) [1 edit(s)]  
2024-11-05 09:23:56,446	[DEBUG]	patch(0-8)="SrcmlStmtDeletion(('DETECT_CYCLE.java.xml', 'stmt', 2))"
2024-11-05 09:23:56,766	[INFO]	0-9     COMPILE_CODE_ERROR    None (--) [1 edit(s)]  
2024-11-05 09:23:56,766	[DEBUG]	patch(0-9)="SrcmlStmtReplacement(('DETECT_CYCLE.java.xml', 'stmt', 4), ('DETECT_CYCLE.java.xml', 'stmt', 0))"
2024-11-05 09:23:57,188	[INFO]	0-10    SUCCESS              +16.67 (100.00%) [1 edit(s)]  
2024-11-05 09:23:57,188	[DEBUG]	patch(0-10)="SrcmlStmtInsertion(('DETECT_CYCLE.java.xml', '_inter_block', 13), ('DETECT_CYCLE.java.xml', 'stmt', 7))"
2024-11-05 09:24:00,614	[INFO]	0-11    SUCCESS               33.33 (199.94%) [1 edit(s)]  
2024-11-05 09:24:00,614	[DEBUG]	patch(0-11)="SrcmlStmtDeletion(('DETECT_CYCLE.java.xml', 'stmt', 5))"
2024-11-05 09:24:00,614	[INFO]	0-12    SUCCESS               16.67 (100.00%) [1 edit(s)] [cached] 
2024-11-05 09:24:00,614	[DEBUG]	patch(0-12)="SrcmlStmtReplacement(('DETECT_CYCLE.java.xml', 'stmt', 5), ('DETECT_CYCLE.java.xml', 'stmt', 5))"
2024-11-05 09:24:01,047	[INFO]	0-13    SUCCESS               33.33 (199.94%) [1 edit(s)]  
2024-11-05 09:24:01,048	[DEBUG]	patch(0-13)="SrcmlStmtInsertion(('DETECT_CYCLE.java.xml', '_inter_block', 10), ('DETECT_CYCLE.java.xml', 'stmt', 8))"
2024-11-05 09:24:01,479	[INFO]	0-14    SUCCESS               50.00 (299.94%) [1 edit(s)]  
2024-11-05 09:24:01,479	[DEBUG]	patch(0-14)="SrcmlStmtInsertion(('DETECT_CYCLE.java.xml', '_inter_block', 6), ('DETECT_CYCLE.java.xml', 'stmt', 7))"
2024-11-05 09:24:10,939	[INFO]	0-15    SUCCESS               66.67 (399.94%) [1 edit(s)]  
2024-11-05 09:24:10,939	[DEBUG]	patch(0-15)="SrcmlStmtDeletion(('DETECT_CYCLE.java.xml', 'stmt', 7))"
2024-11-05 09:24:11,372	[INFO]	0-16    SUCCESS               16.67 (100.00%) [1 edit(s)]  
2024-11-05 09:24:11,373	[DEBUG]	patch(0-16)="SrcmlStmtInsertion(('DETECT_CYCLE.java.xml', '_inter_block', 10), ('DETECT_CYCLE.java.xml', 'stmt', 2))"
2024-11-05 09:24:11,690	[INFO]	0-17    COMPILE_CODE_ERROR    None (--) [1 edit(s)]  
2024-11-05 09:24:11,690	[DEBUG]	patch(0-17)="SrcmlStmtReplacement(('DETECT_CYCLE.java.xml', 'stmt', 5), ('DETECT_CYCLE.java.xml', 'stmt', 4))"
2024-11-05 09:24:12,008	[INFO]	0-18    COMPILE_CODE_ERROR    None (--) [1 edit(s)]  
2024-11-05 09:24:12,008	[DEBUG]	patch(0-18)="SrcmlStmtReplacement(('DETECT_CYCLE.java.xml', 'stmt', 5), ('DETECT_CYCLE.java.xml', 'stmt', 0))"
2024-11-05 09:24:12,326	[INFO]	0-19    COMPILE_CODE_ERROR    None (--) [1 edit(s)]  
2024-11-05 09:24:12,326	[DEBUG]	patch(0-19)="SrcmlStmtReplacement(('DETECT_CYCLE.java.xml', 'stmt', 5), ('DETECT_CYCLE.java.xml', 'stmt', 2))"
2024-11-05 09:24:12,755	[INFO]	0-20    SUCCESS               16.67 (100.00%) [1 edit(s)]  
2024-11-05 09:24:12,755	[DEBUG]	patch(0-20)="SrcmlStmtInsertion(('DETECT_CYCLE.java.xml', '_inter_block', 7), ('DETECT_CYCLE.java.xml', 'stmt', 3))"
2024-11-05 09:24:13,204	[INFO]	0-21    SUCCESS               33.33 (199.94%) [1 edit(s)]  
2024-11-05 09:24:13,204	[DEBUG]	patch(0-21)="SrcmlStmtInsertion(('DETECT_CYCLE.java.xml', '_inter_block', 8), ('DETECT_CYCLE.java.xml', 'stmt', 5))"
2024-11-05 09:24:13,518	[INFO]	0-22    COMPILE_CODE_ERROR    None (--) [1 edit(s)]  
2024-11-05 09:24:13,518	[DEBUG]	patch(0-22)="SrcmlStmtInsertion(('DETECT_CYCLE.java.xml', '_inter_block', 14), ('DETECT_CYCLE.java.xml', 'stmt', 7))"
2024-11-05 09:24:13,518	[INFO]	0-23    SUCCESS               16.67 (100.00%) [1 edit(s)] [cached] 
2024-11-05 09:24:13,518	[DEBUG]	patch(0-23)="SrcmlStmtReplacement(('DETECT_CYCLE.java.xml', 'stmt', 6), ('DETECT_CYCLE.java.xml', 'stmt', 6))"
2024-11-05 09:24:13,836	[INFO]	0-24    COMPILE_CODE_ERROR    None (--) [1 edit(s)]  
2024-11-05 09:24:13,836	[DEBUG]	patch(0-24)="SrcmlStmtInsertion(('DETECT_CYCLE.java.xml', '_inter_block', 3), ('DETECT_CYCLE.java.xml', 'stmt', 7))"
2024-11-05 09:24:13,836	[INFO]	0-25    SUCCESS               16.67 (100.00%) [1 edit(s)] [cached] 
2024-11-05 09:24:13,836	[DEBUG]	patch(0-25)="SrcmlStmtInsertion(('DETECT_CYCLE.java.xml', '_inter_block', 6), ('DETECT_CYCLE.java.xml', 'stmt', 3))"
2024-11-05 09:24:14,151	[INFO]	0-26    COMPILE_CODE_ERROR    None (--) [1 edit(s)]  
2024-11-05 09:24:14,151	[DEBUG]	patch(0-26)="SrcmlStmtDeletion(('DETECT_CYCLE.java.xml', 'stmt', 0))"
2024-11-05 09:24:14,401	[INFO]	0-27    COMPILE_CODE_ERROR    None (--) [1 edit(s)]  
2024-11-05 09:24:14,401	[DEBUG]	patch(0-27)="SrcmlStmtInsertion(('DETECT_CYCLE.java.xml', '_inter_block', 0), ('DETECT_CYCLE.java.xml', 'stmt', 1))"
2024-11-05 09:24:14,702	[INFO]	0-28    COMPILE_CODE_ERROR    None (--) [1 edit(s)]  
2024-11-05 09:24:14,702	[DEBUG]	patch(0-28)="SrcmlStmtInsertion(('DETECT_CYCLE.java.xml', '_inter_block', 1), ('DETECT_CYCLE.java.xml', 'stmt', 0))"
2024-11-05 09:24:15,018	[INFO]	0-29    COMPILE_CODE_ERROR    None (--) [1 edit(s)]  
2024-11-05 09:24:15,018	[DEBUG]	patch(0-29)="SrcmlStmtReplacement(('DETECT_CYCLE.java.xml', 'stmt', 7), ('DETECT_CYCLE.java.xml', 'stmt', 0))"
2024-11-05 09:24:15,342	[INFO]	0-30    COMPILE_CODE_ERROR    None (--) [1 edit(s)]  
2024-11-05 09:24:15,342	[DEBUG]	patch(0-30)="SrcmlStmtReplacement(('DETECT_CYCLE.java.xml', 'stmt', 4), ('DETECT_CYCLE.java.xml', 'stmt', 1))"
2024-11-05 09:24:18,779	[INFO]	0-31    SUCCESS               50.00 (299.94%) [1 edit(s)]  
2024-11-05 09:24:18,779	[DEBUG]	patch(0-31)="SrcmlStmtDeletion(('DETECT_CYCLE.java.xml', 'stmt', 6))"
2024-11-05 09:24:19,097	[INFO]	0-32    COMPILE_CODE_ERROR    None (--) [1 edit(s)]  
2024-11-05 09:24:19,097	[DEBUG]	patch(0-32)="SrcmlStmtReplacement(('DETECT_CYCLE.java.xml', 'stmt', 3), ('DETECT_CYCLE.java.xml', 'stmt', 8))"
2024-11-05 09:24:19,416	[INFO]	0-33    COMPILE_CODE_ERROR    None (--) [1 edit(s)]  
2024-11-05 09:24:19,416	[DEBUG]	patch(0-33)="SrcmlStmtReplacement(('DETECT_CYCLE.java.xml', 'stmt', 2), ('DETECT_CYCLE.java.xml', 'stmt', 6))"
2024-11-05 09:24:19,735	[INFO]	0-34    COMPILE_CODE_ERROR    None (--) [1 edit(s)]  
2024-11-05 09:24:19,735	[DEBUG]	patch(0-34)="SrcmlStmtInsertion(('DETECT_CYCLE.java.xml', '_inter_block', 11), ('DETECT_CYCLE.java.xml', 'stmt', 2))"
2024-11-05 09:24:20,168	[INFO]	0-35    SUCCESS               16.67 (100.00%) [1 edit(s)]  
2024-11-05 09:24:20,168	[DEBUG]	patch(0-35)="SrcmlStmtInsertion(('DETECT_CYCLE.java.xml', '_inter_block', 13), ('DETECT_CYCLE.java.xml', 'stmt', 3))"
2024-11-05 09:24:20,500	[INFO]	0-36    COMPILE_CODE_ERROR    None (--) [1 edit(s)]  
2024-11-05 09:24:20,500	[DEBUG]	patch(0-36)="SrcmlStmtInsertion(('DETECT_CYCLE.java.xml', '_inter_block', 13), ('DETECT_CYCLE.java.xml', 'stmt', 4))"
2024-11-05 09:24:20,928	[INFO]	0-37    SUCCESS               16.67 (100.00%) [1 edit(s)]  
2024-11-05 09:24:20,928	[DEBUG]	patch(0-37)="SrcmlStmtInsertion(('DETECT_CYCLE.java.xml', '_inter_block', 10), ('DETECT_CYCLE.java.xml', 'stmt', 3))"
2024-11-05 09:24:21,359	[INFO]	0-38    SUCCESS               33.33 (199.94%) [1 edit(s)]  
2024-11-05 09:24:21,359	[DEBUG]	patch(0-38)="SrcmlStmtReplacement(('DETECT_CYCLE.java.xml', 'stmt', 7), ('DETECT_CYCLE.java.xml', 'stmt', 8))"
2024-11-05 09:24:21,676	[INFO]	0-39    COMPILE_CODE_ERROR    None (--) [1 edit(s)]  
2024-11-05 09:24:21,676	[DEBUG]	patch(0-39)="SrcmlStmtReplacement(('DETECT_CYCLE.java.xml', 'stmt', 6), ('DETECT_CYCLE.java.xml', 'stmt', 4))"
2024-11-05 09:24:21,992	[INFO]	0-40    COMPILE_CODE_ERROR    None (--) [1 edit(s)]  
2024-11-05 09:24:21,992	[DEBUG]	patch(0-40)="SrcmlStmtReplacement(('DETECT_CYCLE.java.xml', 'stmt', 1), ('DETECT_CYCLE.java.xml', 'stmt', 3))"
2024-11-05 09:24:21,992	[INFO]	REF     SUCCESS               16.67 (--) [0 edit(s)] [cached] 
2024-11-05 09:24:21,993	[INFO]	1-1     SUCCESS              +16.67 (100.00%) [1 edit(s)] [cached] 
2024-11-05 09:24:21,993	[DEBUG]	patch(1-1)="SrcmlStmtReplacement(('DETECT_CYCLE.java.xml', 'stmt', 5), ('DETECT_CYCLE.java.xml', 'stmt', 5))"
2024-11-05 09:24:21,994	[INFO]	1-2     SUCCESS               16.67 (100.00%) [1 edit(s)] [cached] 
2024-11-05 09:24:21,994	[DEBUG]	patch(1-2)="SrcmlStmtInsertion(('DETECT_CYCLE.java.xml', '_inter_block', 13), ('DETECT_CYCLE.java.xml', 'stmt', 3))"
2024-11-05 09:24:21,994	[INFO]	1-3     SUCCESS               16.67 (100.00%) [1 edit(s)] [cached] 
2024-11-05 09:24:21,994	[DEBUG]	patch(1-3)="SrcmlStmtReplacement(('DETECT_CYCLE.java.xml', 'stmt', 6), ('DETECT_CYCLE.java.xml', 'stmt', 6))"
2024-11-05 09:24:21,994	[INFO]	1-4     SUCCESS               16.67 (100.00%) [1 edit(s)] [cached] 
2024-11-05 09:24:21,994	[DEBUG]	patch(1-4)="SrcmlStmtInsertion(('DETECT_CYCLE.java.xml', '_inter_block', 6), ('DETECT_CYCLE.java.xml', 'stmt', 3))"
2024-11-05 09:24:21,994	[INFO]	1-5     SUCCESS               16.67 (100.00%) [1 edit(s)] [cached] 
2024-11-05 09:24:21,994	[DEBUG]	patch(1-5)="SrcmlStmtReplacement(('DETECT_CYCLE.java.xml', 'stmt', 5), ('DETECT_CYCLE.java.xml', 'stmt', 5))"
2024-11-05 09:24:21,995	[INFO]	1-6     SUCCESS               66.67 (399.94%) [2 edit(s)] [cached] 
2024-11-05 09:24:21,995	[DEBUG]	patch(1-6)="SrcmlStmtInsertion(('DETECT_CYCLE.java.xml', '_inter_block', 13), ('DETECT_CYCLE.java.xml', 'stmt', 3)) | SrcmlStmtDeletion(('DETECT_CYCLE.java.xml', 'stmt', 7))"
2024-11-05 09:24:21,995	[INFO]	1-7     SUCCESS               16.67 (100.00%) [1 edit(s)] [cached] 
2024-11-05 09:24:21,995	[DEBUG]	patch(1-7)="SrcmlStmtReplacement(('DETECT_CYCLE.java.xml', 'stmt', 6), ('DETECT_CYCLE.java.xml', 'stmt', 6))"
2024-11-05 09:24:21,995	[INFO]	1-8     SUCCESS               16.67 (100.00%) [1 edit(s)] [cached] 
2024-11-05 09:24:21,995	[DEBUG]	patch(1-8)="SrcmlStmtInsertion(('DETECT_CYCLE.java.xml', '_inter_block', 6), ('DETECT_CYCLE.java.xml', 'stmt', 3))"
2024-11-05 09:24:21,995	[INFO]	1-9     SUCCESS               33.33 (199.94%) [2 edit(s)] [cached] 
2024-11-05 09:24:21,995	[DEBUG]	patch(1-9)="SrcmlStmtInsertion(('DETECT_CYCLE.java.xml', '_inter_block', 13), ('DETECT_CYCLE.java.xml', 'stmt', 7)) | SrcmlStmtReplacement(('DETECT_CYCLE.java.xml', 'stmt', 7), ('DETECT_CYCLE.java.xml', 'stmt', 8))"
2024-11-05 09:24:21,996	[INFO]	1-10    SUCCESS               16.67 (100.00%) [1 edit(s)] [cached] 
2024-11-05 09:24:21,996	[DEBUG]	patch(1-10)="SrcmlStmtInsertion(('DETECT_CYCLE.java.xml', '_inter_block', 7), ('DETECT_CYCLE.java.xml', 'stmt', 3))"
2024-11-05 09:24:21,996	[INFO]	1-11    SUCCESS               16.67 (100.00%) [1 edit(s)] [cached] 
2024-11-05 09:24:21,996	[DEBUG]	patch(1-11)="SrcmlStmtInsertion(('DETECT_CYCLE.java.xml', '_inter_block', 10), ('DETECT_CYCLE.java.xml', 'stmt', 3))"
2024-11-05 09:24:21,996	[INFO]	1-12    SUCCESS               33.33 (199.94%) [1 edit(s)] [cached] 
2024-11-05 09:24:21,996	[DEBUG]	patch(1-12)="SrcmlStmtInsertion(('DETECT_CYCLE.java.xml', '_inter_block', 8), ('DETECT_CYCLE.java.xml', 'stmt', 5))"
2024-11-05 09:24:25,434	[INFO]	1-13    SUCCESS               33.33 (199.94%) [2 edit(s)]  
2024-11-05 09:24:25,434	[DEBUG]	patch(1-13)="SrcmlStmtInsertion(('DETECT_CYCLE.java.xml', '_inter_block', 13), ('DETECT_CYCLE.java.xml', 'stmt', 3)) | SrcmlStmtDeletion(('DETECT_CYCLE.java.xml', 'stmt', 5))"
2024-11-05 09:24:25,434	[INFO]	1-14    SUCCESS               33.33 (199.94%) [1 edit(s)] [cached] 
2024-11-05 09:24:25,434	[DEBUG]	patch(1-14)="SrcmlStmtReplacement(('DETECT_CYCLE.java.xml', 'stmt', 7), ('DETECT_CYCLE.java.xml', 'stmt', 8))"
2024-11-05 09:24:25,434	[INFO]	1-15    SUCCESS               33.33 (199.94%) [1 edit(s)] [cached] 
2024-11-05 09:24:25,434	[DEBUG]	patch(1-15)="SrcmlStmtInsertion(('DETECT_CYCLE.java.xml', '_inter_block', 8), ('DETECT_CYCLE.java.xml', 'stmt', 5))"
2024-11-05 09:24:25,435	[INFO]	1-16    SUCCESS               33.33 (199.94%) [1 edit(s)] [cached] 
2024-11-05 09:24:25,435	[DEBUG]	patch(1-16)="SrcmlStmtInsertion(('DETECT_CYCLE.java.xml', '_inter_block', 10), ('DETECT_CYCLE.java.xml', 'stmt', 8))"
2024-11-05 09:24:25,854	[INFO]	1-17    SUCCESS               50.00 (299.94%) [2 edit(s)]  
2024-11-05 09:24:25,854	[DEBUG]	patch(1-17)="SrcmlStmtInsertion(('DETECT_CYCLE.java.xml', '_inter_block', 13), ('DETECT_CYCLE.java.xml', 'stmt', 7)) | SrcmlStmtDeletion(('DETECT_CYCLE.java.xml', 'stmt', 4))"
2024-11-05 09:24:25,855	[INFO]	1-18    SUCCESS               50.00 (299.94%) [1 edit(s)] [cached] 
2024-11-05 09:24:25,855	[DEBUG]	patch(1-18)="SrcmlStmtInsertion(('DETECT_CYCLE.java.xml', '_inter_block', 6), ('DETECT_CYCLE.java.xml', 'stmt', 7))"
2024-11-05 09:24:25,855	[INFO]	1-19    SUCCESS               33.33 (199.94%) [1 edit(s)] [cached] 
2024-11-05 09:24:25,855	[DEBUG]	patch(1-19)="SrcmlStmtReplacement(('DETECT_CYCLE.java.xml', 'stmt', 7), ('DETECT_CYCLE.java.xml', 'stmt', 8))"
2024-11-05 09:24:25,855	[INFO]	1-20    SUCCESS               50.00 (299.94%) [1 edit(s)] [cached] 
2024-11-05 09:24:25,855	[DEBUG]	patch(1-20)="SrcmlStmtDeletion(('DETECT_CYCLE.java.xml', 'stmt', 6))"
2024-11-05 09:24:25,855	[INFO]	1-21    SUCCESS               66.67 (399.94%) [1 edit(s)] [cached] 
2024-11-05 09:24:25,855	[DEBUG]	patch(1-21)="SrcmlStmtDeletion(('DETECT_CYCLE.java.xml', 'stmt', 8))"
2024-11-05 09:24:25,855	[INFO]	1-22    SUCCESS               66.67 (399.94%) [1 edit(s)] [cached] 
2024-11-05 09:24:25,855	[DEBUG]	patch(1-22)="SrcmlStmtDeletion(('DETECT_CYCLE.java.xml', 'stmt', 7))"
2024-11-05 09:24:25,856	[INFO]	1-23    COMPILE_CODE_ERROR    None (--) [2 edit(s)] [cached] 
2024-11-05 09:24:25,856	[DEBUG]	patch(1-23)="SrcmlStmtReplacement(('DETECT_CYCLE.java.xml', 'stmt', 5), ('DETECT_CYCLE.java.xml', 'stmt', 5)) | SrcmlStmtReplacement(('DETECT_CYCLE.java.xml', 'stmt', 5), ('DETECT_CYCLE.java.xml', 'stmt', 4))"
2024-11-05 09:24:26,191	[INFO]	1-24    COMPILE_CODE_ERROR    None (--) [2 edit(s)]  
2024-11-05 09:24:26,191	[DEBUG]	patch(1-24)="SrcmlStmtInsertion(('DETECT_CYCLE.java.xml', '_inter_block', 13), ('DETECT_CYCLE.java.xml', 'stmt', 3)) | SrcmlStmtInsertion(('DETECT_CYCLE.java.xml', '_inter_block', 7), ('DETECT_CYCLE.java.xml', 'stmt', 2))"
2024-11-05 09:24:26,191	[INFO]	1-25    SUCCESS               16.67 (100.00%) [0 edit(s)] [cached] 
2024-11-05 09:24:26,191	[DEBUG]	patch(1-25)=""
2024-11-05 09:24:26,192	[INFO]	1-26    SUCCESS               16.67 (100.00%) [0 edit(s)] [cached] 
2024-11-05 09:24:26,192	[DEBUG]	patch(1-26)=""
2024-11-05 09:24:26,507	[INFO]	1-27    COMPILE_CODE_ERROR    None (--) [2 edit(s)]  
2024-11-05 09:24:26,508	[DEBUG]	patch(1-27)="SrcmlStmtInsertion(('DETECT_CYCLE.java.xml', '_inter_block', 13), ('DETECT_CYCLE.java.xml', 'stmt', 7)) | SrcmlStmtDeletion(('DETECT_CYCLE.java.xml', 'stmt', 0))"
2024-11-05 09:24:26,508	[INFO]	1-28    SUCCESS               16.67 (100.00%) [0 edit(s)] [cached] 
2024-11-05 09:24:26,508	[DEBUG]	patch(1-28)=""
2024-11-05 09:24:26,824	[INFO]	1-29    COMPILE_CODE_ERROR    None (--) [2 edit(s)]  
2024-11-05 09:24:26,824	[DEBUG]	patch(1-29)="SrcmlStmtInsertion(('DETECT_CYCLE.java.xml', '_inter_block', 10), ('DETECT_CYCLE.java.xml', 'stmt', 3)) | SrcmlStmtInsertion(('DETECT_CYCLE.java.xml', '_inter_block', 1), ('DETECT_CYCLE.java.xml', 'stmt', 1))"
2024-11-05 09:24:27,246	[INFO]	1-30    SUCCESS               16.67 (100.00%) [2 edit(s)]  
2024-11-05 09:24:27,246	[DEBUG]	patch(1-30)="SrcmlStmtInsertion(('DETECT_CYCLE.java.xml', '_inter_block', 10), ('DETECT_CYCLE.java.xml', 'stmt', 2)) | SrcmlStmtInsertion(('DETECT_CYCLE.java.xml', '_inter_block', 8), ('DETECT_CYCLE.java.xml', 'stmt', 7))"
2024-11-05 09:24:27,247	[INFO]	1-31    SUCCESS               16.67 (100.00%) [0 edit(s)] [cached] 
2024-11-05 09:24:27,247	[DEBUG]	patch(1-31)=""
2024-11-05 09:24:27,247	[INFO]	1-32    SUCCESS               16.67 (100.00%) [0 edit(s)] [cached] 
2024-11-05 09:24:27,247	[DEBUG]	patch(1-32)=""
2024-11-05 09:24:27,497	[INFO]	1-33    COMPILE_CODE_ERROR    None (--) [2 edit(s)]  
2024-11-05 09:24:27,497	[DEBUG]	patch(1-33)="SrcmlStmtInsertion(('DETECT_CYCLE.java.xml', '_inter_block', 8), ('DETECT_CYCLE.java.xml', 'stmt', 5)) | SrcmlStmtInsertion(('DETECT_CYCLE.java.xml', '_inter_block', 0), ('DETECT_CYCLE.java.xml', 'stmt', 6))"
2024-11-05 09:24:27,497	[INFO]	1-34    SUCCESS               16.67 (100.00%) [0 edit(s)] [cached] 
2024-11-05 09:24:27,497	[DEBUG]	patch(1-34)=""
2024-11-05 09:24:27,498	[INFO]	1-35    SUCCESS               50.00 (299.94%) [2 edit(s)] [cached] 
2024-11-05 09:24:27,498	[DEBUG]	patch(1-35)="SrcmlStmtDeletion(('DETECT_CYCLE.java.xml', 'stmt', 4)) | SrcmlStmtDeletion(('DETECT_CYCLE.java.xml', 'stmt', 4))"
2024-11-05 09:24:27,498	[INFO]	1-36    SUCCESS               16.67 (100.00%) [0 edit(s)] [cached] 
2024-11-05 09:24:27,498	[DEBUG]	patch(1-36)=""
2024-11-05 09:24:27,813	[INFO]	1-37    COMPILE_CODE_ERROR    None (--) [2 edit(s)]  
2024-11-05 09:24:27,814	[DEBUG]	patch(1-37)="SrcmlStmtDeletion(('DETECT_CYCLE.java.xml', 'stmt', 3)) | SrcmlStmtInsertion(('DETECT_CYCLE.java.xml', '_inter_block', 9), ('DETECT_CYCLE.java.xml', 'stmt', 4))"
2024-11-05 09:24:27,814	[INFO]	1-38    SUCCESS               16.67 (100.00%) [0 edit(s)] [cached] 
2024-11-05 09:24:27,814	[DEBUG]	patch(1-38)=""
2024-11-05 09:24:28,245	[INFO]	1-39    SUCCESS               50.00 (299.94%) [1 edit(s)]  
2024-11-05 09:24:28,245	[DEBUG]	patch(1-39)="SrcmlStmtReplacement(('DETECT_CYCLE.java.xml', 'stmt', 3), ('DETECT_CYCLE.java.xml', 'stmt', 6))"
2024-11-05 09:24:28,494	[INFO]	1-40    COMPILE_CODE_ERROR    None (--) [1 edit(s)]  
2024-11-05 09:24:28,494	[DEBUG]	patch(1-40)="SrcmlStmtInsertion(('DETECT_CYCLE.java.xml', '_inter_block', 1), ('DETECT_CYCLE.java.xml', 'stmt', 8))"
2024-11-05 09:24:28,494	[INFO]	REF     SUCCESS               16.67 (--) [0 edit(s)] [cached] 
2024-11-05 09:24:28,496	[INFO]	2-1     SUCCESS              +16.67 (100.00%) [0 edit(s)] [cached] 
2024-11-05 09:24:28,496	[DEBUG]	patch(2-1)=""
2024-11-05 09:24:28,496	[INFO]	2-2     SUCCESS               16.67 (100.00%) [1 edit(s)] [cached] 
2024-11-05 09:24:28,496	[DEBUG]	patch(2-2)="SrcmlStmtInsertion(('DETECT_CYCLE.java.xml', '_inter_block', 13), ('DETECT_CYCLE.java.xml', 'stmt', 3))"
2024-11-05 09:24:28,496	[INFO]	2-3     SUCCESS               16.67 (100.00%) [1 edit(s)] [cached] 
2024-11-05 09:24:28,496	[DEBUG]	patch(2-3)="SrcmlStmtInsertion(('DETECT_CYCLE.java.xml', '_inter_block', 7), ('DETECT_CYCLE.java.xml', 'stmt', 3))"
2024-11-05 09:24:28,497	[INFO]	2-4     SUCCESS               16.67 (100.00%) [2 edit(s)] [cached] 
2024-11-05 09:24:28,497	[DEBUG]	patch(2-4)="SrcmlStmtInsertion(('DETECT_CYCLE.java.xml', '_inter_block', 10), ('DETECT_CYCLE.java.xml', 'stmt', 2)) | SrcmlStmtInsertion(('DETECT_CYCLE.java.xml', '_inter_block', 8), ('DETECT_CYCLE.java.xml', 'stmt', 7))"
2024-11-05 09:24:28,497	[INFO]	2-5     SUCCESS               50.00 (299.94%) [1 edit(s)] [cached] 
2024-11-05 09:24:28,497	[DEBUG]	patch(2-5)="SrcmlStmtDeletion(('DETECT_CYCLE.java.xml', 'stmt', 4))"
2024-11-05 09:24:28,924	[INFO]	2-6     SUCCESS               33.33 (199.94%) [2 edit(s)]  
2024-11-05 09:24:28,924	[DEBUG]	patch(2-6)="SrcmlStmtInsertion(('DETECT_CYCLE.java.xml', '_inter_block', 13), ('DETECT_CYCLE.java.xml', 'stmt', 3)) | SrcmlStmtInsertion(('DETECT_CYCLE.java.xml', '_inter_block', 10), ('DETECT_CYCLE.java.xml', 'stmt', 8))"
2024-11-05 09:24:28,925	[INFO]	2-7     SUCCESS               16.67 (100.00%) [1 edit(s)] [cached] 
2024-11-05 09:24:28,925	[DEBUG]	patch(2-7)="SrcmlStmtInsertion(('DETECT_CYCLE.java.xml', '_inter_block', 7), ('DETECT_CYCLE.java.xml', 'stmt', 3))"
2024-11-05 09:24:28,925	[INFO]	2-8     SUCCESS               16.67 (100.00%) [1 edit(s)] [cached] 
2024-11-05 09:24:28,925	[DEBUG]	patch(2-8)="SrcmlStmtInsertion(('DETECT_CYCLE.java.xml', '_inter_block', 10), ('DETECT_CYCLE.java.xml', 'stmt', 3))"
2024-11-05 09:24:28,925	[INFO]	2-9     SUCCESS               50.00 (299.94%) [1 edit(s)] [cached] 
2024-11-05 09:24:28,925	[DEBUG]	patch(2-9)="SrcmlStmtDeletion(('DETECT_CYCLE.java.xml', 'stmt', 4))"
2024-11-05 09:24:28,925	[INFO]	2-10    SUCCESS               33.33 (199.94%) [2 edit(s)] [cached] 
2024-11-05 09:24:28,925	[DEBUG]	patch(2-10)="SrcmlStmtReplacement(('DETECT_CYCLE.java.xml', 'stmt', 7), ('DETECT_CYCLE.java.xml', 'stmt', 8)) | SrcmlStmtReplacement(('DETECT_CYCLE.java.xml', 'stmt', 5), ('DETECT_CYCLE.java.xml', 'stmt', 5))"
2024-11-05 09:24:28,926	[INFO]	2-11    SUCCESS               16.67 (100.00%) [1 edit(s)] [cached] 
2024-11-05 09:24:28,926	[DEBUG]	patch(2-11)="SrcmlStmtReplacement(('DETECT_CYCLE.java.xml', 'stmt', 6), ('DETECT_CYCLE.java.xml', 'stmt', 6))"
2024-11-05 09:24:28,926	[INFO]	2-12    SUCCESS               16.67 (100.00%) [2 edit(s)] [cached] 
2024-11-05 09:24:28,926	[DEBUG]	patch(2-12)="SrcmlStmtInsertion(('DETECT_CYCLE.java.xml', '_inter_block', 6), ('DETECT_CYCLE.java.xml', 'stmt', 3)) | SrcmlStmtReplacement(('DETECT_CYCLE.java.xml', 'stmt', 6), ('DETECT_CYCLE.java.xml', 'stmt', 6))"
2024-11-05 09:24:28,926	[INFO]	2-13    SUCCESS               33.33 (199.94%) [1 edit(s)] [cached] 
2024-11-05 09:24:28,926	[DEBUG]	patch(2-13)="SrcmlStmtReplacement(('DETECT_CYCLE.java.xml', 'stmt', 7), ('DETECT_CYCLE.java.xml', 'stmt', 8))"
2024-11-05 09:24:29,345	[INFO]	2-14    SUCCESS               50.00 (299.94%) [3 edit(s)]  
2024-11-05 09:24:29,345	[DEBUG]	patch(2-14)="SrcmlStmtInsertion(('DETECT_CYCLE.java.xml', '_inter_block', 10), ('DETECT_CYCLE.java.xml', 'stmt', 8)) | SrcmlStmtInsertion(('DETECT_CYCLE.java.xml', '_inter_block', 13), ('DETECT_CYCLE.java.xml', 'stmt', 7)) | SrcmlStmtDeletion(('DETECT_CYCLE.java.xml', 'stmt', 4))"
2024-11-05 09:24:29,345	[INFO]	2-15    SUCCESS               33.33 (199.94%) [1 edit(s)] [cached] 
2024-11-05 09:24:29,346	[DEBUG]	patch(2-15)="SrcmlStmtDeletion(('DETECT_CYCLE.java.xml', 'stmt', 5))"
2024-11-05 09:24:29,346	[INFO]	2-16    SUCCESS               33.33 (199.94%) [2 edit(s)] [cached] 
2024-11-05 09:24:29,346	[DEBUG]	patch(2-16)="SrcmlStmtInsertion(('DETECT_CYCLE.java.xml', '_inter_block', 8), ('DETECT_CYCLE.java.xml', 'stmt', 5)) | SrcmlStmtInsertion(('DETECT_CYCLE.java.xml', '_inter_block', 13), ('DETECT_CYCLE.java.xml', 'stmt', 3))"
2024-11-05 09:24:29,346	[INFO]	2-17    SUCCESS               16.67 (100.00%) [1 edit(s)] [cached] 
2024-11-05 09:24:29,346	[DEBUG]	patch(2-17)="SrcmlStmtInsertion(('DETECT_CYCLE.java.xml', '_inter_block', 13), ('DETECT_CYCLE.java.xml', 'stmt', 7))"
2024-11-05 09:24:29,346	[INFO]	2-18    SUCCESS               50.00 (299.94%) [1 edit(s)] [cached] 
2024-11-05 09:24:29,346	[DEBUG]	patch(2-18)="SrcmlStmtInsertion(('DETECT_CYCLE.java.xml', '_inter_block', 6), ('DETECT_CYCLE.java.xml', 'stmt', 7))"
2024-11-05 09:24:29,347	[INFO]	2-19    SUCCESS               16.67 (100.00%) [1 edit(s)] [cached] 
2024-11-05 09:24:29,347	[DEBUG]	patch(2-19)="SrcmlStmtReplacement(('DETECT_CYCLE.java.xml', 'stmt', 5), ('DETECT_CYCLE.java.xml', 'stmt', 5))"
2024-11-05 09:24:29,347	[INFO]	2-20    SUCCESS               50.00 (299.94%) [1 edit(s)] [cached] 
2024-11-05 09:24:29,347	[DEBUG]	patch(2-20)="SrcmlStmtDeletion(('DETECT_CYCLE.java.xml', 'stmt', 4))"
2024-11-05 09:24:29,347	[INFO]	2-21    SUCCESS               66.67 (399.94%) [2 edit(s)] [cached] 
2024-11-05 09:24:29,347	[DEBUG]	patch(2-21)="SrcmlStmtInsertion(('DETECT_CYCLE.java.xml', '_inter_block', 13), ('DETECT_CYCLE.java.xml', 'stmt', 3)) | SrcmlStmtDeletion(('DETECT_CYCLE.java.xml', 'stmt', 7))"
2024-11-05 09:24:29,347	[INFO]	2-22    SUCCESS               50.00 (299.94%) [1 edit(s)] [cached] 
2024-11-05 09:24:29,347	[DEBUG]	patch(2-22)="SrcmlStmtReplacement(('DETECT_CYCLE.java.xml', 'stmt', 3), ('DETECT_CYCLE.java.xml', 'stmt', 6))"
2024-11-05 09:24:29,347	[INFO]	2-23    SUCCESS               16.67 (100.00%) [1 edit(s)] [cached] 
2024-11-05 09:24:29,347	[DEBUG]	patch(2-23)="SrcmlStmtInsertion(('DETECT_CYCLE.java.xml', '_inter_block', 10), ('DETECT_CYCLE.java.xml', 'stmt', 3))"
2024-11-05 09:24:29,348	[INFO]	2-24    SUCCESS               66.67 (399.94%) [1 edit(s)] [cached] 
2024-11-05 09:24:29,348	[DEBUG]	patch(2-24)="SrcmlStmtDeletion(('DETECT_CYCLE.java.xml', 'stmt', 7))"
2024-11-05 09:24:29,348	[INFO]	2-25    SUCCESS               50.00 (299.94%) [1 edit(s)] [cached] 
2024-11-05 09:24:29,348	[DEBUG]	patch(2-25)="SrcmlStmtDeletion(('DETECT_CYCLE.java.xml', 'stmt', 3))"
2024-11-05 09:24:29,348	[INFO]	2-26    SUCCESS               16.67 (100.00%) [0 edit(s)] [cached] 
2024-11-05 09:24:29,348	[DEBUG]	patch(2-26)=""
2024-11-05 09:24:29,348	[INFO]	2-27    SUCCESS               16.67 (100.00%) [0 edit(s)] [cached] 
2024-11-05 09:24:29,348	[DEBUG]	patch(2-27)=""
2024-11-05 09:24:29,348	[INFO]	2-28    SUCCESS               16.67 (100.00%) [1 edit(s)] [cached] 
2024-11-05 09:24:29,348	[DEBUG]	patch(2-28)="SrcmlStmtInsertion(('DETECT_CYCLE.java.xml', '_inter_block', 10), ('DETECT_CYCLE.java.xml', 'stmt', 2))"
2024-11-05 09:24:29,348	[INFO]	2-29    SUCCESS               16.67 (100.00%) [0 edit(s)] [cached] 
2024-11-05 09:24:29,349	[DEBUG]	patch(2-29)=""
2024-11-05 09:24:29,349	[INFO]	2-30    SUCCESS               16.67 (100.00%) [0 edit(s)] [cached] 
2024-11-05 09:24:29,349	[DEBUG]	patch(2-30)=""
2024-11-05 09:24:29,349	[INFO]	2-31    SUCCESS               16.67 (100.00%) [0 edit(s)] [cached] 
2024-11-05 09:24:29,349	[DEBUG]	patch(2-31)=""
2024-11-05 09:24:29,349	[INFO]	2-32    SUCCESS               16.67 (100.00%) [0 edit(s)] [cached] 
2024-11-05 09:24:29,349	[DEBUG]	patch(2-32)=""
2024-11-05 09:24:29,349	[INFO]	2-33    SUCCESS               16.67 (100.00%) [0 edit(s)] [cached] 
2024-11-05 09:24:29,349	[DEBUG]	patch(2-33)=""
2024-11-05 09:24:29,349	[INFO]	2-34    SUCCESS               16.67 (100.00%) [0 edit(s)] [cached] 
2024-11-05 09:24:29,349	[DEBUG]	patch(2-34)=""
2024-11-05 09:24:29,350	[INFO]	2-35    SUCCESS               16.67 (100.00%) [1 edit(s)] [cached] 
2024-11-05 09:24:29,350	[DEBUG]	patch(2-35)="SrcmlStmtInsertion(('DETECT_CYCLE.java.xml', '_inter_block', 13), ('DETECT_CYCLE.java.xml', 'stmt', 3))"
2024-11-05 09:24:29,350	[INFO]	2-36    SUCCESS               16.67 (100.00%) [0 edit(s)] [cached] 
2024-11-05 09:24:29,350	[DEBUG]	patch(2-36)=""
2024-11-05 09:24:29,781	[INFO]	2-37    SUCCESS               33.33 (199.94%) [3 edit(s)]  
2024-11-05 09:24:29,781	[DEBUG]	patch(2-37)="SrcmlStmtInsertion(('DETECT_CYCLE.java.xml', '_inter_block', 13), ('DETECT_CYCLE.java.xml', 'stmt', 7)) | SrcmlStmtReplacement(('DETECT_CYCLE.java.xml', 'stmt', 7), ('DETECT_CYCLE.java.xml', 'stmt', 8)) | SrcmlStmtInsertion(('DETECT_CYCLE.java.xml', '_inter_block', 8), ('DETECT_CYCLE.java.xml', 'stmt', 6))"
2024-11-05 09:24:30,212	[INFO]	2-38    SUCCESS               50.00 (299.94%) [2 edit(s)]  
2024-11-05 09:24:30,212	[DEBUG]	patch(2-38)="SrcmlStmtInsertion(('DETECT_CYCLE.java.xml', '_inter_block', 6), ('DETECT_CYCLE.java.xml', 'stmt', 7)) | SrcmlStmtDeletion(('DETECT_CYCLE.java.xml', 'stmt', 4))"
2024-11-05 09:24:30,213	[INFO]	2-39    SUCCESS               16.67 (100.00%) [1 edit(s)] [cached] 
2024-11-05 09:24:30,213	[DEBUG]	patch(2-39)="SrcmlStmtInsertion(('DETECT_CYCLE.java.xml', '_inter_block', 13), ('DETECT_CYCLE.java.xml', 'stmt', 7))"
2024-11-05 09:24:30,470	[INFO]	2-40    COMPILE_CODE_ERROR    None (--) [3 edit(s)]  
2024-11-05 09:24:30,470	[DEBUG]	patch(2-40)="SrcmlStmtDeletion(('DETECT_CYCLE.java.xml', 'stmt', 4)) | SrcmlStmtDeletion(('DETECT_CYCLE.java.xml', 'stmt', 4)) | SrcmlStmtInsertion(('DETECT_CYCLE.java.xml', '_inter_block', 0), ('DETECT_CYCLE.java.xml', 'stmt', 8))"
2024-11-05 09:24:30,470	[INFO]	REF     SUCCESS               16.67 (--) [0 edit(s)] [cached] 
2024-11-05 09:24:30,472	[INFO]	3-1     SUCCESS              +16.67 (100.00%) [0 edit(s)] [cached] 
2024-11-05 09:24:30,472	[DEBUG]	patch(3-1)=""
2024-11-05 09:24:30,472	[INFO]	3-2     SUCCESS               16.67 (100.00%) [1 edit(s)] [cached] 
2024-11-05 09:24:30,472	[DEBUG]	patch(3-2)="SrcmlStmtInsertion(('DETECT_CYCLE.java.xml', '_inter_block', 13), ('DETECT_CYCLE.java.xml', 'stmt', 3))"
2024-11-05 09:24:30,472	[INFO]	3-3     SUCCESS               16.67 (100.00%) [1 edit(s)] [cached] 
2024-11-05 09:24:30,472	[DEBUG]	patch(3-3)="SrcmlStmtInsertion(('DETECT_CYCLE.java.xml', '_inter_block', 10), ('DETECT_CYCLE.java.xml', 'stmt', 2))"
2024-11-05 09:24:30,473	[INFO]	3-4     SUCCESS               16.67 (100.00%) [2 edit(s)] [cached] 
2024-11-05 09:24:30,473	[DEBUG]	patch(3-4)="SrcmlStmtInsertion(('DETECT_CYCLE.java.xml', '_inter_block', 6), ('DETECT_CYCLE.java.xml', 'stmt', 3)) | SrcmlStmtReplacement(('DETECT_CYCLE.java.xml', 'stmt', 6), ('DETECT_CYCLE.java.xml', 'stmt', 6))"
2024-11-05 09:24:30,473	[INFO]	3-5     SUCCESS               33.33 (199.94%) [2 edit(s)] [cached] 
2024-11-05 09:24:30,473	[DEBUG]	patch(3-5)="SrcmlStmtInsertion(('DETECT_CYCLE.java.xml', '_inter_block', 13), ('DETECT_CYCLE.java.xml', 'stmt', 3)) | SrcmlStmtInsertion(('DETECT_CYCLE.java.xml', '_inter_block', 10), ('DETECT_CYCLE.java.xml', 'stmt', 8))"
2024-11-05 09:24:30,473	[INFO]	3-6     SUCCESS               16.67 (100.00%) [1 edit(s)] [cached] 
2024-11-05 09:24:30,473	[DEBUG]	patch(3-6)="SrcmlStmtInsertion(('DETECT_CYCLE.java.xml', '_inter_block', 13), ('DETECT_CYCLE.java.xml', 'stmt', 3))"
2024-11-05 09:24:30,904	[INFO]	3-7     SUCCESS               16.67 (100.00%) [2 edit(s)]  
2024-11-05 09:24:30,904	[DEBUG]	patch(3-7)="SrcmlStmtInsertion(('DETECT_CYCLE.java.xml', '_inter_block', 7), ('DETECT_CYCLE.java.xml', 'stmt', 3)) | SrcmlStmtInsertion(('DETECT_CYCLE.java.xml', '_inter_block', 10), ('DETECT_CYCLE.java.xml', 'stmt', 2))"
2024-11-05 09:24:30,904	[INFO]	3-8     SUCCESS               16.67 (100.00%) [1 edit(s)] [cached] 
2024-11-05 09:24:30,904	[DEBUG]	patch(3-8)="SrcmlStmtReplacement(('DETECT_CYCLE.java.xml', 'stmt', 6), ('DETECT_CYCLE.java.xml', 'stmt', 6))"
2024-11-05 09:24:31,356	[INFO]	3-9     SUCCESS               50.00 (299.94%) [2 edit(s)]  
2024-11-05 09:24:31,356	[DEBUG]	patch(3-9)="SrcmlStmtInsertion(('DETECT_CYCLE.java.xml', '_inter_block', 13), ('DETECT_CYCLE.java.xml', 'stmt', 7)) | SrcmlStmtReplacement(('DETECT_CYCLE.java.xml', 'stmt', 3), ('DETECT_CYCLE.java.xml', 'stmt', 6))"
2024-11-05 09:24:31,356	[INFO]	3-10    SUCCESS               16.67 (100.00%) [1 edit(s)] [cached] 
2024-11-05 09:24:31,356	[DEBUG]	patch(3-10)="SrcmlStmtInsertion(('DETECT_CYCLE.java.xml', '_inter_block', 7), ('DETECT_CYCLE.java.xml', 'stmt', 3))"
2024-11-05 09:24:31,356	[INFO]	3-11    SUCCESS               16.67 (100.00%) [2 edit(s)] [cached] 
2024-11-05 09:24:31,356	[DEBUG]	patch(3-11)="SrcmlStmtInsertion(('DETECT_CYCLE.java.xml', '_inter_block', 10), ('DETECT_CYCLE.java.xml', 'stmt', 2)) | SrcmlStmtInsertion(('DETECT_CYCLE.java.xml', '_inter_block', 8), ('DETECT_CYCLE.java.xml', 'stmt', 7))"
2024-11-05 09:24:31,357	[INFO]	3-12    SUCCESS               16.67 (100.00%) [1 edit(s)] [cached] 
2024-11-05 09:24:31,357	[DEBUG]	patch(3-12)="SrcmlStmtInsertion(('DETECT_CYCLE.java.xml', '_inter_block', 10), ('DETECT_CYCLE.java.xml', 'stmt', 3))"
2024-11-05 09:24:31,357	[INFO]	3-13    SUCCESS               16.67 (100.00%) [1 edit(s)] [cached] 
2024-11-05 09:24:31,357	[DEBUG]	patch(3-13)="SrcmlStmtInsertion(('DETECT_CYCLE.java.xml', '_inter_block', 13), ('DETECT_CYCLE.java.xml', 'stmt', 7))"
2024-11-05 09:24:31,357	[INFO]	3-14    SUCCESS               16.67 (100.00%) [1 edit(s)] [cached] 
2024-11-05 09:24:31,357	[DEBUG]	patch(3-14)="SrcmlStmtReplacement(('DETECT_CYCLE.java.xml', 'stmt', 6), ('DETECT_CYCLE.java.xml', 'stmt', 6))"
2024-11-05 09:24:31,357	[INFO]	3-15    SUCCESS               16.67 (100.00%) [2 edit(s)] [cached] 
2024-11-05 09:24:31,357	[DEBUG]	patch(3-15)="SrcmlStmtDeletion(('DETECT_CYCLE.java.xml', 'stmt', 5)) | SrcmlStmtReplacement(('DETECT_CYCLE.java.xml', 'stmt', 5), ('DETECT_CYCLE.java.xml', 'stmt', 5))"
2024-11-05 09:24:31,358	[INFO]	3-16    SUCCESS               50.00 (299.94%) [1 edit(s)] [cached] 
2024-11-05 09:24:31,358	[DEBUG]	patch(3-16)="SrcmlStmtDeletion(('DETECT_CYCLE.java.xml', 'stmt', 3))"
2024-11-05 09:24:31,358	[INFO]	3-17    SUCCESS               66.67 (399.94%) [1 edit(s)] [cached] 
2024-11-05 09:24:31,358	[DEBUG]	patch(3-17)="SrcmlStmtDeletion(('DETECT_CYCLE.java.xml', 'stmt', 7))"
2024-11-05 09:24:31,787	[INFO]	3-18    SUCCESS               50.00 (299.94%) [2 edit(s)]  
2024-11-05 09:24:31,787	[DEBUG]	patch(3-18)="SrcmlStmtDeletion(('DETECT_CYCLE.java.xml', 'stmt', 4)) | SrcmlStmtInsertion(('DETECT_CYCLE.java.xml', '_inter_block', 8), ('DETECT_CYCLE.java.xml', 'stmt', 5))"
2024-11-05 09:24:31,788	[INFO]	3-19    SUCCESS               33.33 (199.94%) [2 edit(s)] [cached] 
2024-11-05 09:24:31,788	[DEBUG]	patch(3-19)="SrcmlStmtReplacement(('DETECT_CYCLE.java.xml', 'stmt', 6), ('DETECT_CYCLE.java.xml', 'stmt', 6)) | SrcmlStmtReplacement(('DETECT_CYCLE.java.xml', 'stmt', 7), ('DETECT_CYCLE.java.xml', 'stmt', 8))"
2024-11-05 09:24:31,788	[INFO]	3-20    SUCCESS               50.00 (299.94%) [1 edit(s)] [cached] 
2024-11-05 09:24:31,788	[DEBUG]	patch(3-20)="SrcmlStmtInsertion(('DETECT_CYCLE.java.xml', '_inter_block', 6), ('DETECT_CYCLE.java.xml', 'stmt', 7))"
2024-11-05 09:24:31,788	[INFO]	3-21    SUCCESS               50.00 (299.94%) [1 edit(s)] [cached] 
2024-11-05 09:24:31,788	[DEBUG]	patch(3-21)="SrcmlStmtInsertion(('DETECT_CYCLE.java.xml', '_inter_block', 6), ('DETECT_CYCLE.java.xml', 'stmt', 7))"
2024-11-05 09:24:32,225	[INFO]	3-22    SUCCESS               50.00 (299.94%) [2 edit(s)]  
2024-11-05 09:24:32,225	[DEBUG]	patch(3-22)="SrcmlStmtDeletion(('DETECT_CYCLE.java.xml', 'stmt', 5)) | SrcmlStmtInsertion(('DETECT_CYCLE.java.xml', '_inter_block', 6), ('DETECT_CYCLE.java.xml', 'stmt', 7))"
2024-11-05 09:24:32,225	[INFO]	3-23    SUCCESS               50.00 (299.94%) [1 edit(s)] [cached] 
2024-11-05 09:24:32,225	[DEBUG]	patch(3-23)="SrcmlStmtDeletion(('DETECT_CYCLE.java.xml', 'stmt', 4))"
2024-11-05 09:24:32,226	[INFO]	3-24    SUCCESS               16.67 (100.00%) [1 edit(s)] [cached] 
2024-11-05 09:24:32,226	[DEBUG]	patch(3-24)="SrcmlStmtInsertion(('DETECT_CYCLE.java.xml', '_inter_block', 13), ('DETECT_CYCLE.java.xml', 'stmt', 7))"
2024-11-05 09:24:32,226	[INFO]	3-25    SUCCESS               50.00 (299.94%) [1 edit(s)] [cached] 
2024-11-05 09:24:32,226	[DEBUG]	patch(3-25)="SrcmlStmtDeletion(('DETECT_CYCLE.java.xml', 'stmt', 3))"
2024-11-05 09:24:32,546	[INFO]	3-26    COMPILE_CODE_ERROR    None (--) [2 edit(s)]  
2024-11-05 09:24:32,546	[DEBUG]	patch(3-26)="SrcmlStmtInsertion(('DETECT_CYCLE.java.xml', '_inter_block', 13), ('DETECT_CYCLE.java.xml', 'stmt', 3)) | SrcmlStmtInsertion(('DETECT_CYCLE.java.xml', '_inter_block', 4), ('DETECT_CYCLE.java.xml', 'stmt', 8))"
2024-11-05 09:24:32,975	[INFO]	3-27    SUCCESS               16.67 (100.00%) [2 edit(s)]  
2024-11-05 09:24:32,975	[DEBUG]	patch(3-27)="SrcmlStmtInsertion(('DETECT_CYCLE.java.xml', '_inter_block', 10), ('DETECT_CYCLE.java.xml', 'stmt', 2)) | SrcmlStmtInsertion(('DETECT_CYCLE.java.xml', '_inter_block', 13), ('DETECT_CYCLE.java.xml', 'stmt', 6))"
2024-11-05 09:24:33,292	[INFO]	3-28    COMPILE_CODE_ERROR    None (--) [3 edit(s)]  
2024-11-05 09:24:33,292	[DEBUG]	patch(3-28)="SrcmlStmtInsertion(('DETECT_CYCLE.java.xml', '_inter_block', 6), ('DETECT_CYCLE.java.xml', 'stmt', 3)) | SrcmlStmtReplacement(('DETECT_CYCLE.java.xml', 'stmt', 6), ('DETECT_CYCLE.java.xml', 'stmt', 6)) | SrcmlStmtReplacement(('DETECT_CYCLE.java.xml', 'stmt', 0), ('DETECT_CYCLE.java.xml', 'stmt', 5))"
2024-11-05 09:24:33,608	[INFO]	3-29    COMPILE_CODE_ERROR    None (--) [2 edit(s)]  
2024-11-05 09:24:33,608	[DEBUG]	patch(3-29)="SrcmlStmtInsertion(('DETECT_CYCLE.java.xml', '_inter_block', 13), ('DETECT_CYCLE.java.xml', 'stmt', 7)) | SrcmlStmtInsertion(('DETECT_CYCLE.java.xml', '_inter_block', 2), ('DETECT_CYCLE.java.xml', 'stmt', 1))"
2024-11-05 09:24:33,927	[INFO]	3-30    COMPILE_CODE_ERROR    None (--) [2 edit(s)]  
2024-11-05 09:24:33,927	[DEBUG]	patch(3-30)="SrcmlStmtInsertion(('DETECT_CYCLE.java.xml', '_inter_block', 7), ('DETECT_CYCLE.java.xml', 'stmt', 3)) | SrcmlStmtReplacement(('DETECT_CYCLE.java.xml', 'stmt', 0), ('DETECT_CYCLE.java.xml', 'stmt', 2))"
2024-11-05 09:24:34,359	[INFO]	3-31    SUCCESS               33.33 (199.94%) [3 edit(s)]  
2024-11-05 09:24:34,359	[DEBUG]	patch(3-31)="SrcmlStmtInsertion(('DETECT_CYCLE.java.xml', '_inter_block', 10), ('DETECT_CYCLE.java.xml', 'stmt', 2)) | SrcmlStmtInsertion(('DETECT_CYCLE.java.xml', '_inter_block', 8), ('DETECT_CYCLE.java.xml', 'stmt', 7)) | SrcmlStmtDeletion(('DETECT_CYCLE.java.xml', 'stmt', 7))"
2024-11-05 09:24:34,359	[INFO]	3-32    SUCCESS               16.67 (100.00%) [0 edit(s)] [cached] 
2024-11-05 09:24:34,359	[DEBUG]	patch(3-32)=""
2024-11-05 09:24:34,360	[INFO]	3-33    COMPILE_CODE_ERROR    None (--) [2 edit(s)] [cached] 
2024-11-05 09:24:34,360	[DEBUG]	patch(3-33)="SrcmlStmtReplacement(('DETECT_CYCLE.java.xml', 'stmt', 5), ('DETECT_CYCLE.java.xml', 'stmt', 5)) | SrcmlStmtInsertion(('DETECT_CYCLE.java.xml', '_inter_block', 5), ('DETECT_CYCLE.java.xml', 'stmt', 5))"
2024-11-05 09:24:34,360	[INFO]	3-34    SUCCESS               16.67 (100.00%) [0 edit(s)] [cached] 
2024-11-05 09:24:34,360	[DEBUG]	patch(3-34)=""
2024-11-05 09:24:34,360	[INFO]	3-35    SUCCESS               16.67 (100.00%) [0 edit(s)] [cached] 
2024-11-05 09:24:34,360	[DEBUG]	patch(3-35)=""
2024-11-05 09:24:34,676	[INFO]	3-36    COMPILE_CODE_ERROR    None (--) [2 edit(s)]  
2024-11-05 09:24:34,676	[DEBUG]	patch(3-36)="SrcmlStmtReplacement(('DETECT_CYCLE.java.xml', 'stmt', 7), ('DETECT_CYCLE.java.xml', 'stmt', 8)) | SrcmlStmtInsertion(('DETECT_CYCLE.java.xml', '_inter_block', 12), ('DETECT_CYCLE.java.xml', 'stmt', 0))"
2024-11-05 09:24:34,984	[INFO]	3-37    COMPILE_CODE_ERROR    None (--) [3 edit(s)]  
2024-11-05 09:24:34,984	[DEBUG]	patch(3-37)="SrcmlStmtInsertion(('DETECT_CYCLE.java.xml', '_inter_block', 13), ('DETECT_CYCLE.java.xml', 'stmt', 3)) | SrcmlStmtInsertion(('DETECT_CYCLE.java.xml', '_inter_block', 10), ('DETECT_CYCLE.java.xml', 'stmt', 8)) | SrcmlStmtInsertion(('DETECT_CYCLE.java.xml', '_inter_block', 11), ('DETECT_CYCLE.java.xml', 'stmt', 2))"
2024-11-05 09:24:35,412	[INFO]	3-38    SUCCESS               33.33 (199.94%) [3 edit(s)]  
2024-11-05 09:24:35,412	[DEBUG]	patch(3-38)="SrcmlStmtInsertion(('DETECT_CYCLE.java.xml', '_inter_block', 8), ('DETECT_CYCLE.java.xml', 'stmt', 5)) | SrcmlStmtInsertion(('DETECT_CYCLE.java.xml', '_inter_block', 13), ('DETECT_CYCLE.java.xml', 'stmt', 3)) | SrcmlStmtInsertion(('DETECT_CYCLE.java.xml', '_inter_block', 10), ('DETECT_CYCLE.java.xml', 'stmt', 7))"
2024-11-05 09:24:35,727	[INFO]	3-39    COMPILE_CODE_ERROR    None (--) [3 edit(s)]  
2024-11-05 09:24:35,727	[DEBUG]	patch(3-39)="SrcmlStmtReplacement(('DETECT_CYCLE.java.xml', 'stmt', 7), ('DETECT_CYCLE.java.xml', 'stmt', 8)) | SrcmlStmtReplacement(('DETECT_CYCLE.java.xml', 'stmt', 5), ('DETECT_CYCLE.java.xml', 'stmt', 5)) | SrcmlStmtInsertion(('DETECT_CYCLE.java.xml', '_inter_block', 12), ('DETECT_CYCLE.java.xml', 'stmt', 1))"
2024-11-05 09:24:35,728	[INFO]	3-40    SUCCESS               33.33 (199.94%) [2 edit(s)] [cached] 
2024-11-05 09:24:35,728	[DEBUG]	patch(3-40)="SrcmlStmtReplacement(('DETECT_CYCLE.java.xml', 'stmt', 7), ('DETECT_CYCLE.java.xml', 'stmt', 8)) | SrcmlStmtInsertion(('DETECT_CYCLE.java.xml', '_inter_block', 8), ('DETECT_CYCLE.java.xml', 'stmt', 6))"
2024-11-05 09:24:35,728	[INFO]	REF     SUCCESS               16.67 (--) [0 edit(s)] [cached] 
2024-11-05 09:24:35,730	[INFO]	4-1     SUCCESS              +16.67 (100.00%) [0 edit(s)] [cached] 
2024-11-05 09:24:35,730	[DEBUG]	patch(4-1)=""
2024-11-05 09:24:35,730	[INFO]	4-2     SUCCESS               16.67 (100.00%) [1 edit(s)] [cached] 
2024-11-05 09:24:35,730	[DEBUG]	patch(4-2)="SrcmlStmtInsertion(('DETECT_CYCLE.java.xml', '_inter_block', 13), ('DETECT_CYCLE.java.xml', 'stmt', 3))"
2024-11-05 09:24:35,730	[INFO]	4-3     SUCCESS               16.67 (100.00%) [1 edit(s)] [cached] 
2024-11-05 09:24:35,730	[DEBUG]	patch(4-3)="SrcmlStmtInsertion(('DETECT_CYCLE.java.xml', '_inter_block', 10), ('DETECT_CYCLE.java.xml', 'stmt', 2))"
2024-11-05 09:24:35,731	[INFO]	4-4     SUCCESS               16.67 (100.00%) [2 edit(s)] [cached] 
2024-11-05 09:24:35,731	[DEBUG]	patch(4-4)="SrcmlStmtInsertion(('DETECT_CYCLE.java.xml', '_inter_block', 6), ('DETECT_CYCLE.java.xml', 'stmt', 3)) | SrcmlStmtReplacement(('DETECT_CYCLE.java.xml', 'stmt', 6), ('DETECT_CYCLE.java.xml', 'stmt', 6))"
2024-11-05 09:24:35,731	[INFO]	4-5     SUCCESS               33.33 (199.94%) [2 edit(s)] [cached] 
2024-11-05 09:24:35,731	[DEBUG]	patch(4-5)="SrcmlStmtReplacement(('DETECT_CYCLE.java.xml', 'stmt', 6), ('DETECT_CYCLE.java.xml', 'stmt', 6)) | SrcmlStmtReplacement(('DETECT_CYCLE.java.xml', 'stmt', 7), ('DETECT_CYCLE.java.xml', 'stmt', 8))"
2024-11-05 09:24:35,731	[INFO]	4-6     SUCCESS               16.67 (100.00%) [2 edit(s)] [cached] 
2024-11-05 09:24:35,731	[DEBUG]	patch(4-6)="SrcmlStmtInsertion(('DETECT_CYCLE.java.xml', '_inter_block', 6), ('DETECT_CYCLE.java.xml', 'stmt', 3)) | SrcmlStmtInsertion(('DETECT_CYCLE.java.xml', '_inter_block', 13), ('DETECT_CYCLE.java.xml', 'stmt', 3))"
2024-11-05 09:24:35,732	[INFO]	4-7     SUCCESS               33.33 (199.94%) [3 edit(s)] [cached] 
2024-11-05 09:24:35,732	[DEBUG]	patch(4-7)="SrcmlStmtInsertion(('DETECT_CYCLE.java.xml', '_inter_block', 10), ('DETECT_CYCLE.java.xml', 'stmt', 2)) | SrcmlStmtInsertion(('DETECT_CYCLE.java.xml', '_inter_block', 8), ('DETECT_CYCLE.java.xml', 'stmt', 7)) | SrcmlStmtDeletion(('DETECT_CYCLE.java.xml', 'stmt', 7))"
2024-11-05 09:24:35,732	[INFO]	4-8     SUCCESS               16.67 (100.00%) [2 edit(s)] [cached] 
2024-11-05 09:24:35,732	[DEBUG]	patch(4-8)="SrcmlStmtInsertion(('DETECT_CYCLE.java.xml', '_inter_block', 6), ('DETECT_CYCLE.java.xml', 'stmt', 3)) | SrcmlStmtReplacement(('DETECT_CYCLE.java.xml', 'stmt', 6), ('DETECT_CYCLE.java.xml', 'stmt', 6))"
2024-11-05 09:24:35,732	[INFO]	4-9     SUCCESS               16.67 (100.00%) [1 edit(s)] [cached] 
2024-11-05 09:24:35,732	[DEBUG]	patch(4-9)="SrcmlStmtInsertion(('DETECT_CYCLE.java.xml', '_inter_block', 13), ('DETECT_CYCLE.java.xml', 'stmt', 7))"
2024-11-05 09:24:36,163	[INFO]	4-10    SUCCESS               16.67 (100.00%) [3 edit(s)]  
2024-11-05 09:24:36,163	[DEBUG]	patch(4-10)="SrcmlStmtDeletion(('DETECT_CYCLE.java.xml', 'stmt', 5)) | SrcmlStmtInsertion(('DETECT_CYCLE.java.xml', '_inter_block', 10), ('DETECT_CYCLE.java.xml', 'stmt', 2)) | SrcmlStmtInsertion(('DETECT_CYCLE.java.xml', '_inter_block', 13), ('DETECT_CYCLE.java.xml', 'stmt', 6))"
2024-11-05 09:24:36,596	[INFO]	4-11    SUCCESS               33.33 (199.94%) [2 edit(s)]  
2024-11-05 09:24:36,596	[DEBUG]	patch(4-11)="SrcmlStmtInsertion(('DETECT_CYCLE.java.xml', '_inter_block', 7), ('DETECT_CYCLE.java.xml', 'stmt', 3)) | SrcmlStmtReplacement(('DETECT_CYCLE.java.xml', 'stmt', 7), ('DETECT_CYCLE.java.xml', 'stmt', 8))"
2024-11-05 09:24:37,049	[INFO]	4-12    SUCCESS               33.33 (199.94%) [2 edit(s)]  
2024-11-05 09:24:37,049	[DEBUG]	patch(4-12)="SrcmlStmtInsertion(('DETECT_CYCLE.java.xml', '_inter_block', 8), ('DETECT_CYCLE.java.xml', 'stmt', 7)) | SrcmlStmtInsertion(('DETECT_CYCLE.java.xml', '_inter_block', 7), ('DETECT_CYCLE.java.xml', 'stmt', 3))"
2024-11-05 09:24:37,049	[INFO]	4-13    SUCCESS               16.67 (100.00%) [1 edit(s)] [cached] 
2024-11-05 09:24:37,050	[DEBUG]	patch(4-13)="SrcmlStmtInsertion(('DETECT_CYCLE.java.xml', '_inter_block', 10), ('DETECT_CYCLE.java.xml', 'stmt', 2))"
2024-11-05 09:24:37,050	[INFO]	4-14    SUCCESS               66.67 (399.94%) [1 edit(s)] [cached] 
2024-11-05 09:24:37,050	[DEBUG]	patch(4-14)="SrcmlStmtDeletion(('DETECT_CYCLE.java.xml', 'stmt', 7))"
2024-11-05 09:24:37,050	[INFO]	4-15    SUCCESS               66.67 (399.94%) [1 edit(s)] [cached] 
2024-11-05 09:24:37,050	[DEBUG]	patch(4-15)="SrcmlStmtDeletion(('DETECT_CYCLE.java.xml', 'stmt', 7))"
2024-11-05 09:24:37,050	[INFO]	4-16    SUCCESS               16.67 (100.00%) [1 edit(s)] [cached] 
2024-11-05 09:24:37,050	[DEBUG]	patch(4-16)="SrcmlStmtInsertion(('DETECT_CYCLE.java.xml', '_inter_block', 13), ('DETECT_CYCLE.java.xml', 'stmt', 3))"
2024-11-05 09:24:37,469	[INFO]	4-17    SUCCESS               16.67 (100.00%) [2 edit(s)]  
2024-11-05 09:24:37,469	[DEBUG]	patch(4-17)="SrcmlStmtInsertion(('DETECT_CYCLE.java.xml', '_inter_block', 8), ('DETECT_CYCLE.java.xml', 'stmt', 6)) | SrcmlStmtReplacement(('DETECT_CYCLE.java.xml', 'stmt', 6), ('DETECT_CYCLE.java.xml', 'stmt', 6))"
2024-11-05 09:24:37,887	[INFO]	4-18    SUCCESS               50.00 (299.94%) [3 edit(s)]  
2024-11-05 09:24:37,887	[DEBUG]	patch(4-18)="SrcmlStmtInsertion(('DETECT_CYCLE.java.xml', '_inter_block', 13), ('DETECT_CYCLE.java.xml', 'stmt', 3)) | SrcmlStmtDeletion(('DETECT_CYCLE.java.xml', 'stmt', 4)) | SrcmlStmtInsertion(('DETECT_CYCLE.java.xml', '_inter_block', 8), ('DETECT_CYCLE.java.xml', 'stmt', 5))"
2024-11-05 09:24:37,887	[INFO]	4-19    SUCCESS               33.33 (199.94%) [1 edit(s)] [cached] 
2024-11-05 09:24:37,887	[DEBUG]	patch(4-19)="SrcmlStmtReplacement(('DETECT_CYCLE.java.xml', 'stmt', 7), ('DETECT_CYCLE.java.xml', 'stmt', 8))"
2024-11-05 09:24:37,887	[INFO]	4-20    SUCCESS               16.67 (100.00%) [1 edit(s)] [cached] 
2024-11-05 09:24:37,887	[DEBUG]	patch(4-20)="SrcmlStmtReplacement(('DETECT_CYCLE.java.xml', 'stmt', 5), ('DETECT_CYCLE.java.xml', 'stmt', 5))"
2024-11-05 09:24:38,206	[INFO]	4-21    COMPILE_CODE_ERROR    None (--) [4 edit(s)]  
2024-11-05 09:24:38,206	[DEBUG]	patch(4-21)="SrcmlStmtInsertion(('DETECT_CYCLE.java.xml', '_inter_block', 10), ('DETECT_CYCLE.java.xml', 'stmt', 2)) | SrcmlStmtInsertion(('DETECT_CYCLE.java.xml', '_inter_block', 8), ('DETECT_CYCLE.java.xml', 'stmt', 5)) | SrcmlStmtInsertion(('DETECT_CYCLE.java.xml', '_inter_block', 13), ('DETECT_CYCLE.java.xml', 'stmt', 3)) | SrcmlStmtInsertion(('DETECT_CYCLE.java.xml', '_inter_block', 10), ('DETECT_CYCLE.java.xml', 'stmt', 7))"
2024-11-05 09:24:38,207	[INFO]	4-22    SUCCESS               16.67 (100.00%) [1 edit(s)] [cached] 
2024-11-05 09:24:38,207	[DEBUG]	patch(4-22)="SrcmlStmtReplacement(('DETECT_CYCLE.java.xml', 'stmt', 6), ('DETECT_CYCLE.java.xml', 'stmt', 6))"
2024-11-05 09:24:38,207	[INFO]	4-23    SUCCESS               50.00 (299.94%) [1 edit(s)] [cached] 
2024-11-05 09:24:38,207	[DEBUG]	patch(4-23)="SrcmlStmtReplacement(('DETECT_CYCLE.java.xml', 'stmt', 3), ('DETECT_CYCLE.java.xml', 'stmt', 6))"
2024-11-05 09:24:38,624	[INFO]	4-24    SUCCESS               33.33 (199.94%) [1 edit(s)]  
2024-11-05 09:24:38,624	[DEBUG]	patch(4-24)="SrcmlStmtInsertion(('DETECT_CYCLE.java.xml', '_inter_block', 8), ('DETECT_CYCLE.java.xml', 'stmt', 7))"
2024-11-05 09:24:38,624	[INFO]	4-25    SUCCESS               66.67 (399.94%) [1 edit(s)] [cached] 
2024-11-05 09:24:38,624	[DEBUG]	patch(4-25)="SrcmlStmtDeletion(('DETECT_CYCLE.java.xml', 'stmt', 7))"
2024-11-05 09:24:38,942	[INFO]	4-26    COMPILE_CODE_ERROR    None (--) [2 edit(s)]  
2024-11-05 09:24:38,943	[DEBUG]	patch(4-26)="SrcmlStmtInsertion(('DETECT_CYCLE.java.xml', '_inter_block', 13), ('DETECT_CYCLE.java.xml', 'stmt', 3)) | SrcmlStmtInsertion(('DETECT_CYCLE.java.xml', '_inter_block', 14), ('DETECT_CYCLE.java.xml', 'stmt', 7))"
2024-11-05 09:24:38,943	[INFO]	4-27    SUCCESS               16.67 (100.00%) [0 edit(s)] [cached] 
2024-11-05 09:24:38,943	[DEBUG]	patch(4-27)=""
2024-11-05 09:24:38,943	[INFO]	4-28    SUCCESS               16.67 (100.00%) [1 edit(s)] [cached] 
2024-11-05 09:24:38,943	[DEBUG]	patch(4-28)="SrcmlStmtInsertion(('DETECT_CYCLE.java.xml', '_inter_block', 6), ('DETECT_CYCLE.java.xml', 'stmt', 3))"
2024-11-05 09:24:39,371	[INFO]	4-29    SUCCESS               16.67 (100.00%) [2 edit(s)]  
2024-11-05 09:24:39,372	[DEBUG]	patch(4-29)="SrcmlStmtInsertion(('DETECT_CYCLE.java.xml', '_inter_block', 13), ('DETECT_CYCLE.java.xml', 'stmt', 7)) | SrcmlStmtDeletion(('DETECT_CYCLE.java.xml', 'stmt', 8))"
2024-11-05 09:24:39,372	[INFO]	4-30    SUCCESS               33.33 (199.94%) [3 edit(s)] [cached] 
2024-11-05 09:24:39,372	[DEBUG]	patch(4-30)="SrcmlStmtDeletion(('DETECT_CYCLE.java.xml', 'stmt', 5)) | SrcmlStmtReplacement(('DETECT_CYCLE.java.xml', 'stmt', 5), ('DETECT_CYCLE.java.xml', 'stmt', 5)) | SrcmlStmtDeletion(('DETECT_CYCLE.java.xml', 'stmt', 5))"
2024-11-05 09:24:48,820	[INFO]	4-31    SUCCESS               66.67 (399.94%) [2 edit(s)]  
2024-11-05 09:24:48,820	[DEBUG]	patch(4-31)="SrcmlStmtInsertion(('DETECT_CYCLE.java.xml', '_inter_block', 7), ('DETECT_CYCLE.java.xml', 'stmt', 3)) | SrcmlStmtDeletion(('DETECT_CYCLE.java.xml', 'stmt', 8))"
2024-11-05 09:24:48,820	[INFO]	~~~~ END ~~~~
2024-11-05 09:24:48,820	[INFO]	
2024-11-05 09:24:48,820	[INFO]	==== REPORT ====
2024-11-05 09:24:48,820	[INFO]	Termination: time budget
2024-11-05 09:24:48,821	[INFO]	Log file: /Users/han/Documents/magpie_ssh_candidate_junit/ssh_candidate_junit/_magpie_logs/detect_cycle_1730798623.log
