2024-11-03 12:04:32,031	[DEBUG]	==== CONFIG ====
[magpie]
import = 
seed = 9257429367123890
log_dir = _magpie_logs
work_dir = _magpie_work
local_original_copy = False
local_original_name = __original__
output_encoding = ascii
edit_retries = 10
default_timeout = 30
default_lengthout = 1e5
diff_method = unified
trust_local_filesystem = True

[magpie.log]
color_output = True
format_info = {counter:<7} {status:<20} {best}{fitness} ({ratio}) [{size}] {cached} {log}
format_debug = patch({counter})="{patch}"{diffifbest}
format_fitness = {:.2f}
format_ratio = {:.2%%}
format_patchif = 
	 --> {patch}
format_diffif = 
	{diff}

[software]
path = java_programs/knapsack
target_files = 
	KNAPSACK.java.xml
software = BasicSoftware
model_rules = 
	*.params : ParamFileConfigModel
	*.xml : SrcmlModel
	* : LineModel
model_config = 
	*.params : [paramconfig]
	*.xml : [srcml]
init_cmd = bash init_bug.sh
init_timeout = 60
init_lengthout = -1
setup_cmd = 
setup_timeout = 
setup_lengthout = 
compile_cmd = javac -cp junit-4.10.jar KNAPSACK.java KNAPSACK_TEST.java
compile_timeout = 
compile_lengthout = 
test_cmd = java -cp junit-4.10.jar:. org.junit.runner.JUnitCore KNAPSACK_TEST
test_timeout = 
test_lengthout = 
run_cmd = 
run_timeout = 
run_lengthout = 
batch_timeout = 
batch_lengthout = 
batch_bin_fitness_strategy = aggregate
batch_fitness_strategy = sum
fitness = repair

[srcml]
rename = 
	stmt: break continue decl_stmt do expr_stmt for goto if return switch while
	number: literal_number
focus = block stmt operator_comp operator_arith number
internodes = block
process_pseudo_blocks = True
process_literals = True
process_operators = True

[paramconfig]
timing = test run
cli_prefix = --
cli_glue = =
cli_boolean = show
cli_boolean_prefix_true = 
cli_boolean_prefix_false = no-
cli_none = hide
silent_prefix = @
silent_suffix = $

[search]
protocol = BasicProtocol
algorithm = GeneticProgrammingUniformConcat
possible_edits = 
	SrcmlStmtReplacement
	SrcmlStmtInsertion
	SrcmlStmtDeletion
warmup = 3
warmup_strategy = last
max_steps = 400
max_time = 60
target_fitness = 0
cache_maxsize = 100
cache_keep = 0.2
batch_instances = 
batch_shuffle = True
batch_bin_shuffle = False
batch_sample_size = 1

[search.ls]
delete_prob = 0.5
max_neighbours = 
when_trapped = continue
accept_fail = False
tabu_length = 10

[search.gp]
pop_size = 40
delete_prob = 0.5
offspring_elitism = 0.1
offspring_crossover = 0.5
offspring_mutation = 0.4
uniform_rate = 0.5
batch_reset = True

[search.minify]
do_cleanup = True
do_rebuild = True
do_simplify = True
round_robin_limit = 3


2024-11-03 12:04:32,031	[DEBUG]	
2024-11-03 12:04:32,031	[INFO]	==== SEARCH: GeneticProgrammingUniformConcat ====
2024-11-03 12:04:32,031	[INFO]	~~~~ WARMUP ~~~~
2024-11-03 12:04:32,733	[INFO]	WARM    SUCCESS               60.00 (--) [0 edit(s)]  
2024-11-03 12:04:33,449	[INFO]	WARM    SUCCESS               60.00 (--) [0 edit(s)]  
2024-11-03 12:04:34,142	[INFO]	WARM    SUCCESS               60.00 (--) [0 edit(s)]  
2024-11-03 12:04:34,142	[INFO]	REF     SUCCESS               60.00 (--) [0 edit(s)]  
2024-11-03 12:04:34,142	[INFO]	
2024-11-03 12:04:34,142	[INFO]	~~~~ START ~~~~
2024-11-03 12:04:34,392	[INFO]	0-1     COMPILE_CODE_ERROR    None (--) [1 edit(s)]  
2024-11-03 12:04:34,392	[DEBUG]	patch(0-1)="SrcmlStmtReplacement(('KNAPSACK.java.xml', 'stmt', 10), ('KNAPSACK.java.xml', 'stmt', 5))"
2024-11-03 12:04:34,687	[INFO]	0-2     COMPILE_CODE_ERROR    None (--) [1 edit(s)]  
2024-11-03 12:04:34,687	[DEBUG]	patch(0-2)="SrcmlStmtReplacement(('KNAPSACK.java.xml', 'stmt', 6), ('KNAPSACK.java.xml', 'stmt', 0))"
2024-11-03 12:04:34,994	[INFO]	0-3     COMPILE_CODE_ERROR    None (--) [1 edit(s)]  
2024-11-03 12:04:34,994	[DEBUG]	patch(0-3)="SrcmlStmtReplacement(('KNAPSACK.java.xml', 'stmt', 0), ('KNAPSACK.java.xml', 'stmt', 9))"
2024-11-03 12:04:35,290	[INFO]	0-4     COMPILE_CODE_ERROR    None (--) [1 edit(s)]  
2024-11-03 12:04:35,290	[DEBUG]	patch(0-4)="SrcmlStmtInsertion(('KNAPSACK.java.xml', '_inter_block', 6), ('KNAPSACK.java.xml', 'stmt', 9))"
2024-11-03 12:04:35,603	[INFO]	0-5     COMPILE_CODE_ERROR    None (--) [1 edit(s)]  
2024-11-03 12:04:35,603	[DEBUG]	patch(0-5)="SrcmlStmtReplacement(('KNAPSACK.java.xml', 'stmt', 11), ('KNAPSACK.java.xml', 'stmt', 2))"
2024-11-03 12:04:35,902	[INFO]	0-6     COMPILE_CODE_ERROR    None (--) [1 edit(s)]  
2024-11-03 12:04:35,902	[DEBUG]	patch(0-6)="SrcmlStmtDeletion(('KNAPSACK.java.xml', 'stmt', 1))"
2024-11-03 12:04:36,219	[INFO]	0-7     COMPILE_CODE_ERROR    None (--) [1 edit(s)]  
2024-11-03 12:04:36,219	[DEBUG]	patch(0-7)="SrcmlStmtReplacement(('KNAPSACK.java.xml', 'stmt', 0), ('KNAPSACK.java.xml', 'stmt', 2))"
2024-11-03 12:04:36,516	[INFO]	0-8     COMPILE_CODE_ERROR    None (--) [1 edit(s)]  
2024-11-03 12:04:36,517	[DEBUG]	patch(0-8)="SrcmlStmtReplacement(('KNAPSACK.java.xml', 'stmt', 7), ('KNAPSACK.java.xml', 'stmt', 8))"
2024-11-03 12:04:36,814	[INFO]	0-9     COMPILE_CODE_ERROR    None (--) [1 edit(s)]  
2024-11-03 12:04:36,814	[DEBUG]	patch(0-9)="SrcmlStmtInsertion(('KNAPSACK.java.xml', '_inter_block', 8), ('KNAPSACK.java.xml', 'stmt', 8))"
2024-11-03 12:04:37,293	[INFO]	0-10    SUCCESS              +100.00 (166.67%) [1 edit(s)]  
2024-11-03 12:04:37,293	[DEBUG]	patch(0-10)="SrcmlStmtInsertion(('KNAPSACK.java.xml', '_inter_block', 19), ('KNAPSACK.java.xml', 'stmt', 6))"
2024-11-03 12:04:37,547	[INFO]	0-11    COMPILE_CODE_ERROR    None (--) [1 edit(s)]  
2024-11-03 12:04:37,547	[DEBUG]	patch(0-11)="SrcmlStmtReplacement(('KNAPSACK.java.xml', 'stmt', 10), ('KNAPSACK.java.xml', 'stmt', 12))"
2024-11-03 12:04:37,848	[INFO]	0-12    COMPILE_CODE_ERROR    None (--) [1 edit(s)]  
2024-11-03 12:04:37,848	[DEBUG]	patch(0-12)="SrcmlStmtInsertion(('KNAPSACK.java.xml', '_inter_block', 8), ('KNAPSACK.java.xml', 'stmt', 11))"
2024-11-03 12:04:38,165	[INFO]	0-13    COMPILE_CODE_ERROR    None (--) [1 edit(s)]  
2024-11-03 12:04:38,166	[DEBUG]	patch(0-13)="SrcmlStmtInsertion(('KNAPSACK.java.xml', '_inter_block', 21), ('KNAPSACK.java.xml', 'stmt', 2))"
2024-11-03 12:04:38,469	[INFO]	0-14    COMPILE_CODE_ERROR    None (--) [1 edit(s)]  
2024-11-03 12:04:38,469	[DEBUG]	patch(0-14)="SrcmlStmtInsertion(('KNAPSACK.java.xml', '_inter_block', 9), ('KNAPSACK.java.xml', 'stmt', 10))"
2024-11-03 12:04:39,064	[INFO]	0-15    SUCCESS               100.00 (166.67%) [1 edit(s)]  
2024-11-03 12:04:39,064	[DEBUG]	patch(0-15)="SrcmlStmtDeletion(('KNAPSACK.java.xml', 'stmt', 11))"
2024-11-03 12:04:39,378	[INFO]	0-16    COMPILE_CODE_ERROR    None (--) [1 edit(s)]  
2024-11-03 12:04:39,378	[DEBUG]	patch(0-16)="SrcmlStmtInsertion(('KNAPSACK.java.xml', '_inter_block', 21), ('KNAPSACK.java.xml', 'stmt', 1))"
2024-11-03 12:04:39,681	[INFO]	0-17    COMPILE_CODE_ERROR    None (--) [1 edit(s)]  
2024-11-03 12:04:39,681	[DEBUG]	patch(0-17)="SrcmlStmtReplacement(('KNAPSACK.java.xml', 'stmt', 1), ('KNAPSACK.java.xml', 'stmt', 0))"
2024-11-03 12:04:39,980	[INFO]	0-18    COMPILE_CODE_ERROR    None (--) [1 edit(s)]  
2024-11-03 12:04:39,981	[DEBUG]	patch(0-18)="SrcmlStmtInsertion(('KNAPSACK.java.xml', '_inter_block', 13), ('KNAPSACK.java.xml', 'stmt', 2))"
2024-11-03 12:04:40,279	[INFO]	0-19    COMPILE_CODE_ERROR    None (--) [1 edit(s)]  
2024-11-03 12:04:40,280	[DEBUG]	patch(0-19)="SrcmlStmtInsertion(('KNAPSACK.java.xml', '_inter_block', 2), ('KNAPSACK.java.xml', 'stmt', 7))"
2024-11-03 12:04:40,579	[INFO]	0-20    COMPILE_CODE_ERROR    None (--) [1 edit(s)]  
2024-11-03 12:04:40,580	[DEBUG]	patch(0-20)="SrcmlStmtInsertion(('KNAPSACK.java.xml', '_inter_block', 7), ('KNAPSACK.java.xml', 'stmt', 6))"
2024-11-03 12:04:40,875	[INFO]	0-21    COMPILE_CODE_ERROR    None (--) [1 edit(s)]  
2024-11-03 12:04:40,876	[DEBUG]	patch(0-21)="SrcmlStmtInsertion(('KNAPSACK.java.xml', '_inter_block', 2), ('KNAPSACK.java.xml', 'stmt', 13))"
2024-11-03 12:04:41,637	[INFO]	0-22    SUCCESS               100.00 (166.67%) [1 edit(s)]  
2024-11-03 12:04:41,637	[DEBUG]	patch(0-22)="SrcmlStmtDeletion(('KNAPSACK.java.xml', 'stmt', 5))"
2024-11-03 12:04:41,938	[INFO]	0-23    COMPILE_CODE_ERROR    None (--) [1 edit(s)]  
2024-11-03 12:04:41,938	[DEBUG]	patch(0-23)="SrcmlStmtDeletion(('KNAPSACK.java.xml', 'stmt', 0))"
2024-11-03 12:04:42,180	[INFO]	0-24    COMPILE_CODE_ERROR    None (--) [1 edit(s)]  
2024-11-03 12:04:42,180	[DEBUG]	patch(0-24)="SrcmlStmtInsertion(('KNAPSACK.java.xml', '_inter_block', 20), ('KNAPSACK.java.xml', 'stmt', 10))"
2024-11-03 12:04:42,484	[INFO]	0-25    COMPILE_CODE_ERROR    None (--) [1 edit(s)]  
2024-11-03 12:04:42,484	[DEBUG]	patch(0-25)="SrcmlStmtInsertion(('KNAPSACK.java.xml', '_inter_block', 11), ('KNAPSACK.java.xml', 'stmt', 2))"
2024-11-03 12:04:42,782	[INFO]	0-26    COMPILE_CODE_ERROR    None (--) [1 edit(s)]  
2024-11-03 12:04:42,782	[DEBUG]	patch(0-26)="SrcmlStmtReplacement(('KNAPSACK.java.xml', 'stmt', 2), ('KNAPSACK.java.xml', 'stmt', 6))"
2024-11-03 12:04:43,083	[INFO]	0-27    COMPILE_CODE_ERROR    None (--) [1 edit(s)]  
2024-11-03 12:04:43,083	[DEBUG]	patch(0-27)="SrcmlStmtReplacement(('KNAPSACK.java.xml', 'stmt', 11), ('KNAPSACK.java.xml', 'stmt', 3))"
2024-11-03 12:04:43,815	[INFO]	0-28    SUCCESS               100.00 (166.67%) [1 edit(s)]  
2024-11-03 12:04:43,815	[DEBUG]	patch(0-28)="SrcmlStmtDeletion(('KNAPSACK.java.xml', 'stmt', 4))"
2024-11-03 12:04:44,068	[INFO]	0-29    COMPILE_CODE_ERROR    None (--) [1 edit(s)]  
2024-11-03 12:04:44,068	[DEBUG]	patch(0-29)="SrcmlStmtDeletion(('KNAPSACK.java.xml', 'stmt', 8))"
2024-11-03 12:04:44,068	[INFO]	0-30    SUCCESS              +60.00 (100.00%) [1 edit(s)] [cached] 
2024-11-03 12:04:44,068	[DEBUG]	patch(0-30)="SrcmlStmtReplacement(('KNAPSACK.java.xml', 'stmt', 4), ('KNAPSACK.java.xml', 'stmt', 4))"
2024-11-03 12:04:44,776	[INFO]	0-31    SUCCESS               70.00 (116.67%) [1 edit(s)]  
2024-11-03 12:04:44,777	[DEBUG]	patch(0-31)="SrcmlStmtDeletion(('KNAPSACK.java.xml', 'stmt', 12))"
2024-11-03 12:04:45,502	[INFO]	0-32    SUCCESS               60.00 (100.00%) [1 edit(s)]  
2024-11-03 12:04:45,502	[DEBUG]	patch(0-32)="SrcmlStmtInsertion(('KNAPSACK.java.xml', '_inter_block', 22), ('KNAPSACK.java.xml', 'stmt', 9))"
2024-11-03 12:04:45,798	[INFO]	0-33    COMPILE_CODE_ERROR    None (--) [1 edit(s)]  
2024-11-03 12:04:45,798	[DEBUG]	patch(0-33)="SrcmlStmtReplacement(('KNAPSACK.java.xml', 'stmt', 3), ('KNAPSACK.java.xml', 'stmt', 0))"
2024-11-03 12:04:46,103	[INFO]	0-34    COMPILE_CODE_ERROR    None (--) [1 edit(s)]  
2024-11-03 12:04:46,103	[DEBUG]	patch(0-34)="SrcmlStmtInsertion(('KNAPSACK.java.xml', '_inter_block', 2), ('KNAPSACK.java.xml', 'stmt', 0))"
2024-11-03 12:04:46,405	[INFO]	0-35    COMPILE_CODE_ERROR    None (--) [1 edit(s)]  
2024-11-03 12:04:46,405	[DEBUG]	patch(0-35)="SrcmlStmtReplacement(('KNAPSACK.java.xml', 'stmt', 13), ('KNAPSACK.java.xml', 'stmt', 2))"
2024-11-03 12:04:47,080	[INFO]	0-36    SUCCESS               100.00 (166.67%) [1 edit(s)]  
2024-11-03 12:04:47,081	[DEBUG]	patch(0-36)="SrcmlStmtReplacement(('KNAPSACK.java.xml', 'stmt', 11), ('KNAPSACK.java.xml', 'stmt', 4))"
2024-11-03 12:04:47,759	[INFO]	0-37    SUCCESS               100.00 (166.67%) [1 edit(s)]  
2024-11-03 12:04:47,759	[DEBUG]	patch(0-37)="SrcmlStmtDeletion(('KNAPSACK.java.xml', 'stmt', 10))"
2024-11-03 12:04:48,058	[INFO]	0-38    COMPILE_CODE_ERROR    None (--) [1 edit(s)]  
2024-11-03 12:04:48,059	[DEBUG]	patch(0-38)="SrcmlStmtInsertion(('KNAPSACK.java.xml', '_inter_block', 9), ('KNAPSACK.java.xml', 'stmt', 11))"
2024-11-03 12:04:48,367	[INFO]	0-39    COMPILE_CODE_ERROR    None (--) [1 edit(s)]  
2024-11-03 12:04:48,367	[DEBUG]	patch(0-39)="SrcmlStmtInsertion(('KNAPSACK.java.xml', '_inter_block', 4), ('KNAPSACK.java.xml', 'stmt', 2))"
2024-11-03 12:04:48,677	[INFO]	0-40    COMPILE_CODE_ERROR    None (--) [1 edit(s)]  
2024-11-03 12:04:48,678	[DEBUG]	patch(0-40)="SrcmlStmtInsertion(('KNAPSACK.java.xml', '_inter_block', 2), ('KNAPSACK.java.xml', 'stmt', 9))"
2024-11-03 12:04:48,678	[INFO]	REF     SUCCESS               60.00 (--) [0 edit(s)] [cached] 
2024-11-03 12:04:48,679	[INFO]	1-1     SUCCESS              +60.00 (100.00%) [1 edit(s)] [cached] 
2024-11-03 12:04:48,679	[DEBUG]	patch(1-1)="SrcmlStmtReplacement(('KNAPSACK.java.xml', 'stmt', 4), ('KNAPSACK.java.xml', 'stmt', 4))"
2024-11-03 12:04:48,679	[INFO]	1-2     SUCCESS               60.00 (100.00%) [1 edit(s)] [cached] 
2024-11-03 12:04:48,679	[DEBUG]	patch(1-2)="SrcmlStmtInsertion(('KNAPSACK.java.xml', '_inter_block', 22), ('KNAPSACK.java.xml', 'stmt', 9))"
2024-11-03 12:04:48,680	[INFO]	1-3     SUCCESS               70.00 (116.67%) [1 edit(s)] [cached] 
2024-11-03 12:04:48,680	[DEBUG]	patch(1-3)="SrcmlStmtDeletion(('KNAPSACK.java.xml', 'stmt', 12))"
2024-11-03 12:04:48,680	[INFO]	1-4     SUCCESS               100.00 (166.67%) [1 edit(s)] [cached] 
2024-11-03 12:04:48,680	[DEBUG]	patch(1-4)="SrcmlStmtReplacement(('KNAPSACK.java.xml', 'stmt', 11), ('KNAPSACK.java.xml', 'stmt', 4))"
2024-11-03 12:04:48,680	[INFO]	1-5     SUCCESS               100.00 (166.67%) [1 edit(s)] [cached] 
2024-11-03 12:04:48,680	[DEBUG]	patch(1-5)="SrcmlStmtDeletion(('KNAPSACK.java.xml', 'stmt', 5))"
2024-11-03 12:04:49,347	[INFO]	1-6     SUCCESS               100.00 (166.67%) [2 edit(s)]  
2024-11-03 12:04:49,347	[DEBUG]	patch(1-6)="SrcmlStmtReplacement(('KNAPSACK.java.xml', 'stmt', 11), ('KNAPSACK.java.xml', 'stmt', 4)) | SrcmlStmtInsertion(('KNAPSACK.java.xml', '_inter_block', 22), ('KNAPSACK.java.xml', 'stmt', 9))"
2024-11-03 12:04:49,347	[INFO]	1-7     SUCCESS               100.00 (166.67%) [1 edit(s)] [cached] 
2024-11-03 12:04:49,347	[DEBUG]	patch(1-7)="SrcmlStmtDeletion(('KNAPSACK.java.xml', 'stmt', 5))"
2024-11-03 12:04:49,348	[INFO]	1-8     SUCCESS               100.00 (166.67%) [1 edit(s)] [cached] 
2024-11-03 12:04:49,348	[DEBUG]	patch(1-8)="SrcmlStmtReplacement(('KNAPSACK.java.xml', 'stmt', 11), ('KNAPSACK.java.xml', 'stmt', 4))"
2024-11-03 12:04:49,348	[INFO]	1-9     SUCCESS               60.00 (100.00%) [1 edit(s)] [cached] 
2024-11-03 12:04:49,348	[DEBUG]	patch(1-9)="SrcmlStmtReplacement(('KNAPSACK.java.xml', 'stmt', 4), ('KNAPSACK.java.xml', 'stmt', 4))"
2024-11-03 12:04:49,348	[INFO]	1-10    SUCCESS               100.00 (166.67%) [1 edit(s)] [cached] 
2024-11-03 12:04:49,348	[DEBUG]	patch(1-10)="SrcmlStmtDeletion(('KNAPSACK.java.xml', 'stmt', 11))"
2024-11-03 12:04:49,348	[INFO]	1-11    SUCCESS               60.00 (100.00%) [1 edit(s)] [cached] 
2024-11-03 12:04:49,348	[DEBUG]	patch(1-11)="SrcmlStmtReplacement(('KNAPSACK.java.xml', 'stmt', 4), ('KNAPSACK.java.xml', 'stmt', 4))"
2024-11-03 12:04:49,349	[INFO]	1-12    SUCCESS               100.00 (166.67%) [1 edit(s)] [cached] 
2024-11-03 12:04:49,349	[DEBUG]	patch(1-12)="SrcmlStmtDeletion(('KNAPSACK.java.xml', 'stmt', 5))"
2024-11-03 12:04:49,349	[INFO]	1-13    SUCCESS               100.00 (166.67%) [1 edit(s)] [cached] 
2024-11-03 12:04:49,349	[DEBUG]	patch(1-13)="SrcmlStmtReplacement(('KNAPSACK.java.xml', 'stmt', 11), ('KNAPSACK.java.xml', 'stmt', 4))"
2024-11-03 12:04:49,823	[INFO]	1-14    SUCCESS               100.00 (166.67%) [2 edit(s)]  
2024-11-03 12:04:49,823	[DEBUG]	patch(1-14)="SrcmlStmtReplacement(('KNAPSACK.java.xml', 'stmt', 4), ('KNAPSACK.java.xml', 'stmt', 4)) | SrcmlStmtInsertion(('KNAPSACK.java.xml', '_inter_block', 9), ('KNAPSACK.java.xml', 'stmt', 5))"
2024-11-03 12:04:50,313	[INFO]	1-15    SUCCESS               100.00 (166.67%) [2 edit(s)]  
2024-11-03 12:04:50,313	[DEBUG]	patch(1-15)="SrcmlStmtInsertion(('KNAPSACK.java.xml', '_inter_block', 22), ('KNAPSACK.java.xml', 'stmt', 9)) | SrcmlStmtDeletion(('KNAPSACK.java.xml', 'stmt', 7))"
2024-11-03 12:04:50,313	[INFO]	1-16    SUCCESS               60.00 (100.00%) [0 edit(s)] [cached] 
2024-11-03 12:04:50,313	[DEBUG]	patch(1-16)=""
2024-11-03 12:04:50,972	[INFO]	1-17    SUCCESS               100.00 (166.67%) [2 edit(s)]  
2024-11-03 12:04:50,972	[DEBUG]	patch(1-17)="SrcmlStmtReplacement(('KNAPSACK.java.xml', 'stmt', 11), ('KNAPSACK.java.xml', 'stmt', 4)) | SrcmlStmtInsertion(('KNAPSACK.java.xml', '_inter_block', 12), ('KNAPSACK.java.xml', 'stmt', 4))"
2024-11-03 12:04:50,972	[INFO]	1-18    SUCCESS               60.00 (100.00%) [0 edit(s)] [cached] 
2024-11-03 12:04:50,972	[DEBUG]	patch(1-18)=""
2024-11-03 12:04:51,561	[INFO]	1-19    SUCCESS               100.00 (166.67%) [2 edit(s)]  
2024-11-03 12:04:51,561	[DEBUG]	patch(1-19)="SrcmlStmtDeletion(('KNAPSACK.java.xml', 'stmt', 11)) | SrcmlStmtDeletion(('KNAPSACK.java.xml', 'stmt', 6))"
2024-11-03 12:04:51,562	[INFO]	1-20    SUCCESS               60.00 (100.00%) [0 edit(s)] [cached] 
2024-11-03 12:04:51,562	[DEBUG]	patch(1-20)=""
2024-11-03 12:04:51,859	[INFO]	1-21    COMPILE_CODE_ERROR    None (--) [2 edit(s)]  
2024-11-03 12:04:51,859	[DEBUG]	patch(1-21)="SrcmlStmtDeletion(('KNAPSACK.java.xml', 'stmt', 5)) | SrcmlStmtReplacement(('KNAPSACK.java.xml', 'stmt', 3), ('KNAPSACK.java.xml', 'stmt', 2))"
2024-11-03 12:04:52,165	[INFO]	1-22    COMPILE_CODE_ERROR    None (--) [2 edit(s)]  
2024-11-03 12:04:52,165	[DEBUG]	patch(1-22)="SrcmlStmtInsertion(('KNAPSACK.java.xml', '_inter_block', 19), ('KNAPSACK.java.xml', 'stmt', 6)) | SrcmlStmtReplacement(('KNAPSACK.java.xml', 'stmt', 2), ('KNAPSACK.java.xml', 'stmt', 3))"
2024-11-03 12:04:52,469	[INFO]	1-23    COMPILE_CODE_ERROR    None (--) [1 edit(s)]  
2024-11-03 12:04:52,469	[DEBUG]	patch(1-23)="SrcmlStmtInsertion(('KNAPSACK.java.xml', '_inter_block', 2), ('KNAPSACK.java.xml', 'stmt', 2))"
2024-11-03 12:04:52,940	[INFO]	1-24    SUCCESS               100.00 (166.67%) [1 edit(s)]  
2024-11-03 12:04:52,940	[DEBUG]	patch(1-24)="SrcmlStmtReplacement(('KNAPSACK.java.xml', 'stmt', 10), ('KNAPSACK.java.xml', 'stmt', 4))"
2024-11-03 12:04:53,251	[INFO]	1-25    COMPILE_CODE_ERROR    None (--) [1 edit(s)]  
2024-11-03 12:04:53,251	[DEBUG]	patch(1-25)="SrcmlStmtInsertion(('KNAPSACK.java.xml', '_inter_block', 11), ('KNAPSACK.java.xml', 'stmt', 13))"
2024-11-03 12:04:53,491	[INFO]	1-26    COMPILE_CODE_ERROR    None (--) [1 edit(s)]  
2024-11-03 12:04:53,491	[DEBUG]	patch(1-26)="SrcmlStmtInsertion(('KNAPSACK.java.xml', '_inter_block', 15), ('KNAPSACK.java.xml', 'stmt', 11))"
2024-11-03 12:04:53,787	[INFO]	1-27    COMPILE_CODE_ERROR    None (--) [1 edit(s)]  
2024-11-03 12:04:53,787	[DEBUG]	patch(1-27)="SrcmlStmtReplacement(('KNAPSACK.java.xml', 'stmt', 3), ('KNAPSACK.java.xml', 'stmt', 9))"
2024-11-03 12:04:54,084	[INFO]	1-28    COMPILE_CODE_ERROR    None (--) [1 edit(s)]  
2024-11-03 12:04:54,084	[DEBUG]	patch(1-28)="SrcmlStmtReplacement(('KNAPSACK.java.xml', 'stmt', 5), ('KNAPSACK.java.xml', 'stmt', 11))"
2024-11-03 12:04:54,388	[INFO]	1-29    COMPILE_CODE_ERROR    None (--) [1 edit(s)]  
2024-11-03 12:04:54,388	[DEBUG]	patch(1-29)="SrcmlStmtReplacement(('KNAPSACK.java.xml', 'stmt', 2), ('KNAPSACK.java.xml', 'stmt', 5))"
2024-11-03 12:04:54,689	[INFO]	1-30    COMPILE_CODE_ERROR    None (--) [1 edit(s)]  
2024-11-03 12:04:54,690	[DEBUG]	patch(1-30)="SrcmlStmtInsertion(('KNAPSACK.java.xml', '_inter_block', 22), ('KNAPSACK.java.xml', 'stmt', 13))"
2024-11-03 12:04:54,990	[INFO]	1-31    COMPILE_CODE_ERROR    None (--) [1 edit(s)]  
2024-11-03 12:04:54,990	[DEBUG]	patch(1-31)="SrcmlStmtInsertion(('KNAPSACK.java.xml', '_inter_block', 13), ('KNAPSACK.java.xml', 'stmt', 3))"
2024-11-03 12:04:55,291	[INFO]	1-32    COMPILE_CODE_ERROR    None (--) [1 edit(s)]  
2024-11-03 12:04:55,291	[DEBUG]	patch(1-32)="SrcmlStmtReplacement(('KNAPSACK.java.xml', 'stmt', 6), ('KNAPSACK.java.xml', 'stmt', 9))"
2024-11-03 12:04:55,592	[INFO]	1-33    COMPILE_CODE_ERROR    None (--) [1 edit(s)]  
2024-11-03 12:04:55,593	[DEBUG]	patch(1-33)="SrcmlStmtReplacement(('KNAPSACK.java.xml', 'stmt', 5), ('KNAPSACK.java.xml', 'stmt', 2))"
2024-11-03 12:04:55,889	[INFO]	1-34    COMPILE_CODE_ERROR    None (--) [1 edit(s)]  
2024-11-03 12:04:55,889	[DEBUG]	patch(1-34)="SrcmlStmtInsertion(('KNAPSACK.java.xml', '_inter_block', 2), ('KNAPSACK.java.xml', 'stmt', 5))"
2024-11-03 12:04:56,625	[INFO]	1-35    SUCCESS               100.00 (166.67%) [1 edit(s)]  
2024-11-03 12:04:56,625	[DEBUG]	patch(1-35)="SrcmlStmtDeletion(('KNAPSACK.java.xml', 'stmt', 6))"
2024-11-03 12:04:56,920	[INFO]	1-36    COMPILE_CODE_ERROR    None (--) [1 edit(s)]  
2024-11-03 12:04:56,920	[DEBUG]	patch(1-36)="SrcmlStmtReplacement(('KNAPSACK.java.xml', 'stmt', 7), ('KNAPSACK.java.xml', 'stmt', 2))"
2024-11-03 12:04:57,228	[INFO]	1-37    COMPILE_CODE_ERROR    None (--) [1 edit(s)]  
2024-11-03 12:04:57,228	[DEBUG]	patch(1-37)="SrcmlStmtInsertion(('KNAPSACK.java.xml', '_inter_block', 20), ('KNAPSACK.java.xml', 'stmt', 2))"
2024-11-03 12:04:57,530	[INFO]	1-38    COMPILE_CODE_ERROR    None (--) [1 edit(s)]  
2024-11-03 12:04:57,530	[DEBUG]	patch(1-38)="SrcmlStmtInsertion(('KNAPSACK.java.xml', '_inter_block', 12), ('KNAPSACK.java.xml', 'stmt', 3))"
2024-11-03 12:04:58,272	[INFO]	1-39    SUCCESS               60.00 (100.00%) [1 edit(s)]  
2024-11-03 12:04:58,272	[DEBUG]	patch(1-39)="SrcmlStmtDeletion(('KNAPSACK.java.xml', 'stmt', 9))"
2024-11-03 12:04:58,511	[INFO]	1-40    COMPILE_CODE_ERROR    None (--) [1 edit(s)]  
2024-11-03 12:04:58,511	[DEBUG]	patch(1-40)="SrcmlStmtInsertion(('KNAPSACK.java.xml', '_inter_block', 1), ('KNAPSACK.java.xml', 'stmt', 8))"
2024-11-03 12:04:58,512	[INFO]	REF     SUCCESS               60.00 (--) [0 edit(s)] [cached] 
2024-11-03 12:04:58,513	[INFO]	2-1     SUCCESS              +60.00 (100.00%) [0 edit(s)] [cached] 
2024-11-03 12:04:58,513	[DEBUG]	patch(2-1)=""
2024-11-03 12:04:58,513	[INFO]	2-2     SUCCESS               60.00 (100.00%) [1 edit(s)] [cached] 
2024-11-03 12:04:58,513	[DEBUG]	patch(2-2)="SrcmlStmtReplacement(('KNAPSACK.java.xml', 'stmt', 4), ('KNAPSACK.java.xml', 'stmt', 4))"
2024-11-03 12:04:58,513	[INFO]	2-3     SUCCESS               60.00 (100.00%) [1 edit(s)] [cached] 
2024-11-03 12:04:58,514	[DEBUG]	patch(2-3)="SrcmlStmtDeletion(('KNAPSACK.java.xml', 'stmt', 9))"
2024-11-03 12:04:58,514	[INFO]	2-4     SUCCESS               60.00 (100.00%) [1 edit(s)] [cached] 
2024-11-03 12:04:58,514	[DEBUG]	patch(2-4)="SrcmlStmtInsertion(('KNAPSACK.java.xml', '_inter_block', 22), ('KNAPSACK.java.xml', 'stmt', 9))"
2024-11-03 12:04:58,514	[INFO]	2-5     SUCCESS               100.00 (166.67%) [2 edit(s)] [cached] 
2024-11-03 12:04:58,514	[DEBUG]	patch(2-5)="SrcmlStmtDeletion(('KNAPSACK.java.xml', 'stmt', 11)) | SrcmlStmtDeletion(('KNAPSACK.java.xml', 'stmt', 6))"
2024-11-03 12:04:58,514	[INFO]	2-6     SUCCESS               100.00 (166.67%) [1 edit(s)] [cached] 
2024-11-03 12:04:58,514	[DEBUG]	patch(2-6)="SrcmlStmtDeletion(('KNAPSACK.java.xml', 'stmt', 11))"
2024-11-03 12:04:58,515	[INFO]	2-7     SUCCESS               60.00 (100.00%) [1 edit(s)] [cached] 
2024-11-03 12:04:58,515	[DEBUG]	patch(2-7)="SrcmlStmtDeletion(('KNAPSACK.java.xml', 'stmt', 9))"
2024-11-03 12:04:58,515	[INFO]	2-8     SUCCESS               60.00 (100.00%) [1 edit(s)] [cached] 
2024-11-03 12:04:58,515	[DEBUG]	patch(2-8)="SrcmlStmtDeletion(('KNAPSACK.java.xml', 'stmt', 9))"
2024-11-03 12:04:58,515	[INFO]	2-9     SUCCESS               70.00 (116.67%) [1 edit(s)] [cached] 
2024-11-03 12:04:58,515	[DEBUG]	patch(2-9)="SrcmlStmtDeletion(('KNAPSACK.java.xml', 'stmt', 12))"
2024-11-03 12:04:58,515	[INFO]	2-10    SUCCESS               100.00 (166.67%) [1 edit(s)] [cached] 
2024-11-03 12:04:58,515	[DEBUG]	patch(2-10)="SrcmlStmtReplacement(('KNAPSACK.java.xml', 'stmt', 11), ('KNAPSACK.java.xml', 'stmt', 4))"
2024-11-03 12:04:59,239	[INFO]	2-11    SUCCESS               60.00 (100.00%) [1 edit(s)]  
2024-11-03 12:04:59,239	[DEBUG]	patch(2-11)="SrcmlStmtInsertion(('KNAPSACK.java.xml', '_inter_block', 12), ('KNAPSACK.java.xml', 'stmt', 4))"
2024-11-03 12:04:59,844	[INFO]	2-12    SUCCESS               100.00 (166.67%) [2 edit(s)]  
2024-11-03 12:04:59,845	[DEBUG]	patch(2-12)="SrcmlStmtDeletion(('KNAPSACK.java.xml', 'stmt', 11)) | SrcmlStmtDeletion(('KNAPSACK.java.xml', 'stmt', 12))"
2024-11-03 12:04:59,845	[INFO]	2-13    SUCCESS               100.00 (166.67%) [1 edit(s)] [cached] 
2024-11-03 12:04:59,845	[DEBUG]	patch(2-13)="SrcmlStmtDeletion(('KNAPSACK.java.xml', 'stmt', 6))"
2024-11-03 12:05:00,575	[INFO]	2-14    SUCCESS               100.00 (166.67%) [2 edit(s)]  
2024-11-03 12:05:00,575	[DEBUG]	patch(2-14)="SrcmlStmtDeletion(('KNAPSACK.java.xml', 'stmt', 6)) | SrcmlStmtDeletion(('KNAPSACK.java.xml', 'stmt', 5))"
2024-11-03 12:05:00,575	[INFO]	2-15    SUCCESS               100.00 (166.67%) [1 edit(s)] [cached] 
2024-11-03 12:05:00,575	[DEBUG]	patch(2-15)="SrcmlStmtDeletion(('KNAPSACK.java.xml', 'stmt', 6))"
2024-11-03 12:05:00,576	[INFO]	2-16    SUCCESS               60.00 (100.00%) [2 edit(s)] [cached] 
2024-11-03 12:05:00,576	[DEBUG]	patch(2-16)="SrcmlStmtInsertion(('KNAPSACK.java.xml', '_inter_block', 22), ('KNAPSACK.java.xml', 'stmt', 9)) | SrcmlStmtReplacement(('KNAPSACK.java.xml', 'stmt', 4), ('KNAPSACK.java.xml', 'stmt', 4))"
2024-11-03 12:05:00,576	[INFO]	2-17    SUCCESS               60.00 (100.00%) [2 edit(s)] [cached] 
2024-11-03 12:05:00,576	[DEBUG]	patch(2-17)="SrcmlStmtInsertion(('KNAPSACK.java.xml', '_inter_block', 22), ('KNAPSACK.java.xml', 'stmt', 9)) | SrcmlStmtReplacement(('KNAPSACK.java.xml', 'stmt', 4), ('KNAPSACK.java.xml', 'stmt', 4))"
2024-11-03 12:05:01,049	[INFO]	2-18    SUCCESS               100.00 (166.67%) [3 edit(s)]  
2024-11-03 12:05:01,049	[DEBUG]	patch(2-18)="SrcmlStmtReplacement(('KNAPSACK.java.xml', 'stmt', 4), ('KNAPSACK.java.xml', 'stmt', 4)) | SrcmlStmtInsertion(('KNAPSACK.java.xml', '_inter_block', 9), ('KNAPSACK.java.xml', 'stmt', 5)) | SrcmlStmtReplacement(('KNAPSACK.java.xml', 'stmt', 10), ('KNAPSACK.java.xml', 'stmt', 4))"
2024-11-03 12:05:01,049	[INFO]	2-19    SUCCESS               100.00 (166.67%) [1 edit(s)] [cached] 
2024-11-03 12:05:01,049	[DEBUG]	patch(2-19)="SrcmlStmtReplacement(('KNAPSACK.java.xml', 'stmt', 10), ('KNAPSACK.java.xml', 'stmt', 4))"
2024-11-03 12:05:01,050	[INFO]	2-20    SUCCESS               100.00 (166.67%) [1 edit(s)] [cached] 
2024-11-03 12:05:01,050	[DEBUG]	patch(2-20)="SrcmlStmtInsertion(('KNAPSACK.java.xml', '_inter_block', 19), ('KNAPSACK.java.xml', 'stmt', 6))"
2024-11-03 12:05:01,050	[INFO]	2-21    SUCCESS               60.00 (100.00%) [0 edit(s)] [cached] 
2024-11-03 12:05:01,050	[DEBUG]	patch(2-21)=""
2024-11-03 12:05:01,050	[INFO]	2-22    SUCCESS               60.00 (100.00%) [0 edit(s)] [cached] 
2024-11-03 12:05:01,050	[DEBUG]	patch(2-22)=""
2024-11-03 12:05:01,303	[INFO]	2-23    COMPILE_CODE_ERROR    None (--) [2 edit(s)]  
2024-11-03 12:05:01,303	[DEBUG]	patch(2-23)="SrcmlStmtInsertion(('KNAPSACK.java.xml', '_inter_block', 22), ('KNAPSACK.java.xml', 'stmt', 9)) | SrcmlStmtReplacement(('KNAPSACK.java.xml', 'stmt', 10), ('KNAPSACK.java.xml', 'stmt', 2))"
2024-11-03 12:05:02,041	[INFO]	2-24    SUCCESS               100.00 (166.67%) [2 edit(s)]  
2024-11-03 12:05:02,042	[DEBUG]	patch(2-24)="SrcmlStmtDeletion(('KNAPSACK.java.xml', 'stmt', 12)) | SrcmlStmtDeletion(('KNAPSACK.java.xml', 'stmt', 5))"
2024-11-03 12:05:02,713	[INFO]	2-25    SUCCESS               100.00 (166.67%) [2 edit(s)]  
2024-11-03 12:05:02,713	[DEBUG]	patch(2-25)="SrcmlStmtReplacement(('KNAPSACK.java.xml', 'stmt', 11), ('KNAPSACK.java.xml', 'stmt', 4)) | SrcmlStmtDeletion(('KNAPSACK.java.xml', 'stmt', 9))"
2024-11-03 12:05:02,714	[INFO]	2-26    SUCCESS               100.00 (166.67%) [1 edit(s)] [cached] 
2024-11-03 12:05:02,714	[DEBUG]	patch(2-26)="SrcmlStmtReplacement(('KNAPSACK.java.xml', 'stmt', 11), ('KNAPSACK.java.xml', 'stmt', 4))"
2024-11-03 12:05:03,010	[INFO]	2-27    COMPILE_CODE_ERROR    None (--) [2 edit(s)]  
2024-11-03 12:05:03,010	[DEBUG]	patch(2-27)="SrcmlStmtDeletion(('KNAPSACK.java.xml', 'stmt', 11)) | SrcmlStmtDeletion(('KNAPSACK.java.xml', 'stmt', 2))"
2024-11-03 12:05:03,011	[INFO]	2-28    SUCCESS               100.00 (166.67%) [2 edit(s)] [cached] 
2024-11-03 12:05:03,011	[DEBUG]	patch(2-28)="SrcmlStmtDeletion(('KNAPSACK.java.xml', 'stmt', 6)) | SrcmlStmtReplacement(('KNAPSACK.java.xml', 'stmt', 12), ('KNAPSACK.java.xml', 'stmt', 12))"
2024-11-03 12:05:03,319	[INFO]	2-29    COMPILE_CODE_ERROR    None (--) [2 edit(s)]  
2024-11-03 12:05:03,320	[DEBUG]	patch(2-29)="SrcmlStmtDeletion(('KNAPSACK.java.xml', 'stmt', 5)) | SrcmlStmtDeletion(('KNAPSACK.java.xml', 'stmt', 13))"
2024-11-03 12:05:03,897	[INFO]	2-30    SUCCESS               100.00 (166.67%) [3 edit(s)]  
2024-11-03 12:05:03,897	[DEBUG]	patch(2-30)="SrcmlStmtDeletion(('KNAPSACK.java.xml', 'stmt', 11)) | SrcmlStmtDeletion(('KNAPSACK.java.xml', 'stmt', 6)) | SrcmlStmtDeletion(('KNAPSACK.java.xml', 'stmt', 4))"
2024-11-03 12:05:03,898	[INFO]	2-31    SUCCESS               100.00 (166.67%) [3 edit(s)] [cached] 
2024-11-03 12:05:03,898	[DEBUG]	patch(2-31)="SrcmlStmtInsertion(('KNAPSACK.java.xml', '_inter_block', 22), ('KNAPSACK.java.xml', 'stmt', 9)) | SrcmlStmtDeletion(('KNAPSACK.java.xml', 'stmt', 7)) | SrcmlStmtInsertion(('KNAPSACK.java.xml', '_inter_block', 17), ('KNAPSACK.java.xml', 'stmt', 12))"
2024-11-03 12:05:03,898	[INFO]	2-32    SUCCESS               100.00 (166.67%) [1 edit(s)] [cached] 
2024-11-03 12:05:03,898	[DEBUG]	patch(2-32)="SrcmlStmtReplacement(('KNAPSACK.java.xml', 'stmt', 11), ('KNAPSACK.java.xml', 'stmt', 4))"
2024-11-03 12:05:04,202	[INFO]	2-33    COMPILE_CODE_ERROR    None (--) [3 edit(s)]  
2024-11-03 12:05:04,202	[DEBUG]	patch(2-33)="SrcmlStmtReplacement(('KNAPSACK.java.xml', 'stmt', 4), ('KNAPSACK.java.xml', 'stmt', 4)) | SrcmlStmtInsertion(('KNAPSACK.java.xml', '_inter_block', 9), ('KNAPSACK.java.xml', 'stmt', 5)) | SrcmlStmtDeletion(('KNAPSACK.java.xml', 'stmt', 13))"
2024-11-03 12:05:04,202	[INFO]	2-34    SUCCESS               60.00 (100.00%) [0 edit(s)] [cached] 
2024-11-03 12:05:04,203	[DEBUG]	patch(2-34)=""
2024-11-03 12:05:04,203	[INFO]	2-35    SUCCESS               100.00 (166.67%) [1 edit(s)] [cached] 
2024-11-03 12:05:04,203	[DEBUG]	patch(2-35)="SrcmlStmtDeletion(('KNAPSACK.java.xml', 'stmt', 7))"
2024-11-03 12:05:04,203	[INFO]	2-36    SUCCESS               100.00 (166.67%) [1 edit(s)] [cached] 
2024-11-03 12:05:04,203	[DEBUG]	patch(2-36)="SrcmlStmtDeletion(('KNAPSACK.java.xml', 'stmt', 7))"
2024-11-03 12:05:04,679	[INFO]	2-37    SUCCESS               100.00 (166.67%) [1 edit(s)]  
2024-11-03 12:05:04,679	[DEBUG]	patch(2-37)="SrcmlStmtReplacement(('KNAPSACK.java.xml', 'stmt', 9), ('KNAPSACK.java.xml', 'stmt', 5))"
2024-11-03 12:05:04,984	[INFO]	2-38    COMPILE_CODE_ERROR    None (--) [1 edit(s)]  
2024-11-03 12:05:04,984	[DEBUG]	patch(2-38)="SrcmlStmtInsertion(('KNAPSACK.java.xml', '_inter_block', 17), ('KNAPSACK.java.xml', 'stmt', 7))"
2024-11-03 12:05:05,463	[INFO]	2-39    SUCCESS               100.00 (166.67%) [1 edit(s)]  
2024-11-03 12:05:05,463	[DEBUG]	patch(2-39)="SrcmlStmtInsertion(('KNAPSACK.java.xml', '_inter_block', 10), ('KNAPSACK.java.xml', 'stmt', 6))"
2024-11-03 12:05:05,766	[INFO]	2-40    COMPILE_CODE_ERROR    None (--) [1 edit(s)]  
2024-11-03 12:05:05,766	[DEBUG]	patch(2-40)="SrcmlStmtInsertion(('KNAPSACK.java.xml', '_inter_block', 10), ('KNAPSACK.java.xml', 'stmt', 9))"
2024-11-03 12:05:05,766	[INFO]	REF     SUCCESS               60.00 (--) [0 edit(s)] [cached] 
2024-11-03 12:05:05,768	[INFO]	3-1     SUCCESS              +60.00 (100.00%) [0 edit(s)] [cached] 
2024-11-03 12:05:05,768	[DEBUG]	patch(3-1)=""
2024-11-03 12:05:05,768	[INFO]	3-2     SUCCESS               60.00 (100.00%) [1 edit(s)] [cached] 
2024-11-03 12:05:05,768	[DEBUG]	patch(3-2)="SrcmlStmtDeletion(('KNAPSACK.java.xml', 'stmt', 9))"
2024-11-03 12:05:05,769	[INFO]	3-3     SUCCESS               60.00 (100.00%) [2 edit(s)] [cached] 
2024-11-03 12:05:05,769	[DEBUG]	patch(3-3)="SrcmlStmtInsertion(('KNAPSACK.java.xml', '_inter_block', 22), ('KNAPSACK.java.xml', 'stmt', 9)) | SrcmlStmtReplacement(('KNAPSACK.java.xml', 'stmt', 4), ('KNAPSACK.java.xml', 'stmt', 4))"
2024-11-03 12:05:05,769	[INFO]	3-4     SUCCESS               60.00 (100.00%) [1 edit(s)] [cached] 
2024-11-03 12:05:05,769	[DEBUG]	patch(3-4)="SrcmlStmtReplacement(('KNAPSACK.java.xml', 'stmt', 4), ('KNAPSACK.java.xml', 'stmt', 4))"
2024-11-03 12:05:05,769	[INFO]	3-5     SUCCESS               100.00 (166.67%) [1 edit(s)] [cached] 
2024-11-03 12:05:05,769	[DEBUG]	patch(3-5)="SrcmlStmtDeletion(('KNAPSACK.java.xml', 'stmt', 7))"
2024-11-03 12:05:06,245	[INFO]	3-6     SUCCESS               100.00 (166.67%) [3 edit(s)]  
2024-11-03 12:05:06,245	[DEBUG]	patch(3-6)="SrcmlStmtDeletion(('KNAPSACK.java.xml', 'stmt', 9)) | SrcmlStmtReplacement(('KNAPSACK.java.xml', 'stmt', 4), ('KNAPSACK.java.xml', 'stmt', 4)) | SrcmlStmtInsertion(('KNAPSACK.java.xml', '_inter_block', 9), ('KNAPSACK.java.xml', 'stmt', 5))"
2024-11-03 12:05:06,246	[INFO]	3-7     SUCCESS               60.00 (100.00%) [3 edit(s)] [cached] 
2024-11-03 12:05:06,246	[DEBUG]	patch(3-7)="SrcmlStmtDeletion(('KNAPSACK.java.xml', 'stmt', 6)) | SrcmlStmtInsertion(('KNAPSACK.java.xml', '_inter_block', 22), ('KNAPSACK.java.xml', 'stmt', 9)) | SrcmlStmtReplacement(('KNAPSACK.java.xml', 'stmt', 4), ('KNAPSACK.java.xml', 'stmt', 4))"
2024-11-03 12:05:06,246	[INFO]	3-8     SUCCESS               60.00 (100.00%) [1 edit(s)] [cached] 
2024-11-03 12:05:06,246	[DEBUG]	patch(3-8)="SrcmlStmtReplacement(('KNAPSACK.java.xml', 'stmt', 4), ('KNAPSACK.java.xml', 'stmt', 4))"
2024-11-03 12:05:06,971	[INFO]	3-9     SUCCESS               60.00 (100.00%) [2 edit(s)]  
2024-11-03 12:05:06,971	[DEBUG]	patch(3-9)="SrcmlStmtDeletion(('KNAPSACK.java.xml', 'stmt', 5)) | SrcmlStmtInsertion(('KNAPSACK.java.xml', '_inter_block', 12), ('KNAPSACK.java.xml', 'stmt', 4))"
2024-11-03 12:05:06,971	[INFO]	3-10    SUCCESS               70.00 (116.67%) [1 edit(s)] [cached] 
2024-11-03 12:05:06,971	[DEBUG]	patch(3-10)="SrcmlStmtDeletion(('KNAPSACK.java.xml', 'stmt', 12))"
2024-11-03 12:05:06,972	[INFO]	3-11    SUCCESS               100.00 (166.67%) [1 edit(s)] [cached] 
2024-11-03 12:05:06,972	[DEBUG]	patch(3-11)="SrcmlStmtInsertion(('KNAPSACK.java.xml', '_inter_block', 10), ('KNAPSACK.java.xml', 'stmt', 6))"
2024-11-03 12:05:06,972	[INFO]	3-12    SUCCESS               100.00 (166.67%) [1 edit(s)] [cached] 
2024-11-03 12:05:06,972	[DEBUG]	patch(3-12)="SrcmlStmtReplacement(('KNAPSACK.java.xml', 'stmt', 11), ('KNAPSACK.java.xml', 'stmt', 4))"
2024-11-03 12:05:06,972	[INFO]	3-13    SUCCESS               100.00 (166.67%) [3 edit(s)] [cached] 
2024-11-03 12:05:06,972	[DEBUG]	patch(3-13)="SrcmlStmtDeletion(('KNAPSACK.java.xml', 'stmt', 7)) | SrcmlStmtInsertion(('KNAPSACK.java.xml', '_inter_block', 17), ('KNAPSACK.java.xml', 'stmt', 12)) | SrcmlStmtReplacement(('KNAPSACK.java.xml', 'stmt', 11), ('KNAPSACK.java.xml', 'stmt', 4))"
2024-11-03 12:05:06,973	[INFO]	3-14    SUCCESS               100.00 (166.67%) [1 edit(s)] [cached] 
2024-11-03 12:05:06,973	[DEBUG]	patch(3-14)="SrcmlStmtDeletion(('KNAPSACK.java.xml', 'stmt', 11))"
2024-11-03 12:05:06,973	[INFO]	3-15    SUCCESS               100.00 (166.67%) [1 edit(s)] [cached] 
2024-11-03 12:05:06,973	[DEBUG]	patch(3-15)="SrcmlStmtDeletion(('KNAPSACK.java.xml', 'stmt', 5))"
2024-11-03 12:05:06,973	[INFO]	3-16    SUCCESS               70.00 (116.67%) [2 edit(s)] [cached] 
2024-11-03 12:05:06,973	[DEBUG]	patch(3-16)="SrcmlStmtReplacement(('KNAPSACK.java.xml', 'stmt', 4), ('KNAPSACK.java.xml', 'stmt', 4)) | SrcmlStmtDeletion(('KNAPSACK.java.xml', 'stmt', 12))"
2024-11-03 12:05:06,974	[INFO]	3-17    SUCCESS               100.00 (166.67%) [1 edit(s)] [cached] 
2024-11-03 12:05:06,974	[DEBUG]	patch(3-17)="SrcmlStmtReplacement(('KNAPSACK.java.xml', 'stmt', 10), ('KNAPSACK.java.xml', 'stmt', 4))"
2024-11-03 12:05:06,974	[INFO]	3-18    SUCCESS               100.00 (166.67%) [1 edit(s)] [cached] 
2024-11-03 12:05:06,974	[DEBUG]	patch(3-18)="SrcmlStmtReplacement(('KNAPSACK.java.xml', 'stmt', 10), ('KNAPSACK.java.xml', 'stmt', 4))"
2024-11-03 12:05:06,974	[INFO]	3-19    SUCCESS               100.00 (166.67%) [1 edit(s)] [cached] 
2024-11-03 12:05:06,974	[DEBUG]	patch(3-19)="SrcmlStmtReplacement(('KNAPSACK.java.xml', 'stmt', 11), ('KNAPSACK.java.xml', 'stmt', 4))"
2024-11-03 12:05:07,460	[INFO]	3-20    SUCCESS               100.00 (166.67%) [3 edit(s)]  
2024-11-03 12:05:07,460	[DEBUG]	patch(3-20)="SrcmlStmtDeletion(('KNAPSACK.java.xml', 'stmt', 7)) | SrcmlStmtInsertion(('KNAPSACK.java.xml', '_inter_block', 17), ('KNAPSACK.java.xml', 'stmt', 12)) | SrcmlStmtDeletion(('KNAPSACK.java.xml', 'stmt', 6))"
2024-11-03 12:05:07,461	[INFO]	3-21    SUCCESS               100.00 (166.67%) [1 edit(s)] [cached] 
2024-11-03 12:05:07,461	[DEBUG]	patch(3-21)="SrcmlStmtDeletion(('KNAPSACK.java.xml', 'stmt', 6))"
2024-11-03 12:05:07,461	[INFO]	3-22    SUCCESS               100.00 (166.67%) [1 edit(s)] [cached] 
2024-11-03 12:05:07,461	[DEBUG]	patch(3-22)="SrcmlStmtDeletion(('KNAPSACK.java.xml', 'stmt', 5))"
2024-11-03 12:05:07,461	[INFO]	3-23    SUCCESS               60.00 (100.00%) [2 edit(s)] [cached] 
2024-11-03 12:05:07,461	[DEBUG]	patch(3-23)="SrcmlStmtReplacement(('KNAPSACK.java.xml', 'stmt', 4), ('KNAPSACK.java.xml', 'stmt', 4)) | SrcmlStmtReplacement(('KNAPSACK.java.xml', 'stmt', 4), ('KNAPSACK.java.xml', 'stmt', 4))"
2024-11-03 12:05:07,462	[INFO]	3-24    SUCCESS               100.00 (166.67%) [1 edit(s)] [cached] 
2024-11-03 12:05:07,462	[DEBUG]	patch(3-24)="SrcmlStmtDeletion(('KNAPSACK.java.xml', 'stmt', 6))"
2024-11-03 12:05:07,714	[INFO]	3-25    COMPILE_CODE_ERROR    None (--) [1 edit(s)]  
2024-11-03 12:05:07,714	[DEBUG]	patch(3-25)="SrcmlStmtReplacement(('KNAPSACK.java.xml', 'stmt', 6), ('KNAPSACK.java.xml', 'stmt', 10))"
2024-11-03 12:05:07,714	[INFO]	3-26    SUCCESS               60.00 (100.00%) [0 edit(s)] [cached] 
2024-11-03 12:05:07,714	[DEBUG]	patch(3-26)=""
2024-11-03 12:05:07,714	[INFO]	3-27    SUCCESS               60.00 (100.00%) [1 edit(s)] [cached] 
2024-11-03 12:05:07,714	[DEBUG]	patch(3-27)="SrcmlStmtInsertion(('KNAPSACK.java.xml', '_inter_block', 22), ('KNAPSACK.java.xml', 'stmt', 9))"
2024-11-03 12:05:07,956	[INFO]	3-28    COMPILE_CODE_ERROR    None (--) [2 edit(s)]  
2024-11-03 12:05:07,956	[DEBUG]	patch(3-28)="SrcmlStmtReplacement(('KNAPSACK.java.xml', 'stmt', 4), ('KNAPSACK.java.xml', 'stmt', 4)) | SrcmlStmtReplacement(('KNAPSACK.java.xml', 'stmt', 0), ('KNAPSACK.java.xml', 'stmt', 10))"
2024-11-03 12:05:07,956	[INFO]	3-29    SUCCESS               60.00 (100.00%) [0 edit(s)] [cached] 
2024-11-03 12:05:07,956	[DEBUG]	patch(3-29)=""
2024-11-03 12:05:07,956	[INFO]	3-30    SUCCESS               60.00 (100.00%) [0 edit(s)] [cached] 
2024-11-03 12:05:07,956	[DEBUG]	patch(3-30)=""
2024-11-03 12:05:08,258	[INFO]	3-31    COMPILE_CODE_ERROR    None (--) [2 edit(s)]  
2024-11-03 12:05:08,258	[DEBUG]	patch(3-31)="SrcmlStmtDeletion(('KNAPSACK.java.xml', 'stmt', 12)) | SrcmlStmtReplacement(('KNAPSACK.java.xml', 'stmt', 3), ('KNAPSACK.java.xml', 'stmt', 6))"
2024-11-03 12:05:08,258	[INFO]	3-32    SUCCESS               60.00 (100.00%) [0 edit(s)] [cached] 
2024-11-03 12:05:08,258	[DEBUG]	patch(3-32)=""
2024-11-03 12:05:08,259	[INFO]	3-33    SUCCESS               100.00 (166.67%) [4 edit(s)] [cached] 
2024-11-03 12:05:08,259	[DEBUG]	patch(3-33)="SrcmlStmtInsertion(('KNAPSACK.java.xml', '_inter_block', 22), ('KNAPSACK.java.xml', 'stmt', 9)) | SrcmlStmtDeletion(('KNAPSACK.java.xml', 'stmt', 7)) | SrcmlStmtInsertion(('KNAPSACK.java.xml', '_inter_block', 17), ('KNAPSACK.java.xml', 'stmt', 12)) | SrcmlStmtInsertion(('KNAPSACK.java.xml', '_inter_block', 17), ('KNAPSACK.java.xml', 'stmt', 2))"
2024-11-03 12:05:08,561	[INFO]	3-34    COMPILE_CODE_ERROR    None (--) [4 edit(s)]  
2024-11-03 12:05:08,561	[DEBUG]	patch(3-34)="SrcmlStmtDeletion(('KNAPSACK.java.xml', 'stmt', 11)) | SrcmlStmtDeletion(('KNAPSACK.java.xml', 'stmt', 6)) | SrcmlStmtDeletion(('KNAPSACK.java.xml', 'stmt', 4)) | SrcmlStmtInsertion(('KNAPSACK.java.xml', '_inter_block', 20), ('KNAPSACK.java.xml', 'stmt', 7))"
2024-11-03 12:05:08,867	[INFO]	3-35    COMPILE_CODE_ERROR    None (--) [2 edit(s)]  
2024-11-03 12:05:08,867	[DEBUG]	patch(3-35)="SrcmlStmtDeletion(('KNAPSACK.java.xml', 'stmt', 11)) | SrcmlStmtInsertion(('KNAPSACK.java.xml', '_inter_block', 22), ('KNAPSACK.java.xml', 'stmt', 7))"
2024-11-03 12:05:08,867	[INFO]	3-36    SUCCESS               70.00 (116.67%) [1 edit(s)] [cached] 
2024-11-03 12:05:08,867	[DEBUG]	patch(3-36)="SrcmlStmtDeletion(('KNAPSACK.java.xml', 'stmt', 12))"
2024-11-03 12:05:08,868	[INFO]	3-37    SUCCESS               100.00 (166.67%) [1 edit(s)] [cached] 
2024-11-03 12:05:08,868	[DEBUG]	patch(3-37)="SrcmlStmtDeletion(('KNAPSACK.java.xml', 'stmt', 11))"
2024-11-03 12:05:09,171	[INFO]	3-38    COMPILE_CODE_ERROR    None (--) [2 edit(s)]  
2024-11-03 12:05:09,171	[DEBUG]	patch(3-38)="SrcmlStmtReplacement(('KNAPSACK.java.xml', 'stmt', 10), ('KNAPSACK.java.xml', 'stmt', 4)) | SrcmlStmtInsertion(('KNAPSACK.java.xml', '_inter_block', 4), ('KNAPSACK.java.xml', 'stmt', 11))"
2024-11-03 12:05:09,172	[INFO]	3-39    SUCCESS               100.00 (166.67%) [3 edit(s)] [cached] 
2024-11-03 12:05:09,172	[DEBUG]	patch(3-39)="SrcmlStmtReplacement(('KNAPSACK.java.xml', 'stmt', 11), ('KNAPSACK.java.xml', 'stmt', 4)) | SrcmlStmtDeletion(('KNAPSACK.java.xml', 'stmt', 9)) | SrcmlStmtDeletion(('KNAPSACK.java.xml', 'stmt', 7))"
2024-11-03 12:05:09,172	[INFO]	3-40    SUCCESS               60.00 (100.00%) [0 edit(s)] [cached] 
2024-11-03 12:05:09,172	[DEBUG]	patch(3-40)=""
2024-11-03 12:05:09,172	[INFO]	REF     SUCCESS               60.00 (--) [0 edit(s)] [cached] 
2024-11-03 12:05:09,174	[INFO]	4-1     SUCCESS              +60.00 (100.00%) [0 edit(s)] [cached] 
2024-11-03 12:05:09,174	[DEBUG]	patch(4-1)=""
2024-11-03 12:05:09,174	[INFO]	4-2     SUCCESS               60.00 (100.00%) [1 edit(s)] [cached] 
2024-11-03 12:05:09,174	[DEBUG]	patch(4-2)="SrcmlStmtDeletion(('KNAPSACK.java.xml', 'stmt', 9))"
2024-11-03 12:05:09,174	[INFO]	4-3     SUCCESS               60.00 (100.00%) [2 edit(s)] [cached] 
2024-11-03 12:05:09,174	[DEBUG]	patch(4-3)="SrcmlStmtInsertion(('KNAPSACK.java.xml', '_inter_block', 22), ('KNAPSACK.java.xml', 'stmt', 9)) | SrcmlStmtReplacement(('KNAPSACK.java.xml', 'stmt', 4), ('KNAPSACK.java.xml', 'stmt', 4))"
2024-11-03 12:05:09,175	[INFO]	4-4     SUCCESS               60.00 (100.00%) [3 edit(s)] [cached] 
2024-11-03 12:05:09,175	[DEBUG]	patch(4-4)="SrcmlStmtDeletion(('KNAPSACK.java.xml', 'stmt', 6)) | SrcmlStmtInsertion(('KNAPSACK.java.xml', '_inter_block', 22), ('KNAPSACK.java.xml', 'stmt', 9)) | SrcmlStmtReplacement(('KNAPSACK.java.xml', 'stmt', 4), ('KNAPSACK.java.xml', 'stmt', 4))"
2024-11-03 12:05:09,175	[INFO]	4-5     SUCCESS               100.00 (166.67%) [1 edit(s)] [cached] 
2024-11-03 12:05:09,175	[DEBUG]	patch(4-5)="SrcmlStmtDeletion(('KNAPSACK.java.xml', 'stmt', 7))"
2024-11-03 12:05:09,176	[INFO]	4-6     SUCCESS               100.00 (166.67%) [2 edit(s)] [cached] 
2024-11-03 12:05:09,176	[DEBUG]	patch(4-6)="SrcmlStmtReplacement(('KNAPSACK.java.xml', 'stmt', 4), ('KNAPSACK.java.xml', 'stmt', 4)) | SrcmlStmtInsertion(('KNAPSACK.java.xml', '_inter_block', 9), ('KNAPSACK.java.xml', 'stmt', 5))"
2024-11-03 12:05:09,176	[INFO]	4-7     SUCCESS               60.00 (100.00%) [1 edit(s)] [cached] 
2024-11-03 12:05:09,176	[DEBUG]	patch(4-7)="SrcmlStmtInsertion(('KNAPSACK.java.xml', '_inter_block', 22), ('KNAPSACK.java.xml', 'stmt', 9))"
2024-11-03 12:05:09,651	[INFO]	4-8     SUCCESS               100.00 (166.67%) [4 edit(s)]  
2024-11-03 12:05:09,651	[DEBUG]	patch(4-8)="SrcmlStmtInsertion(('KNAPSACK.java.xml', '_inter_block', 22), ('KNAPSACK.java.xml', 'stmt', 9)) | SrcmlStmtReplacement(('KNAPSACK.java.xml', 'stmt', 4), ('KNAPSACK.java.xml', 'stmt', 4)) | SrcmlStmtInsertion(('KNAPSACK.java.xml', '_inter_block', 17), ('KNAPSACK.java.xml', 'stmt', 12)) | SrcmlStmtReplacement(('KNAPSACK.java.xml', 'stmt', 11), ('KNAPSACK.java.xml', 'stmt', 4))"
2024-11-03 12:05:09,651	[INFO]	4-9     SUCCESS               100.00 (166.67%) [4 edit(s)] [cached] 
2024-11-03 12:05:09,652	[DEBUG]	patch(4-9)="SrcmlStmtDeletion(('KNAPSACK.java.xml', 'stmt', 7)) | SrcmlStmtReplacement(('KNAPSACK.java.xml', 'stmt', 11), ('KNAPSACK.java.xml', 'stmt', 4)) | SrcmlStmtReplacement(('KNAPSACK.java.xml', 'stmt', 4), ('KNAPSACK.java.xml', 'stmt', 4)) | SrcmlStmtReplacement(('KNAPSACK.java.xml', 'stmt', 4), ('KNAPSACK.java.xml', 'stmt', 4))"
2024-11-03 12:05:09,652	[INFO]	4-10    SUCCESS               60.00 (100.00%) [1 edit(s)] [cached] 
2024-11-03 12:05:09,652	[DEBUG]	patch(4-10)="SrcmlStmtReplacement(('KNAPSACK.java.xml', 'stmt', 4), ('KNAPSACK.java.xml', 'stmt', 4))"
2024-11-03 12:05:09,652	[INFO]	4-11    SUCCESS               60.00 (100.00%) [1 edit(s)] [cached] 
2024-11-03 12:05:09,652	[DEBUG]	patch(4-11)="SrcmlStmtInsertion(('KNAPSACK.java.xml', '_inter_block', 22), ('KNAPSACK.java.xml', 'stmt', 9))"
2024-11-03 12:05:09,653	[INFO]	4-12    SUCCESS               60.00 (100.00%) [2 edit(s)] [cached] 
2024-11-03 12:05:09,653	[DEBUG]	patch(4-12)="SrcmlStmtDeletion(('KNAPSACK.java.xml', 'stmt', 5)) | SrcmlStmtInsertion(('KNAPSACK.java.xml', '_inter_block', 12), ('KNAPSACK.java.xml', 'stmt', 4))"
2024-11-03 12:05:09,653	[INFO]	4-13    SUCCESS               70.00 (116.67%) [2 edit(s)] [cached] 
2024-11-03 12:05:09,653	[DEBUG]	patch(4-13)="SrcmlStmtReplacement(('KNAPSACK.java.xml', 'stmt', 4), ('KNAPSACK.java.xml', 'stmt', 4)) | SrcmlStmtDeletion(('KNAPSACK.java.xml', 'stmt', 12))"
2024-11-03 12:05:09,653	[INFO]	4-14    SUCCESS               100.00 (166.67%) [2 edit(s)] [cached] 
2024-11-03 12:05:09,653	[DEBUG]	patch(4-14)="SrcmlStmtDeletion(('KNAPSACK.java.xml', 'stmt', 5)) | SrcmlStmtDeletion(('KNAPSACK.java.xml', 'stmt', 12))"
2024-11-03 12:05:09,653	[INFO]	4-15    SUCCESS               100.00 (166.67%) [3 edit(s)] [cached] 
2024-11-03 12:05:09,653	[DEBUG]	patch(4-15)="SrcmlStmtDeletion(('KNAPSACK.java.xml', 'stmt', 7)) | SrcmlStmtInsertion(('KNAPSACK.java.xml', '_inter_block', 17), ('KNAPSACK.java.xml', 'stmt', 12)) | SrcmlStmtInsertion(('KNAPSACK.java.xml', '_inter_block', 17), ('KNAPSACK.java.xml', 'stmt', 2))"
2024-11-03 12:05:09,654	[INFO]	4-16    SUCCESS               100.00 (166.67%) [3 edit(s)] [cached] 
2024-11-03 12:05:09,654	[DEBUG]	patch(4-16)="SrcmlStmtDeletion(('KNAPSACK.java.xml', 'stmt', 7)) | SrcmlStmtInsertion(('KNAPSACK.java.xml', '_inter_block', 17), ('KNAPSACK.java.xml', 'stmt', 12)) | SrcmlStmtDeletion(('KNAPSACK.java.xml', 'stmt', 7))"
2024-11-03 12:05:09,654	[INFO]	4-17    SUCCESS               100.00 (166.67%) [1 edit(s)] [cached] 
2024-11-03 12:05:09,654	[DEBUG]	patch(4-17)="SrcmlStmtDeletion(('KNAPSACK.java.xml', 'stmt', 5))"
2024-11-03 12:05:10,419	[INFO]	4-18    SUCCESS               100.00 (166.67%) [2 edit(s)]  
2024-11-03 12:05:10,419	[DEBUG]	patch(4-18)="SrcmlStmtDeletion(('KNAPSACK.java.xml', 'stmt', 5)) | SrcmlStmtInsertion(('KNAPSACK.java.xml', '_inter_block', 22), ('KNAPSACK.java.xml', 'stmt', 9))"
2024-11-03 12:05:10,419	[INFO]	4-19    SUCCESS               60.00 (100.00%) [1 edit(s)] [cached] 
2024-11-03 12:05:10,419	[DEBUG]	patch(4-19)="SrcmlStmtInsertion(('KNAPSACK.java.xml', '_inter_block', 22), ('KNAPSACK.java.xml', 'stmt', 9))"
2024-11-03 12:05:10,906	[INFO]	4-20    SUCCESS               100.00 (166.67%) [5 edit(s)]  
2024-11-03 12:05:10,906	[DEBUG]	patch(4-20)="SrcmlStmtDeletion(('KNAPSACK.java.xml', 'stmt', 7)) | SrcmlStmtInsertion(('KNAPSACK.java.xml', '_inter_block', 17), ('KNAPSACK.java.xml', 'stmt', 12)) | SrcmlStmtReplacement(('KNAPSACK.java.xml', 'stmt', 11), ('KNAPSACK.java.xml', 'stmt', 4)) | SrcmlStmtDeletion(('KNAPSACK.java.xml', 'stmt', 5)) | SrcmlStmtInsertion(('KNAPSACK.java.xml', '_inter_block', 12), ('KNAPSACK.java.xml', 'stmt', 4))"
2024-11-03 12:05:10,906	[INFO]	4-21    SUCCESS               60.00 (100.00%) [1 edit(s)] [cached] 
2024-11-03 12:05:10,906	[DEBUG]	patch(4-21)="SrcmlStmtDeletion(('KNAPSACK.java.xml', 'stmt', 9))"
2024-11-03 12:05:10,906	[INFO]	4-22    SUCCESS               100.00 (166.67%) [2 edit(s)] [cached] 
2024-11-03 12:05:10,906	[DEBUG]	patch(4-22)="SrcmlStmtDeletion(('KNAPSACK.java.xml', 'stmt', 9)) | SrcmlStmtDeletion(('KNAPSACK.java.xml', 'stmt', 7))"
2024-11-03 12:05:10,907	[INFO]	4-23    SUCCESS               70.00 (116.67%) [1 edit(s)] [cached] 
2024-11-03 12:05:10,907	[DEBUG]	patch(4-23)="SrcmlStmtDeletion(('KNAPSACK.java.xml', 'stmt', 12))"
2024-11-03 12:05:10,907	[INFO]	4-24    SUCCESS               100.00 (166.67%) [2 edit(s)] [cached] 
2024-11-03 12:05:10,907	[DEBUG]	patch(4-24)="SrcmlStmtDeletion(('KNAPSACK.java.xml', 'stmt', 7)) | SrcmlStmtReplacement(('KNAPSACK.java.xml', 'stmt', 10), ('KNAPSACK.java.xml', 'stmt', 4))"
2024-11-03 12:05:10,907	[INFO]	4-25    SUCCESS               60.00 (100.00%) [1 edit(s)] [cached] 
2024-11-03 12:05:10,907	[DEBUG]	patch(4-25)="SrcmlStmtDeletion(('KNAPSACK.java.xml', 'stmt', 9))"
2024-11-03 12:05:11,638	[INFO]	4-26    SUCCESS               100.00 (166.67%) [2 edit(s)]  
2024-11-03 12:05:11,639	[DEBUG]	patch(4-26)="SrcmlStmtDeletion(('KNAPSACK.java.xml', 'stmt', 9)) | SrcmlStmtDeletion(('KNAPSACK.java.xml', 'stmt', 6))"
2024-11-03 12:05:12,367	[INFO]	4-27    SUCCESS               60.00 (100.00%) [3 edit(s)]  
2024-11-03 12:05:12,367	[DEBUG]	patch(4-27)="SrcmlStmtInsertion(('KNAPSACK.java.xml', '_inter_block', 22), ('KNAPSACK.java.xml', 'stmt', 9)) | SrcmlStmtReplacement(('KNAPSACK.java.xml', 'stmt', 4), ('KNAPSACK.java.xml', 'stmt', 4)) | SrcmlStmtInsertion(('KNAPSACK.java.xml', '_inter_block', 23), ('KNAPSACK.java.xml', 'stmt', 5))"
2024-11-03 12:05:12,367	[INFO]	4-28    SUCCESS               60.00 (100.00%) [2 edit(s)] [cached] 
2024-11-03 12:05:12,367	[DEBUG]	patch(4-28)="SrcmlStmtInsertion(('KNAPSACK.java.xml', '_inter_block', 22), ('KNAPSACK.java.xml', 'stmt', 9)) | SrcmlStmtReplacement(('KNAPSACK.java.xml', 'stmt', 4), ('KNAPSACK.java.xml', 'stmt', 4))"
2024-11-03 12:05:12,684	[INFO]	4-29    COMPILE_CODE_ERROR    None (--) [3 edit(s)]  
2024-11-03 12:05:12,684	[DEBUG]	patch(4-29)="SrcmlStmtReplacement(('KNAPSACK.java.xml', 'stmt', 4), ('KNAPSACK.java.xml', 'stmt', 4)) | SrcmlStmtReplacement(('KNAPSACK.java.xml', 'stmt', 4), ('KNAPSACK.java.xml', 'stmt', 4)) | SrcmlStmtInsertion(('KNAPSACK.java.xml', '_inter_block', 7), ('KNAPSACK.java.xml', 'stmt', 0))"
2024-11-03 12:05:12,684	[INFO]	4-30    SUCCESS               60.00 (100.00%) [0 edit(s)] [cached] 
2024-11-03 12:05:12,684	[DEBUG]	patch(4-30)=""
2024-11-03 12:05:12,685	[INFO]	4-31    SUCCESS               60.00 (100.00%) [0 edit(s)] [cached] 
2024-11-03 12:05:12,685	[DEBUG]	patch(4-31)=""
2024-11-03 12:05:12,685	[INFO]	4-32    SUCCESS               100.00 (166.67%) [1 edit(s)] [cached] 
2024-11-03 12:05:12,685	[DEBUG]	patch(4-32)="SrcmlStmtDeletion(('KNAPSACK.java.xml', 'stmt', 5))"
2024-11-03 12:05:12,987	[INFO]	4-33    COMPILE_CODE_ERROR    None (--) [3 edit(s)]  
2024-11-03 12:05:12,987	[DEBUG]	patch(4-33)="SrcmlStmtReplacement(('KNAPSACK.java.xml', 'stmt', 4), ('KNAPSACK.java.xml', 'stmt', 4)) | SrcmlStmtDeletion(('KNAPSACK.java.xml', 'stmt', 12)) | SrcmlStmtDeletion(('KNAPSACK.java.xml', 'stmt', 13))"
2024-11-03 12:05:12,987	[INFO]	4-34    SUCCESS               60.00 (100.00%) [0 edit(s)] [cached] 
2024-11-03 12:05:12,987	[DEBUG]	patch(4-34)=""
2024-11-03 12:05:12,987	[INFO]	4-35    SUCCESS               60.00 (100.00%) [0 edit(s)] [cached] 
2024-11-03 12:05:12,987	[DEBUG]	patch(4-35)=""
2024-11-03 12:05:12,988	[INFO]	4-36    SUCCESS               100.00 (166.67%) [4 edit(s)] [cached] 
2024-11-03 12:05:12,988	[DEBUG]	patch(4-36)="SrcmlStmtDeletion(('KNAPSACK.java.xml', 'stmt', 7)) | SrcmlStmtInsertion(('KNAPSACK.java.xml', '_inter_block', 17), ('KNAPSACK.java.xml', 'stmt', 12)) | SrcmlStmtDeletion(('KNAPSACK.java.xml', 'stmt', 6)) | SrcmlStmtReplacement(('KNAPSACK.java.xml', 'stmt', 10), ('KNAPSACK.java.xml', 'stmt', 10))"
2024-11-03 12:05:13,296	[INFO]	4-37    COMPILE_CODE_ERROR    None (--) [2 edit(s)]  
2024-11-03 12:05:13,296	[DEBUG]	patch(4-37)="SrcmlStmtDeletion(('KNAPSACK.java.xml', 'stmt', 11)) | SrcmlStmtReplacement(('KNAPSACK.java.xml', 'stmt', 13), ('KNAPSACK.java.xml', 'stmt', 4))"
2024-11-03 12:05:13,296	[INFO]	4-38    SUCCESS               60.00 (100.00%) [0 edit(s)] [cached] 
2024-11-03 12:05:13,296	[DEBUG]	patch(4-38)=""
2024-11-03 12:05:13,296	[INFO]	4-39    SUCCESS               60.00 (100.00%) [0 edit(s)] [cached] 
2024-11-03 12:05:13,296	[DEBUG]	patch(4-39)=""
2024-11-03 12:05:13,297	[INFO]	4-40    SUCCESS               100.00 (166.67%) [4 edit(s)] [cached] 
2024-11-03 12:05:13,297	[DEBUG]	patch(4-40)="SrcmlStmtDeletion(('KNAPSACK.java.xml', 'stmt', 7)) | SrcmlStmtInsertion(('KNAPSACK.java.xml', '_inter_block', 17), ('KNAPSACK.java.xml', 'stmt', 12)) | SrcmlStmtReplacement(('KNAPSACK.java.xml', 'stmt', 11), ('KNAPSACK.java.xml', 'stmt', 4)) | SrcmlStmtDeletion(('KNAPSACK.java.xml', 'stmt', 8))"
2024-11-03 12:05:13,297	[INFO]	REF     SUCCESS               60.00 (--) [0 edit(s)] [cached] 
2024-11-03 12:05:13,299	[INFO]	5-1     SUCCESS              +60.00 (100.00%) [0 edit(s)] [cached] 
2024-11-03 12:05:13,299	[DEBUG]	patch(5-1)=""
2024-11-03 12:05:13,299	[INFO]	5-2     SUCCESS               60.00 (100.00%) [1 edit(s)] [cached] 
2024-11-03 12:05:13,299	[DEBUG]	patch(5-2)="SrcmlStmtDeletion(('KNAPSACK.java.xml', 'stmt', 9))"
2024-11-03 12:05:13,300	[INFO]	5-3     SUCCESS               60.00 (100.00%) [2 edit(s)] [cached] 
2024-11-03 12:05:13,300	[DEBUG]	patch(5-3)="SrcmlStmtInsertion(('KNAPSACK.java.xml', '_inter_block', 22), ('KNAPSACK.java.xml', 'stmt', 9)) | SrcmlStmtReplacement(('KNAPSACK.java.xml', 'stmt', 4), ('KNAPSACK.java.xml', 'stmt', 4))"
2024-11-03 12:05:13,300	[INFO]	5-4     SUCCESS               60.00 (100.00%) [3 edit(s)] [cached] 
2024-11-03 12:05:13,300	[DEBUG]	patch(5-4)="SrcmlStmtDeletion(('KNAPSACK.java.xml', 'stmt', 6)) | SrcmlStmtInsertion(('KNAPSACK.java.xml', '_inter_block', 22), ('KNAPSACK.java.xml', 'stmt', 9)) | SrcmlStmtReplacement(('KNAPSACK.java.xml', 'stmt', 4), ('KNAPSACK.java.xml', 'stmt', 4))"
2024-11-03 12:05:13,300	[INFO]	5-5     SUCCESS               100.00 (166.67%) [1 edit(s)] [cached] 
2024-11-03 12:05:13,300	[DEBUG]	patch(5-5)="SrcmlStmtDeletion(('KNAPSACK.java.xml', 'stmt', 6))"
2024-11-03 12:05:13,301	[INFO]	5-6     SUCCESS               60.00 (100.00%) [1 edit(s)] [cached] 
2024-11-03 12:05:13,301	[DEBUG]	patch(5-6)="SrcmlStmtDeletion(('KNAPSACK.java.xml', 'stmt', 9))"
2024-11-03 12:05:14,043	[INFO]	5-7     SUCCESS               100.00 (166.67%) [3 edit(s)]  
2024-11-03 12:05:14,043	[DEBUG]	patch(5-7)="SrcmlStmtDeletion(('KNAPSACK.java.xml', 'stmt', 5)) | SrcmlStmtDeletion(('KNAPSACK.java.xml', 'stmt', 12)) | SrcmlStmtInsertion(('KNAPSACK.java.xml', '_inter_block', 22), ('KNAPSACK.java.xml', 'stmt', 9))"
2024-11-03 12:05:14,044	[INFO]	5-8     SUCCESS               60.00 (100.00%) [1 edit(s)] [cached] 
2024-11-03 12:05:14,044	[DEBUG]	patch(5-8)="SrcmlStmtInsertion(('KNAPSACK.java.xml', '_inter_block', 22), ('KNAPSACK.java.xml', 'stmt', 9))"
2024-11-03 12:05:14,044	[INFO]	5-9     SUCCESS               60.00 (100.00%) [1 edit(s)] [cached] 
2024-11-03 12:05:14,044	[DEBUG]	patch(5-9)="SrcmlStmtReplacement(('KNAPSACK.java.xml', 'stmt', 4), ('KNAPSACK.java.xml', 'stmt', 4))"
2024-11-03 12:05:14,044	[INFO]	5-10    SUCCESS               60.00 (100.00%) [1 edit(s)] [cached] 
2024-11-03 12:05:14,044	[DEBUG]	patch(5-10)="SrcmlStmtReplacement(('KNAPSACK.java.xml', 'stmt', 4), ('KNAPSACK.java.xml', 'stmt', 4))"
2024-11-03 12:05:14,044	[INFO]	5-11    SUCCESS               100.00 (166.67%) [1 edit(s)] [cached] 
2024-11-03 12:05:14,044	[DEBUG]	patch(5-11)="SrcmlStmtDeletion(('KNAPSACK.java.xml', 'stmt', 7))"
2024-11-03 12:05:14,045	[INFO]	5-12    SUCCESS               60.00 (100.00%) [2 edit(s)] [cached] 
2024-11-03 12:05:14,045	[DEBUG]	patch(5-12)="SrcmlStmtDeletion(('KNAPSACK.java.xml', 'stmt', 5)) | SrcmlStmtInsertion(('KNAPSACK.java.xml', '_inter_block', 12), ('KNAPSACK.java.xml', 'stmt', 4))"
2024-11-03 12:05:14,720	[INFO]	5-13    SUCCESS               100.00 (166.67%) [3 edit(s)]  
2024-11-03 12:05:14,720	[DEBUG]	patch(5-13)="SrcmlStmtReplacement(('KNAPSACK.java.xml', 'stmt', 4), ('KNAPSACK.java.xml', 'stmt', 4)) | SrcmlStmtReplacement(('KNAPSACK.java.xml', 'stmt', 11), ('KNAPSACK.java.xml', 'stmt', 4)) | SrcmlStmtDeletion(('KNAPSACK.java.xml', 'stmt', 5))"
2024-11-03 12:05:15,199	[INFO]	5-14    SUCCESS               100.00 (166.67%) [3 edit(s)]  
2024-11-03 12:05:15,199	[DEBUG]	patch(5-14)="SrcmlStmtReplacement(('KNAPSACK.java.xml', 'stmt', 4), ('KNAPSACK.java.xml', 'stmt', 4)) | SrcmlStmtInsertion(('KNAPSACK.java.xml', '_inter_block', 9), ('KNAPSACK.java.xml', 'stmt', 5)) | SrcmlStmtDeletion(('KNAPSACK.java.xml', 'stmt', 12))"
2024-11-03 12:05:15,199	[INFO]	5-15    SUCCESS               100.00 (166.67%) [2 edit(s)] [cached] 
2024-11-03 12:05:15,200	[DEBUG]	patch(5-15)="SrcmlStmtReplacement(('KNAPSACK.java.xml', 'stmt', 11), ('KNAPSACK.java.xml', 'stmt', 4)) | SrcmlStmtReplacement(('KNAPSACK.java.xml', 'stmt', 4), ('KNAPSACK.java.xml', 'stmt', 4))"
2024-11-03 12:05:15,682	[INFO]	5-16    SUCCESS               100.00 (166.67%) [6 edit(s)]  
2024-11-03 12:05:15,683	[DEBUG]	patch(5-16)="SrcmlStmtInsertion(('KNAPSACK.java.xml', '_inter_block', 17), ('KNAPSACK.java.xml', 'stmt', 12)) | SrcmlStmtReplacement(('KNAPSACK.java.xml', 'stmt', 11), ('KNAPSACK.java.xml', 'stmt', 4)) | SrcmlStmtDeletion(('KNAPSACK.java.xml', 'stmt', 5)) | SrcmlStmtInsertion(('KNAPSACK.java.xml', '_inter_block', 17), ('KNAPSACK.java.xml', 'stmt', 12)) | SrcmlStmtDeletion(('KNAPSACK.java.xml', 'stmt', 5)) | SrcmlStmtInsertion(('KNAPSACK.java.xml', '_inter_block', 12), ('KNAPSACK.java.xml', 'stmt', 4))"
2024-11-03 12:05:15,936	[INFO]	5-17    COMPILE_CODE_ERROR    None (--) [4 edit(s)]  
2024-11-03 12:05:15,936	[DEBUG]	patch(5-17)="SrcmlStmtInsertion(('KNAPSACK.java.xml', '_inter_block', 17), ('KNAPSACK.java.xml', 'stmt', 12)) | SrcmlStmtReplacement(('KNAPSACK.java.xml', 'stmt', 11), ('KNAPSACK.java.xml', 'stmt', 4)) | SrcmlStmtDeletion(('KNAPSACK.java.xml', 'stmt', 8)) | SrcmlStmtInsertion(('KNAPSACK.java.xml', '_inter_block', 9), ('KNAPSACK.java.xml', 'stmt', 5))"
2024-11-03 12:05:15,936	[INFO]	5-18    SUCCESS               100.00 (166.67%) [3 edit(s)] [cached] 
2024-11-03 12:05:15,937	[DEBUG]	patch(5-18)="SrcmlStmtDeletion(('KNAPSACK.java.xml', 'stmt', 7)) | SrcmlStmtReplacement(('KNAPSACK.java.xml', 'stmt', 10), ('KNAPSACK.java.xml', 'stmt', 4)) | SrcmlStmtDeletion(('KNAPSACK.java.xml', 'stmt', 6))"
2024-11-03 12:05:15,937	[INFO]	5-19    SUCCESS               60.00 (100.00%) [3 edit(s)] [cached] 
2024-11-03 12:05:15,937	[DEBUG]	patch(5-19)="SrcmlStmtDeletion(('KNAPSACK.java.xml', 'stmt', 5)) | SrcmlStmtDeletion(('KNAPSACK.java.xml', 'stmt', 5)) | SrcmlStmtInsertion(('KNAPSACK.java.xml', '_inter_block', 12), ('KNAPSACK.java.xml', 'stmt', 4))"
2024-11-03 12:05:15,937	[INFO]	5-20    SUCCESS               60.00 (100.00%) [1 edit(s)] [cached] 
2024-11-03 12:05:15,937	[DEBUG]	patch(5-20)="SrcmlStmtInsertion(('KNAPSACK.java.xml', '_inter_block', 22), ('KNAPSACK.java.xml', 'stmt', 9))"
2024-11-03 12:05:16,238	[INFO]	5-21    COMPILE_CODE_ERROR    None (--) [3 edit(s)]  
2024-11-03 12:05:16,238	[DEBUG]	patch(5-21)="SrcmlStmtInsertion(('KNAPSACK.java.xml', '_inter_block', 17), ('KNAPSACK.java.xml', 'stmt', 12)) | SrcmlStmtInsertion(('KNAPSACK.java.xml', '_inter_block', 17), ('KNAPSACK.java.xml', 'stmt', 2)) | SrcmlStmtInsertion(('KNAPSACK.java.xml', '_inter_block', 22), ('KNAPSACK.java.xml', 'stmt', 9))"
2024-11-03 12:05:16,492	[INFO]	5-22    COMPILE_CODE_ERROR    None (--) [1 edit(s)]  
2024-11-03 12:05:16,492	[DEBUG]	patch(5-22)="SrcmlStmtDeletion(('KNAPSACK.java.xml', 'stmt', 8))"
2024-11-03 12:05:16,492	[INFO]	5-23    SUCCESS               100.00 (166.67%) [4 edit(s)] [cached] 
2024-11-03 12:05:16,493	[DEBUG]	patch(5-23)="SrcmlStmtDeletion(('KNAPSACK.java.xml', 'stmt', 7)) | SrcmlStmtInsertion(('KNAPSACK.java.xml', '_inter_block', 17), ('KNAPSACK.java.xml', 'stmt', 12)) | SrcmlStmtDeletion(('KNAPSACK.java.xml', 'stmt', 6)) | SrcmlStmtReplacement(('KNAPSACK.java.xml', 'stmt', 10), ('KNAPSACK.java.xml', 'stmt', 10))"
2024-11-03 12:05:16,493	[INFO]	5-24    SUCCESS               100.00 (166.67%) [1 edit(s)] [cached] 
2024-11-03 12:05:16,493	[DEBUG]	patch(5-24)="SrcmlStmtDeletion(('KNAPSACK.java.xml', 'stmt', 5))"
2024-11-03 12:05:17,281	[INFO]	5-25    SUCCESS               60.00 (100.00%) [1 edit(s)]  
2024-11-03 12:05:17,281	[DEBUG]	patch(5-25)="SrcmlStmtInsertion(('KNAPSACK.java.xml', '_inter_block', 20), ('KNAPSACK.java.xml', 'stmt', 11))"
2024-11-03 12:05:17,282	[INFO]	5-26    SUCCESS               60.00 (100.00%) [0 edit(s)] [cached] 
2024-11-03 12:05:17,282	[DEBUG]	patch(5-26)=""
2024-11-03 12:05:17,538	[INFO]	5-27    COMPILE_CODE_ERROR    None (--) [3 edit(s)]  
2024-11-03 12:05:17,539	[DEBUG]	patch(5-27)="SrcmlStmtInsertion(('KNAPSACK.java.xml', '_inter_block', 22), ('KNAPSACK.java.xml', 'stmt', 9)) | SrcmlStmtReplacement(('KNAPSACK.java.xml', 'stmt', 4), ('KNAPSACK.java.xml', 'stmt', 4)) | SrcmlStmtInsertion(('KNAPSACK.java.xml', '_inter_block', 0), ('KNAPSACK.java.xml', 'stmt', 10))"
2024-11-03 12:05:17,853	[INFO]	5-28    COMPILE_CODE_ERROR    None (--) [4 edit(s)]  
2024-11-03 12:05:17,853	[DEBUG]	patch(5-28)="SrcmlStmtDeletion(('KNAPSACK.java.xml', 'stmt', 6)) | SrcmlStmtInsertion(('KNAPSACK.java.xml', '_inter_block', 22), ('KNAPSACK.java.xml', 'stmt', 9)) | SrcmlStmtReplacement(('KNAPSACK.java.xml', 'stmt', 4), ('KNAPSACK.java.xml', 'stmt', 4)) | SrcmlStmtDeletion(('KNAPSACK.java.xml', 'stmt', 13))"
2024-11-03 12:05:17,853	[INFO]	5-29    SUCCESS               60.00 (100.00%) [2 edit(s)] [cached] 
2024-11-03 12:05:17,853	[DEBUG]	patch(5-29)="SrcmlStmtInsertion(('KNAPSACK.java.xml', '_inter_block', 22), ('KNAPSACK.java.xml', 'stmt', 9)) | SrcmlStmtReplacement(('KNAPSACK.java.xml', 'stmt', 4), ('KNAPSACK.java.xml', 'stmt', 4))"
2024-11-03 12:05:17,854	[INFO]	5-30    SUCCESS               100.00 (166.67%) [2 edit(s)] [cached] 
2024-11-03 12:05:17,854	[DEBUG]	patch(5-30)="SrcmlStmtReplacement(('KNAPSACK.java.xml', 'stmt', 4), ('KNAPSACK.java.xml', 'stmt', 4)) | SrcmlStmtDeletion(('KNAPSACK.java.xml', 'stmt', 5))"
2024-11-03 12:05:17,854	[INFO]	5-31    SUCCESS               60.00 (100.00%) [0 edit(s)] [cached] 
2024-11-03 12:05:17,854	[DEBUG]	patch(5-31)=""
2024-11-03 12:05:18,176	[INFO]	5-32    COMPILE_CODE_ERROR    None (--) [3 edit(s)]  
2024-11-03 12:05:18,176	[DEBUG]	patch(5-32)="SrcmlStmtDeletion(('KNAPSACK.java.xml', 'stmt', 5)) | SrcmlStmtInsertion(('KNAPSACK.java.xml', '_inter_block', 12), ('KNAPSACK.java.xml', 'stmt', 4)) | SrcmlStmtReplacement(('KNAPSACK.java.xml', 'stmt', 0), ('KNAPSACK.java.xml', 'stmt', 4))"
2024-11-03 12:05:18,476	[INFO]	5-33    COMPILE_CODE_ERROR    None (--) [3 edit(s)]  
2024-11-03 12:05:18,476	[DEBUG]	patch(5-33)="SrcmlStmtReplacement(('KNAPSACK.java.xml', 'stmt', 4), ('KNAPSACK.java.xml', 'stmt', 4)) | SrcmlStmtDeletion(('KNAPSACK.java.xml', 'stmt', 12)) | SrcmlStmtDeletion(('KNAPSACK.java.xml', 'stmt', 2))"
2024-11-03 12:05:18,728	[INFO]	5-34    COMPILE_CODE_ERROR    None (--) [2 edit(s)]  
2024-11-03 12:05:18,728	[DEBUG]	patch(5-34)="SrcmlStmtDeletion(('KNAPSACK.java.xml', 'stmt', 12)) | SrcmlStmtInsertion(('KNAPSACK.java.xml', '_inter_block', 10), ('KNAPSACK.java.xml', 'stmt', 10))"
2024-11-03 12:05:19,026	[INFO]	5-35    COMPILE_CODE_ERROR    None (--) [5 edit(s)]  
2024-11-03 12:05:19,026	[DEBUG]	patch(5-35)="SrcmlStmtDeletion(('KNAPSACK.java.xml', 'stmt', 7)) | SrcmlStmtReplacement(('KNAPSACK.java.xml', 'stmt', 11), ('KNAPSACK.java.xml', 'stmt', 4)) | SrcmlStmtReplacement(('KNAPSACK.java.xml', 'stmt', 4), ('KNAPSACK.java.xml', 'stmt', 4)) | SrcmlStmtReplacement(('KNAPSACK.java.xml', 'stmt', 4), ('KNAPSACK.java.xml', 'stmt', 4)) | SrcmlStmtReplacement(('KNAPSACK.java.xml', 'stmt', 7), ('KNAPSACK.java.xml', 'stmt', 12))"
2024-11-03 12:05:19,513	[INFO]	5-36    SUCCESS               100.00 (166.67%) [4 edit(s)]  
2024-11-03 12:05:19,513	[DEBUG]	patch(5-36)="SrcmlStmtDeletion(('KNAPSACK.java.xml', 'stmt', 7)) | SrcmlStmtInsertion(('KNAPSACK.java.xml', '_inter_block', 17), ('KNAPSACK.java.xml', 'stmt', 12)) | SrcmlStmtDeletion(('KNAPSACK.java.xml', 'stmt', 5)) | SrcmlStmtInsertion(('KNAPSACK.java.xml', '_inter_block', 12), ('KNAPSACK.java.xml', 'stmt', 4))"
2024-11-03 12:05:19,513	[INFO]	5-37    SUCCESS               100.00 (166.67%) [1 edit(s)] [cached] 
2024-11-03 12:05:19,513	[DEBUG]	patch(5-37)="SrcmlStmtInsertion(('KNAPSACK.java.xml', '_inter_block', 9), ('KNAPSACK.java.xml', 'stmt', 5))"
2024-11-03 12:05:19,514	[INFO]	5-38    SUCCESS               100.00 (166.67%) [1 edit(s)] [cached] 
2024-11-03 12:05:19,514	[DEBUG]	patch(5-38)="SrcmlStmtReplacement(('KNAPSACK.java.xml', 'stmt', 10), ('KNAPSACK.java.xml', 'stmt', 4))"
2024-11-03 12:05:19,814	[INFO]	5-39    COMPILE_CODE_ERROR    None (--) [2 edit(s)]  
2024-11-03 12:05:19,815	[DEBUG]	patch(5-39)="SrcmlStmtDeletion(('KNAPSACK.java.xml', 'stmt', 5)) | SrcmlStmtInsertion(('KNAPSACK.java.xml', '_inter_block', 17), ('KNAPSACK.java.xml', 'stmt', 2))"
2024-11-03 12:05:20,057	[INFO]	5-40    COMPILE_CODE_ERROR    None (--) [3 edit(s)]  
2024-11-03 12:05:20,057	[DEBUG]	patch(5-40)="SrcmlStmtDeletion(('KNAPSACK.java.xml', 'stmt', 5)) | SrcmlStmtInsertion(('KNAPSACK.java.xml', '_inter_block', 22), ('KNAPSACK.java.xml', 'stmt', 9)) | SrcmlStmtInsertion(('KNAPSACK.java.xml', '_inter_block', 16), ('KNAPSACK.java.xml', 'stmt', 5))"
2024-11-03 12:05:20,058	[INFO]	REF     SUCCESS               60.00 (--) [0 edit(s)] [cached] 
2024-11-03 12:05:20,060	[INFO]	6-1     SUCCESS              +60.00 (100.00%) [0 edit(s)] [cached] 
2024-11-03 12:05:20,060	[DEBUG]	patch(6-1)=""
2024-11-03 12:05:20,060	[INFO]	6-2     SUCCESS               60.00 (100.00%) [1 edit(s)] [cached] 
2024-11-03 12:05:20,060	[DEBUG]	patch(6-2)="SrcmlStmtDeletion(('KNAPSACK.java.xml', 'stmt', 9))"
2024-11-03 12:05:20,060	[INFO]	6-3     SUCCESS               60.00 (100.00%) [2 edit(s)] [cached] 
2024-11-03 12:05:20,060	[DEBUG]	patch(6-3)="SrcmlStmtInsertion(('KNAPSACK.java.xml', '_inter_block', 22), ('KNAPSACK.java.xml', 'stmt', 9)) | SrcmlStmtReplacement(('KNAPSACK.java.xml', 'stmt', 4), ('KNAPSACK.java.xml', 'stmt', 4))"
2024-11-03 12:05:20,061	[INFO]	6-4     SUCCESS               60.00 (100.00%) [3 edit(s)] [cached] 
2024-11-03 12:05:20,061	[DEBUG]	patch(6-4)="SrcmlStmtDeletion(('KNAPSACK.java.xml', 'stmt', 6)) | SrcmlStmtInsertion(('KNAPSACK.java.xml', '_inter_block', 22), ('KNAPSACK.java.xml', 'stmt', 9)) | SrcmlStmtReplacement(('KNAPSACK.java.xml', 'stmt', 4), ('KNAPSACK.java.xml', 'stmt', 4))"
2024-11-03 12:05:20,061	[INFO]	6-5     SUCCESS               60.00 (100.00%) [1 edit(s)] [cached] 
2024-11-03 12:05:20,061	[DEBUG]	patch(6-5)="SrcmlStmtReplacement(('KNAPSACK.java.xml', 'stmt', 4), ('KNAPSACK.java.xml', 'stmt', 4))"
2024-11-03 12:05:20,061	[INFO]	6-6     SUCCESS               100.00 (166.67%) [2 edit(s)] [cached] 
2024-11-03 12:05:20,061	[DEBUG]	patch(6-6)="SrcmlStmtDeletion(('KNAPSACK.java.xml', 'stmt', 9)) | SrcmlStmtDeletion(('KNAPSACK.java.xml', 'stmt', 7))"
2024-11-03 12:05:20,062	[INFO]	6-7     SUCCESS               100.00 (166.67%) [3 edit(s)] [cached] 
2024-11-03 12:05:20,062	[DEBUG]	patch(6-7)="SrcmlStmtInsertion(('KNAPSACK.java.xml', '_inter_block', 22), ('KNAPSACK.java.xml', 'stmt', 9)) | SrcmlStmtReplacement(('KNAPSACK.java.xml', 'stmt', 4), ('KNAPSACK.java.xml', 'stmt', 4)) | SrcmlStmtDeletion(('KNAPSACK.java.xml', 'stmt', 7))"
2024-11-03 12:05:20,818	[INFO]	6-8     SUCCESS               100.00 (166.67%) [3 edit(s)]  
2024-11-03 12:05:20,818	[DEBUG]	patch(6-8)="SrcmlStmtDeletion(('KNAPSACK.java.xml', 'stmt', 6)) | SrcmlStmtInsertion(('KNAPSACK.java.xml', '_inter_block', 22), ('KNAPSACK.java.xml', 'stmt', 9)) | SrcmlStmtDeletion(('KNAPSACK.java.xml', 'stmt', 6))"
2024-11-03 12:05:21,300	[INFO]	6-9     SUCCESS               100.00 (166.67%) [6 edit(s)]  
2024-11-03 12:05:21,300	[DEBUG]	patch(6-9)="SrcmlStmtDeletion(('KNAPSACK.java.xml', 'stmt', 5)) | SrcmlStmtInsertion(('KNAPSACK.java.xml', '_inter_block', 12), ('KNAPSACK.java.xml', 'stmt', 4)) | SrcmlStmtDeletion(('KNAPSACK.java.xml', 'stmt', 7)) | SrcmlStmtInsertion(('KNAPSACK.java.xml', '_inter_block', 17), ('KNAPSACK.java.xml', 'stmt', 12)) | SrcmlStmtDeletion(('KNAPSACK.java.xml', 'stmt', 6)) | SrcmlStmtReplacement(('KNAPSACK.java.xml', 'stmt', 10), ('KNAPSACK.java.xml', 'stmt', 10))"
2024-11-03 12:05:21,301	[INFO]	6-10    SUCCESS               100.00 (166.67%) [2 edit(s)] [cached] 
2024-11-03 12:05:21,301	[DEBUG]	patch(6-10)="SrcmlStmtReplacement(('KNAPSACK.java.xml', 'stmt', 4), ('KNAPSACK.java.xml', 'stmt', 4)) | SrcmlStmtReplacement(('KNAPSACK.java.xml', 'stmt', 11), ('KNAPSACK.java.xml', 'stmt', 4))"
2024-11-03 12:05:21,301	[INFO]	6-11    SUCCESS               100.00 (166.67%) [2 edit(s)] [cached] 
2024-11-03 12:05:21,301	[DEBUG]	patch(6-11)="SrcmlStmtInsertion(('KNAPSACK.java.xml', '_inter_block', 20), ('KNAPSACK.java.xml', 'stmt', 11)) | SrcmlStmtDeletion(('KNAPSACK.java.xml', 'stmt', 7))"
2024-11-03 12:05:21,301	[INFO]	6-12    SUCCESS               60.00 (100.00%) [1 edit(s)] [cached] 
2024-11-03 12:05:21,301	[DEBUG]	patch(6-12)="SrcmlStmtInsertion(('KNAPSACK.java.xml', '_inter_block', 22), ('KNAPSACK.java.xml', 'stmt', 9))"
2024-11-03 12:05:21,302	[INFO]	6-13    SUCCESS               60.00 (100.00%) [2 edit(s)] [cached] 
2024-11-03 12:05:21,302	[DEBUG]	patch(6-13)="SrcmlStmtInsertion(('KNAPSACK.java.xml', '_inter_block', 22), ('KNAPSACK.java.xml', 'stmt', 9)) | SrcmlStmtReplacement(('KNAPSACK.java.xml', 'stmt', 4), ('KNAPSACK.java.xml', 'stmt', 4))"
2024-11-03 12:05:21,302	[INFO]	6-14    SUCCESS               100.00 (166.67%) [3 edit(s)] [cached] 
2024-11-03 12:05:21,302	[DEBUG]	patch(6-14)="SrcmlStmtInsertion(('KNAPSACK.java.xml', '_inter_block', 12), ('KNAPSACK.java.xml', 'stmt', 4)) | SrcmlStmtReplacement(('KNAPSACK.java.xml', 'stmt', 11), ('KNAPSACK.java.xml', 'stmt', 4)) | SrcmlStmtReplacement(('KNAPSACK.java.xml', 'stmt', 4), ('KNAPSACK.java.xml', 'stmt', 4))"
2024-11-03 12:05:21,303	[INFO]	6-15    SUCCESS               100.00 (166.67%) [1 edit(s)] [cached] 
2024-11-03 12:05:21,303	[DEBUG]	patch(6-15)="SrcmlStmtReplacement(('KNAPSACK.java.xml', 'stmt', 11), ('KNAPSACK.java.xml', 'stmt', 4))"
2024-11-03 12:05:21,303	[INFO]	6-16    SUCCESS               100.00 (166.67%) [5 edit(s)] [cached] 
2024-11-03 12:05:21,303	[DEBUG]	patch(6-16)="SrcmlStmtInsertion(('KNAPSACK.java.xml', '_inter_block', 17), ('KNAPSACK.java.xml', 'stmt', 12)) | SrcmlStmtReplacement(('KNAPSACK.java.xml', 'stmt', 11), ('KNAPSACK.java.xml', 'stmt', 4)) | SrcmlStmtInsertion(('KNAPSACK.java.xml', '_inter_block', 17), ('KNAPSACK.java.xml', 'stmt', 12)) | SrcmlStmtDeletion(('KNAPSACK.java.xml', 'stmt', 5)) | SrcmlStmtInsertion(('KNAPSACK.java.xml', '_inter_block', 12), ('KNAPSACK.java.xml', 'stmt', 4))"
2024-11-03 12:05:21,773	[INFO]	6-17    SUCCESS               100.00 (166.67%) [4 edit(s)]  
2024-11-03 12:05:21,773	[DEBUG]	patch(6-17)="SrcmlStmtReplacement(('KNAPSACK.java.xml', 'stmt', 10), ('KNAPSACK.java.xml', 'stmt', 4)) | SrcmlStmtDeletion(('KNAPSACK.java.xml', 'stmt', 6)) | SrcmlStmtInsertion(('KNAPSACK.java.xml', '_inter_block', 22), ('KNAPSACK.java.xml', 'stmt', 9)) | SrcmlStmtReplacement(('KNAPSACK.java.xml', 'stmt', 4), ('KNAPSACK.java.xml', 'stmt', 4))"
2024-11-03 12:05:21,773	[INFO]	6-18    SUCCESS               100.00 (166.67%) [3 edit(s)] [cached] 
2024-11-03 12:05:21,773	[DEBUG]	patch(6-18)="SrcmlStmtInsertion(('KNAPSACK.java.xml', '_inter_block', 9), ('KNAPSACK.java.xml', 'stmt', 5)) | SrcmlStmtDeletion(('KNAPSACK.java.xml', 'stmt', 5)) | SrcmlStmtDeletion(('KNAPSACK.java.xml', 'stmt', 12))"
2024-11-03 12:05:22,249	[INFO]	6-19    SUCCESS               100.00 (166.67%) [4 edit(s)]  
2024-11-03 12:05:22,249	[DEBUG]	patch(6-19)="SrcmlStmtInsertion(('KNAPSACK.java.xml', '_inter_block', 17), ('KNAPSACK.java.xml', 'stmt', 12)) | SrcmlStmtDeletion(('KNAPSACK.java.xml', 'stmt', 6)) | SrcmlStmtInsertion(('KNAPSACK.java.xml', '_inter_block', 22), ('KNAPSACK.java.xml', 'stmt', 9)) | SrcmlStmtReplacement(('KNAPSACK.java.xml', 'stmt', 4), ('KNAPSACK.java.xml', 'stmt', 4))"
2024-11-03 12:05:22,249	[INFO]	6-20    SUCCESS               100.00 (166.67%) [1 edit(s)] [cached] 
2024-11-03 12:05:22,249	[DEBUG]	patch(6-20)="SrcmlStmtDeletion(('KNAPSACK.java.xml', 'stmt', 6))"
2024-11-03 12:05:22,722	[INFO]	6-21    SUCCESS               100.00 (166.67%) [3 edit(s)]  
2024-11-03 12:05:22,722	[DEBUG]	patch(6-21)="SrcmlStmtReplacement(('KNAPSACK.java.xml', 'stmt', 11), ('KNAPSACK.java.xml', 'stmt', 4)) | SrcmlStmtReplacement(('KNAPSACK.java.xml', 'stmt', 4), ('KNAPSACK.java.xml', 'stmt', 4)) | SrcmlStmtInsertion(('KNAPSACK.java.xml', '_inter_block', 17), ('KNAPSACK.java.xml', 'stmt', 12))"
2024-11-03 12:05:22,722	[INFO]	6-22    SUCCESS               100.00 (166.67%) [4 edit(s)] [cached] 
2024-11-03 12:05:22,723	[DEBUG]	patch(6-22)="SrcmlStmtDeletion(('KNAPSACK.java.xml', 'stmt', 7)) | SrcmlStmtDeletion(('KNAPSACK.java.xml', 'stmt', 7)) | SrcmlStmtDeletion(('KNAPSACK.java.xml', 'stmt', 5)) | SrcmlStmtInsertion(('KNAPSACK.java.xml', '_inter_block', 12), ('KNAPSACK.java.xml', 'stmt', 4))"
2024-11-03 12:05:23,203	[INFO]	6-23    SUCCESS               100.00 (166.67%) [4 edit(s)]  
2024-11-03 12:05:23,203	[DEBUG]	patch(6-23)="SrcmlStmtDeletion(('KNAPSACK.java.xml', 'stmt', 7)) | SrcmlStmtReplacement(('KNAPSACK.java.xml', 'stmt', 10), ('KNAPSACK.java.xml', 'stmt', 4)) | SrcmlStmtDeletion(('KNAPSACK.java.xml', 'stmt', 6)) | SrcmlStmtDeletion(('KNAPSACK.java.xml', 'stmt', 5))"
2024-11-03 12:05:23,203	[INFO]	6-24    SUCCESS               100.00 (166.67%) [1 edit(s)] [cached] 
2024-11-03 12:05:23,203	[DEBUG]	patch(6-24)="SrcmlStmtDeletion(('KNAPSACK.java.xml', 'stmt', 5))"
2024-11-03 12:05:23,682	[INFO]	6-25    SUCCESS               100.00 (166.67%) [1 edit(s)]  
2024-11-03 12:05:23,682	[DEBUG]	patch(6-25)="SrcmlStmtDeletion(('KNAPSACK.java.xml', 'stmt', 3))"
2024-11-03 12:05:23,682	[INFO]	6-26    SUCCESS               60.00 (100.00%) [0 edit(s)] [cached] 
2024-11-03 12:05:23,682	[DEBUG]	patch(6-26)=""
2024-11-03 12:05:23,926	[INFO]	6-27    COMPILE_CODE_ERROR    None (--) [3 edit(s)]  
2024-11-03 12:05:23,926	[DEBUG]	patch(6-27)="SrcmlStmtInsertion(('KNAPSACK.java.xml', '_inter_block', 22), ('KNAPSACK.java.xml', 'stmt', 9)) | SrcmlStmtReplacement(('KNAPSACK.java.xml', 'stmt', 4), ('KNAPSACK.java.xml', 'stmt', 4)) | SrcmlStmtReplacement(('KNAPSACK.java.xml', 'stmt', 10), ('KNAPSACK.java.xml', 'stmt', 12))"
2024-11-03 12:05:23,926	[INFO]	6-28    SUCCESS               60.00 (100.00%) [2 edit(s)] [cached] 
2024-11-03 12:05:23,926	[DEBUG]	patch(6-28)="SrcmlStmtDeletion(('KNAPSACK.java.xml', 'stmt', 6)) | SrcmlStmtReplacement(('KNAPSACK.java.xml', 'stmt', 4), ('KNAPSACK.java.xml', 'stmt', 4))"
2024-11-03 12:05:24,522	[INFO]	6-29    SUCCESS               100.00 (166.67%) [4 edit(s)]  
2024-11-03 12:05:24,522	[DEBUG]	patch(6-29)="SrcmlStmtDeletion(('KNAPSACK.java.xml', 'stmt', 5)) | SrcmlStmtDeletion(('KNAPSACK.java.xml', 'stmt', 5)) | SrcmlStmtInsertion(('KNAPSACK.java.xml', '_inter_block', 12), ('KNAPSACK.java.xml', 'stmt', 4)) | SrcmlStmtDeletion(('KNAPSACK.java.xml', 'stmt', 11))"
2024-11-03 12:05:24,523	[INFO]	6-30    SUCCESS               60.00 (100.00%) [0 edit(s)] [cached] 
2024-11-03 12:05:24,523	[DEBUG]	patch(6-30)=""
2024-11-03 12:05:24,825	[INFO]	6-31    COMPILE_CODE_ERROR    None (--) [2 edit(s)]  
2024-11-03 12:05:24,825	[DEBUG]	patch(6-31)="SrcmlStmtInsertion(('KNAPSACK.java.xml', '_inter_block', 20), ('KNAPSACK.java.xml', 'stmt', 11)) | SrcmlStmtInsertion(('KNAPSACK.java.xml', '_inter_block', 4), ('KNAPSACK.java.xml', 'stmt', 1))"
2024-11-03 12:05:25,625	[INFO]	6-32    SUCCESS               100.00 (166.67%) [2 edit(s)]  
2024-11-03 12:05:25,625	[DEBUG]	patch(6-32)="SrcmlStmtInsertion(('KNAPSACK.java.xml', '_inter_block', 22), ('KNAPSACK.java.xml', 'stmt', 9)) | SrcmlStmtInsertion(('KNAPSACK.java.xml', '_inter_block', 17), ('KNAPSACK.java.xml', 'stmt', 9))"
2024-11-03 12:05:26,351	[INFO]	6-33    SUCCESS               60.00 (100.00%) [1 edit(s)]  
2024-11-03 12:05:26,352	[DEBUG]	patch(6-33)="SrcmlStmtInsertion(('KNAPSACK.java.xml', '_inter_block', 12), ('KNAPSACK.java.xml', 'stmt', 4))"
2024-11-03 12:05:26,663	[INFO]	6-34    COMPILE_CODE_ERROR    None (--) [3 edit(s)]  
2024-11-03 12:05:26,664	[DEBUG]	patch(6-34)="SrcmlStmtReplacement(('KNAPSACK.java.xml', 'stmt', 11), ('KNAPSACK.java.xml', 'stmt', 4)) | SrcmlStmtReplacement(('KNAPSACK.java.xml', 'stmt', 4), ('KNAPSACK.java.xml', 'stmt', 4)) | SrcmlStmtInsertion(('KNAPSACK.java.xml', '_inter_block', 4), ('KNAPSACK.java.xml', 'stmt', 1))"
2024-11-03 12:05:26,965	[INFO]	6-35    COMPILE_CODE_ERROR    None (--) [2 edit(s)]  
2024-11-03 12:05:26,965	[DEBUG]	patch(6-35)="SrcmlStmtDeletion(('KNAPSACK.java.xml', 'stmt', 5)) | SrcmlStmtReplacement(('KNAPSACK.java.xml', 'stmt', 0), ('KNAPSACK.java.xml', 'stmt', 6))"
2024-11-03 12:05:27,440	[INFO]	6-36    SUCCESS               100.00 (166.67%) [7 edit(s)]  
2024-11-03 12:05:27,440	[DEBUG]	patch(6-36)="SrcmlStmtInsertion(('KNAPSACK.java.xml', '_inter_block', 17), ('KNAPSACK.java.xml', 'stmt', 12)) | SrcmlStmtReplacement(('KNAPSACK.java.xml', 'stmt', 11), ('KNAPSACK.java.xml', 'stmt', 4)) | SrcmlStmtDeletion(('KNAPSACK.java.xml', 'stmt', 5)) | SrcmlStmtInsertion(('KNAPSACK.java.xml', '_inter_block', 17), ('KNAPSACK.java.xml', 'stmt', 12)) | SrcmlStmtDeletion(('KNAPSACK.java.xml', 'stmt', 5)) | SrcmlStmtInsertion(('KNAPSACK.java.xml', '_inter_block', 12), ('KNAPSACK.java.xml', 'stmt', 4)) | SrcmlStmtInsertion(('KNAPSACK.java.xml', '_inter_block', 21), ('KNAPSACK.java.xml', 'stmt', 8))"
2024-11-03 12:05:27,441	[INFO]	6-37    SUCCESS               100.00 (166.67%) [2 edit(s)] [cached] 
2024-11-03 12:05:27,441	[DEBUG]	patch(6-37)="SrcmlStmtReplacement(('KNAPSACK.java.xml', 'stmt', 10), ('KNAPSACK.java.xml', 'stmt', 4)) | SrcmlStmtDeletion(('KNAPSACK.java.xml', 'stmt', 3))"
2024-11-03 12:05:27,441	[INFO]	6-38    SUCCESS               100.00 (166.67%) [4 edit(s)] [cached] 
2024-11-03 12:05:27,441	[DEBUG]	patch(6-38)="SrcmlStmtReplacement(('KNAPSACK.java.xml', 'stmt', 4), ('KNAPSACK.java.xml', 'stmt', 4)) | SrcmlStmtInsertion(('KNAPSACK.java.xml', '_inter_block', 9), ('KNAPSACK.java.xml', 'stmt', 5)) | SrcmlStmtDeletion(('KNAPSACK.java.xml', 'stmt', 12)) | SrcmlStmtInsertion(('KNAPSACK.java.xml', '_inter_block', 20), ('KNAPSACK.java.xml', 'stmt', 9))"
2024-11-03 12:05:27,441	[INFO]	6-39    SUCCESS               100.00 (166.67%) [5 edit(s)] [cached] 
2024-11-03 12:05:27,441	[DEBUG]	patch(6-39)="SrcmlStmtDeletion(('KNAPSACK.java.xml', 'stmt', 7)) | SrcmlStmtInsertion(('KNAPSACK.java.xml', '_inter_block', 17), ('KNAPSACK.java.xml', 'stmt', 12)) | SrcmlStmtDeletion(('KNAPSACK.java.xml', 'stmt', 6)) | SrcmlStmtReplacement(('KNAPSACK.java.xml', 'stmt', 10), ('KNAPSACK.java.xml', 'stmt', 10)) | SrcmlStmtReplacement(('KNAPSACK.java.xml', 'stmt', 11), ('KNAPSACK.java.xml', 'stmt', 7))"
2024-11-03 12:05:27,442	[INFO]	6-40    SUCCESS               60.00 (100.00%) [0 edit(s)] [cached] 
2024-11-03 12:05:27,442	[DEBUG]	patch(6-40)=""
2024-11-03 12:05:27,442	[INFO]	REF     SUCCESS               60.00 (--) [0 edit(s)] [cached] 
2024-11-03 12:05:27,445	[INFO]	7-1     SUCCESS              +60.00 (100.00%) [0 edit(s)] [cached] 
2024-11-03 12:05:27,445	[DEBUG]	patch(7-1)=""
2024-11-03 12:05:27,445	[INFO]	7-2     SUCCESS               60.00 (100.00%) [1 edit(s)] [cached] 
2024-11-03 12:05:27,445	[DEBUG]	patch(7-2)="SrcmlStmtDeletion(('KNAPSACK.java.xml', 'stmt', 9))"
2024-11-03 12:05:27,446	[INFO]	7-3     SUCCESS               60.00 (100.00%) [2 edit(s)] [cached] 
2024-11-03 12:05:27,446	[DEBUG]	patch(7-3)="SrcmlStmtInsertion(('KNAPSACK.java.xml', '_inter_block', 22), ('KNAPSACK.java.xml', 'stmt', 9)) | SrcmlStmtReplacement(('KNAPSACK.java.xml', 'stmt', 4), ('KNAPSACK.java.xml', 'stmt', 4))"
2024-11-03 12:05:27,446	[INFO]	7-4     SUCCESS               60.00 (100.00%) [3 edit(s)] [cached] 
2024-11-03 12:05:27,446	[DEBUG]	patch(7-4)="SrcmlStmtDeletion(('KNAPSACK.java.xml', 'stmt', 6)) | SrcmlStmtInsertion(('KNAPSACK.java.xml', '_inter_block', 22), ('KNAPSACK.java.xml', 'stmt', 9)) | SrcmlStmtReplacement(('KNAPSACK.java.xml', 'stmt', 4), ('KNAPSACK.java.xml', 'stmt', 4))"
2024-11-03 12:05:27,447	[INFO]	7-5     SUCCESS               100.00 (166.67%) [1 edit(s)] [cached] 
2024-11-03 12:05:27,447	[DEBUG]	patch(7-5)="SrcmlStmtDeletion(('KNAPSACK.java.xml', 'stmt', 5))"
2024-11-03 12:05:27,447	[INFO]	7-6     SUCCESS               60.00 (100.00%) [1 edit(s)] [cached] 
2024-11-03 12:05:27,447	[DEBUG]	patch(7-6)="SrcmlStmtDeletion(('KNAPSACK.java.xml', 'stmt', 9))"
2024-11-03 12:05:27,447	[INFO]	7-7     SUCCESS               60.00 (100.00%) [2 edit(s)] [cached] 
2024-11-03 12:05:27,447	[DEBUG]	patch(7-7)="SrcmlStmtInsertion(('KNAPSACK.java.xml', '_inter_block', 22), ('KNAPSACK.java.xml', 'stmt', 9)) | SrcmlStmtReplacement(('KNAPSACK.java.xml', 'stmt', 4), ('KNAPSACK.java.xml', 'stmt', 4))"
2024-11-03 12:05:27,448	[INFO]	7-8     SUCCESS               60.00 (100.00%) [3 edit(s)] [cached] 
2024-11-03 12:05:27,448	[DEBUG]	patch(7-8)="SrcmlStmtDeletion(('KNAPSACK.java.xml', 'stmt', 6)) | SrcmlStmtInsertion(('KNAPSACK.java.xml', '_inter_block', 22), ('KNAPSACK.java.xml', 'stmt', 9)) | SrcmlStmtReplacement(('KNAPSACK.java.xml', 'stmt', 4), ('KNAPSACK.java.xml', 'stmt', 4))"
2024-11-03 12:05:27,448	[INFO]	7-9     SUCCESS               60.00 (100.00%) [1 edit(s)] [cached] 
2024-11-03 12:05:27,448	[DEBUG]	patch(7-9)="SrcmlStmtInsertion(('KNAPSACK.java.xml', '_inter_block', 22), ('KNAPSACK.java.xml', 'stmt', 9))"
2024-11-03 12:05:27,449	[INFO]	7-10    SUCCESS               60.00 (100.00%) [1 edit(s)] [cached] 
2024-11-03 12:05:27,449	[DEBUG]	patch(7-10)="SrcmlStmtInsertion(('KNAPSACK.java.xml', '_inter_block', 12), ('KNAPSACK.java.xml', 'stmt', 4))"
2024-11-03 12:05:27,449	[INFO]	7-11    SUCCESS               60.00 (100.00%) [2 edit(s)] [cached] 
2024-11-03 12:05:27,449	[DEBUG]	patch(7-11)="SrcmlStmtDeletion(('KNAPSACK.java.xml', 'stmt', 6)) | SrcmlStmtReplacement(('KNAPSACK.java.xml', 'stmt', 4), ('KNAPSACK.java.xml', 'stmt', 4))"
2024-11-03 12:05:28,127	[INFO]	7-12    SUCCESS               100.00 (166.67%) [3 edit(s)]  
2024-11-03 12:05:28,127	[DEBUG]	patch(7-12)="SrcmlStmtInsertion(('KNAPSACK.java.xml', '_inter_block', 22), ('KNAPSACK.java.xml', 'stmt', 9)) | SrcmlStmtReplacement(('KNAPSACK.java.xml', 'stmt', 4), ('KNAPSACK.java.xml', 'stmt', 4)) | SrcmlStmtReplacement(('KNAPSACK.java.xml', 'stmt', 11), ('KNAPSACK.java.xml', 'stmt', 4))"
2024-11-03 12:05:28,606	[INFO]	7-13    SUCCESS               100.00 (166.67%) [4 edit(s)]  
2024-11-03 12:05:28,606	[DEBUG]	patch(7-13)="SrcmlStmtReplacement(('KNAPSACK.java.xml', 'stmt', 11), ('KNAPSACK.java.xml', 'stmt', 4)) | SrcmlStmtInsertion(('KNAPSACK.java.xml', '_inter_block', 9), ('KNAPSACK.java.xml', 'stmt', 5)) | SrcmlStmtDeletion(('KNAPSACK.java.xml', 'stmt', 5)) | SrcmlStmtDeletion(('KNAPSACK.java.xml', 'stmt', 12))"
2024-11-03 12:05:29,083	[INFO]	7-14    SUCCESS               100.00 (166.67%) [4 edit(s)]  
2024-11-03 12:05:29,083	[DEBUG]	patch(7-14)="SrcmlStmtReplacement(('KNAPSACK.java.xml', 'stmt', 10), ('KNAPSACK.java.xml', 'stmt', 4)) | SrcmlStmtDeletion(('KNAPSACK.java.xml', 'stmt', 6)) | SrcmlStmtInsertion(('KNAPSACK.java.xml', '_inter_block', 9), ('KNAPSACK.java.xml', 'stmt', 5)) | SrcmlStmtDeletion(('KNAPSACK.java.xml', 'stmt', 12))"
2024-11-03 12:05:29,666	[INFO]	7-15    SUCCESS               100.00 (166.67%) [4 edit(s)]  
2024-11-03 12:05:29,666	[DEBUG]	patch(7-15)="SrcmlStmtDeletion(('KNAPSACK.java.xml', 'stmt', 5)) | SrcmlStmtDeletion(('KNAPSACK.java.xml', 'stmt', 11)) | SrcmlStmtDeletion(('KNAPSACK.java.xml', 'stmt', 6)) | SrcmlStmtDeletion(('KNAPSACK.java.xml', 'stmt', 6))"
2024-11-03 12:05:30,327	[INFO]	7-16    SUCCESS               100.00 (166.67%) [6 edit(s)]  
2024-11-03 12:05:30,328	[DEBUG]	patch(7-16)="SrcmlStmtReplacement(('KNAPSACK.java.xml', 'stmt', 11), ('KNAPSACK.java.xml', 'stmt', 4)) | SrcmlStmtDeletion(('KNAPSACK.java.xml', 'stmt', 5)) | SrcmlStmtDeletion(('KNAPSACK.java.xml', 'stmt', 5)) | SrcmlStmtInsertion(('KNAPSACK.java.xml', '_inter_block', 12), ('KNAPSACK.java.xml', 'stmt', 4)) | SrcmlStmtInsertion(('KNAPSACK.java.xml', '_inter_block', 21), ('KNAPSACK.java.xml', 'stmt', 8)) | SrcmlStmtReplacement(('KNAPSACK.java.xml', 'stmt', 11), ('KNAPSACK.java.xml', 'stmt', 4))"
2024-11-03 12:05:30,915	[INFO]	7-17    SUCCESS               100.00 (166.67%) [3 edit(s)]  
2024-11-03 12:05:30,915	[DEBUG]	patch(7-17)="SrcmlStmtDeletion(('KNAPSACK.java.xml', 'stmt', 5)) | SrcmlStmtDeletion(('KNAPSACK.java.xml', 'stmt', 11)) | SrcmlStmtInsertion(('KNAPSACK.java.xml', '_inter_block', 22), ('KNAPSACK.java.xml', 'stmt', 9))"
2024-11-03 12:05:30,916	[INFO]	7-18    SUCCESS               100.00 (166.67%) [3 edit(s)] [cached] 
2024-11-03 12:05:30,916	[DEBUG]	patch(7-18)="SrcmlStmtDeletion(('KNAPSACK.java.xml', 'stmt', 3)) | SrcmlStmtDeletion(('KNAPSACK.java.xml', 'stmt', 7)) | SrcmlStmtDeletion(('KNAPSACK.java.xml', 'stmt', 6))"
2024-11-03 12:05:30,916	[INFO]	7-19    SUCCESS               100.00 (166.67%) [3 edit(s)] [cached] 
2024-11-03 12:05:30,916	[DEBUG]	patch(7-19)="SrcmlStmtDeletion(('KNAPSACK.java.xml', 'stmt', 7)) | SrcmlStmtDeletion(('KNAPSACK.java.xml', 'stmt', 5)) | SrcmlStmtInsertion(('KNAPSACK.java.xml', '_inter_block', 12), ('KNAPSACK.java.xml', 'stmt', 4))"
2024-11-03 12:05:31,217	[INFO]	7-20    COMPILE_CODE_ERROR    None (--) [4 edit(s)]  
2024-11-03 12:05:31,218	[DEBUG]	patch(7-20)="SrcmlStmtInsertion(('KNAPSACK.java.xml', '_inter_block', 17), ('KNAPSACK.java.xml', 'stmt', 12)) | SrcmlStmtDeletion(('KNAPSACK.java.xml', 'stmt', 6)) | SrcmlStmtReplacement(('KNAPSACK.java.xml', 'stmt', 11), ('KNAPSACK.java.xml', 'stmt', 7)) | SrcmlStmtDeletion(('KNAPSACK.java.xml', 'stmt', 5))"
2024-11-03 12:05:31,218	[INFO]	7-21    SUCCESS               100.00 (166.67%) [2 edit(s)] [cached] 
2024-11-03 12:05:31,218	[DEBUG]	patch(7-21)="SrcmlStmtInsertion(('KNAPSACK.java.xml', '_inter_block', 20), ('KNAPSACK.java.xml', 'stmt', 11)) | SrcmlStmtDeletion(('KNAPSACK.java.xml', 'stmt', 7))"
2024-11-03 12:05:31,691	[INFO]	7-22    SUCCESS               100.00 (166.67%) [4 edit(s)]  
2024-11-03 12:05:31,691	[DEBUG]	patch(7-22)="SrcmlStmtInsertion(('KNAPSACK.java.xml', '_inter_block', 22), ('KNAPSACK.java.xml', 'stmt', 9)) | SrcmlStmtInsertion(('KNAPSACK.java.xml', '_inter_block', 9), ('KNAPSACK.java.xml', 'stmt', 5)) | SrcmlStmtDeletion(('KNAPSACK.java.xml', 'stmt', 5)) | SrcmlStmtDeletion(('KNAPSACK.java.xml', 'stmt', 12))"
2024-11-03 12:05:31,691	[INFO]	7-23    SUCCESS               100.00 (166.67%) [2 edit(s)] [cached] 
2024-11-03 12:05:31,691	[DEBUG]	patch(7-23)="SrcmlStmtDeletion(('KNAPSACK.java.xml', 'stmt', 6)) | SrcmlStmtDeletion(('KNAPSACK.java.xml', 'stmt', 6))"
2024-11-03 12:05:31,692	[INFO]	7-24    SUCCESS               100.00 (166.67%) [3 edit(s)] [cached] 
2024-11-03 12:05:31,692	[DEBUG]	patch(7-24)="SrcmlStmtReplacement(('KNAPSACK.java.xml', 'stmt', 11), ('KNAPSACK.java.xml', 'stmt', 4)) | SrcmlStmtReplacement(('KNAPSACK.java.xml', 'stmt', 11), ('KNAPSACK.java.xml', 'stmt', 4)) | SrcmlStmtInsertion(('KNAPSACK.java.xml', '_inter_block', 17), ('KNAPSACK.java.xml', 'stmt', 12))"
2024-11-03 12:05:31,996	[INFO]	7-25    COMPILE_CODE_ERROR    None (--) [1 edit(s)]  
2024-11-03 12:05:31,996	[DEBUG]	patch(7-25)="SrcmlStmtInsertion(('KNAPSACK.java.xml', '_inter_block', 23), ('KNAPSACK.java.xml', 'stmt', 7))"
2024-11-03 12:05:31,996	[INFO]	7-26    SUCCESS               60.00 (100.00%) [0 edit(s)] [cached] 
2024-11-03 12:05:31,996	[DEBUG]	patch(7-26)=""
2024-11-03 12:05:32,312	[INFO]	7-27    COMPILE_CODE_ERROR    None (--) [3 edit(s)]  
2024-11-03 12:05:32,312	[DEBUG]	patch(7-27)="SrcmlStmtInsertion(('KNAPSACK.java.xml', '_inter_block', 22), ('KNAPSACK.java.xml', 'stmt', 9)) | SrcmlStmtReplacement(('KNAPSACK.java.xml', 'stmt', 4), ('KNAPSACK.java.xml', 'stmt', 4)) | SrcmlStmtReplacement(('KNAPSACK.java.xml', 'stmt', 2), ('KNAPSACK.java.xml', 'stmt', 12))"
2024-11-03 12:05:32,312	[INFO]	7-28    SUCCESS               60.00 (100.00%) [2 edit(s)] [cached] 
2024-11-03 12:05:32,312	[DEBUG]	patch(7-28)="SrcmlStmtInsertion(('KNAPSACK.java.xml', '_inter_block', 22), ('KNAPSACK.java.xml', 'stmt', 9)) | SrcmlStmtReplacement(('KNAPSACK.java.xml', 'stmt', 4), ('KNAPSACK.java.xml', 'stmt', 4))"
2024-11-03 12:05:32,313	[INFO]	7-29    SUCCESS               60.00 (100.00%) [0 edit(s)] [cached] 
2024-11-03 12:05:32,313	[DEBUG]	patch(7-29)=""
2024-11-03 12:05:32,787	[INFO]	7-30    SUCCESS               100.00 (166.67%) [2 edit(s)]  
2024-11-03 12:05:32,787	[DEBUG]	patch(7-30)="SrcmlStmtInsertion(('KNAPSACK.java.xml', '_inter_block', 12), ('KNAPSACK.java.xml', 'stmt', 4)) | SrcmlStmtReplacement(('KNAPSACK.java.xml', 'stmt', 10), ('KNAPSACK.java.xml', 'stmt', 4))"
2024-11-03 12:05:33,090	[INFO]	7-31    COMPILE_CODE_ERROR    None (--) [3 edit(s)]  
2024-11-03 12:05:33,091	[DEBUG]	patch(7-31)="SrcmlStmtDeletion(('KNAPSACK.java.xml', 'stmt', 6)) | SrcmlStmtReplacement(('KNAPSACK.java.xml', 'stmt', 4), ('KNAPSACK.java.xml', 'stmt', 4)) | SrcmlStmtReplacement(('KNAPSACK.java.xml', 'stmt', 13), ('KNAPSACK.java.xml', 'stmt', 7))"
2024-11-03 12:05:33,091	[INFO]	7-32    SUCCESS               60.00 (100.00%) [0 edit(s)] [cached] 
2024-11-03 12:05:33,091	[DEBUG]	patch(7-32)=""
2024-11-03 12:05:33,091	[INFO]	7-33    SUCCESS               60.00 (100.00%) [0 edit(s)] [cached] 
2024-11-03 12:05:33,091	[DEBUG]	patch(7-33)=""
2024-11-03 12:05:33,403	[INFO]	7-34    COMPILE_CODE_ERROR    None (--) [4 edit(s)]  
2024-11-03 12:05:33,403	[DEBUG]	patch(7-34)="SrcmlStmtInsertion(('KNAPSACK.java.xml', '_inter_block', 9), ('KNAPSACK.java.xml', 'stmt', 5)) | SrcmlStmtDeletion(('KNAPSACK.java.xml', 'stmt', 5)) | SrcmlStmtDeletion(('KNAPSACK.java.xml', 'stmt', 12)) | SrcmlStmtDeletion(('KNAPSACK.java.xml', 'stmt', 13))"
2024-11-03 12:05:33,707	[INFO]	7-35    COMPILE_CODE_ERROR    None (--) [5 edit(s)]  
2024-11-03 12:05:33,708	[DEBUG]	patch(7-35)="SrcmlStmtDeletion(('KNAPSACK.java.xml', 'stmt', 5)) | SrcmlStmtDeletion(('KNAPSACK.java.xml', 'stmt', 5)) | SrcmlStmtInsertion(('KNAPSACK.java.xml', '_inter_block', 12), ('KNAPSACK.java.xml', 'stmt', 4)) | SrcmlStmtDeletion(('KNAPSACK.java.xml', 'stmt', 11)) | SrcmlStmtInsertion(('KNAPSACK.java.xml', '_inter_block', 18), ('KNAPSACK.java.xml', 'stmt', 2))"
2024-11-03 12:05:34,184	[INFO]	7-36    SUCCESS               100.00 (166.67%) [6 edit(s)]  
2024-11-03 12:05:34,184	[DEBUG]	patch(7-36)="SrcmlStmtInsertion(('KNAPSACK.java.xml', '_inter_block', 17), ('KNAPSACK.java.xml', 'stmt', 12)) | SrcmlStmtReplacement(('KNAPSACK.java.xml', 'stmt', 11), ('KNAPSACK.java.xml', 'stmt', 4)) | SrcmlStmtDeletion(('KNAPSACK.java.xml', 'stmt', 5)) | SrcmlStmtDeletion(('KNAPSACK.java.xml', 'stmt', 5)) | SrcmlStmtInsertion(('KNAPSACK.java.xml', '_inter_block', 12), ('KNAPSACK.java.xml', 'stmt', 4)) | SrcmlStmtInsertion(('KNAPSACK.java.xml', '_inter_block', 21), ('KNAPSACK.java.xml', 'stmt', 8))"
2024-11-03 12:05:34,184	[INFO]	~~~~ END ~~~~
2024-11-03 12:05:34,184	[INFO]	
2024-11-03 12:05:34,184	[INFO]	==== REPORT ====
2024-11-03 12:05:34,184	[INFO]	Termination: time budget
2024-11-03 12:05:34,184	[INFO]	Log file: /Users/han/Desktop/magpie_ssh_candidate_junit/ssh_candidate_junit/_magpie_logs/knapsack_1730635472.log
