2024-11-03 12:09:16,196	[DEBUG]	==== CONFIG ====
[magpie]
import = 
seed = 4599115451918085
log_dir = _magpie_logs
work_dir = _magpie_work
local_original_copy = False
local_original_name = __original__
output_encoding = ascii
edit_retries = 10
default_timeout = 30
default_lengthout = 1e5
diff_method = unified
trust_local_filesystem = True

[magpie.log]
color_output = True
format_info = {counter:<7} {status:<20} {best}{fitness} ({ratio}) [{size}] {cached} {log}
format_debug = patch({counter})="{patch}"{diffifbest}
format_fitness = {:.2f}
format_ratio = {:.2%%}
format_patchif = 
	 --> {patch}
format_diffif = 
	{diff}

[software]
path = java_programs/LEVENSHTEIN
target_files = 
	LEVENSHTEIN.java.xml
software = BasicSoftware
model_rules = 
	*.params : ParamFileConfigModel
	*.xml : SrcmlModel
	* : LineModel
model_config = 
	*.xml : [srcml]
init_cmd = bash init_bug.sh
init_timeout = 60
init_lengthout = -1
setup_cmd = 
setup_timeout = 
setup_lengthout = 
compile_cmd = javac -cp junit-4.10.jar LEVENSHTEIN.java LEVENSHTEIN_TEST.java
compile_timeout = 
compile_lengthout = 
test_cmd = java -cp junit-4.10.jar:. org.junit.runner.JUnitCore LEVENSHTEIN_TEST
test_timeout = 
test_lengthout = 
run_cmd = 
run_timeout = 
run_lengthout = 
batch_timeout = 
batch_lengthout = 
batch_bin_fitness_strategy = aggregate
batch_fitness_strategy = average
fitness = repair

[srcml]
rename = 
	stmt: break continue decl_stmt do expr_stmt for goto if return switch while
	number: literal_number
focus = block stmt operator_comp operator_arith number condition
internodes = block
process_pseudo_blocks = True
process_literals = True
process_operators = True

[paramconfig]
timing = test run
cli_prefix = --
cli_glue = =
cli_boolean = show
cli_boolean_prefix_true = 
cli_boolean_prefix_false = no-
cli_none = hide
silent_prefix = @
silent_suffix = $

[search]
protocol = BasicProtocol
algorithm = GeneticProgrammingUniformConcat
possible_edits = 
	SrcmlNumericSetting
	SrcmlComparisonOperatorSetting
	SrcmlConditionReplacement
warmup = 3
warmup_strategy = last
max_steps = 400
max_time = 60
target_fitness = 0
cache_maxsize = 100
cache_keep = 0.2
batch_instances = 
batch_shuffle = True
batch_bin_shuffle = False
batch_sample_size = 1

[search.ls]
delete_prob = 0.5
max_neighbours = 
when_trapped = continue
accept_fail = False
tabu_length = 10

[search.gp]
pop_size = 40
delete_prob = 0.5
offspring_elitism = 0.1
offspring_crossover = 0.5
offspring_mutation = 0.4
uniform_rate = 0.5
batch_reset = True

[search.minify]
do_cleanup = True
do_rebuild = True
do_simplify = True
round_robin_limit = 3


2024-11-03 12:09:16,196	[DEBUG]	
2024-11-03 12:09:16,196	[INFO]	==== SEARCH: GeneticProgrammingUniformConcat ====
2024-11-03 12:09:16,196	[INFO]	~~~~ WARMUP ~~~~
2024-11-03 12:09:16,822	[INFO]	WARM    SUCCESS               45.45 (--) [0 edit(s)]  
2024-11-03 12:09:17,450	[INFO]	WARM    SUCCESS               45.45 (--) [0 edit(s)]  
2024-11-03 12:09:18,107	[INFO]	WARM    SUCCESS               45.45 (--) [0 edit(s)]  
2024-11-03 12:09:18,107	[INFO]	REF     SUCCESS               45.45 (--) [0 edit(s)]  
2024-11-03 12:09:18,107	[INFO]	
2024-11-03 12:09:18,107	[INFO]	~~~~ START ~~~~
2024-11-03 12:09:18,554	[INFO]	0-1     SUCCESS              +100.00 (220.02%) [1 edit(s)]  
2024-11-03 12:09:18,554	[DEBUG]	patch(0-1)="SrcmlConditionReplacement(('LEVENSHTEIN.java.xml', 'condition', 0), ('LEVENSHTEIN.java.xml', 'condition', 2))"
2024-11-03 12:09:19,002	[INFO]	0-2     SUCCESS              +45.45 (100.00%) [1 edit(s)]  
2024-11-03 12:09:19,002	[DEBUG]	patch(0-2)="SrcmlComparisonOperatorSetting(('LEVENSHTEIN.java.xml', 'operator_comp', 0), '>')"
2024-11-03 12:09:19,003	[INFO]	0-3     SUCCESS               45.45 (100.00%) [1 edit(s)] [cached] 
2024-11-03 12:09:19,003	[DEBUG]	patch(0-3)="SrcmlConditionReplacement(('LEVENSHTEIN.java.xml', 'condition', 0), ('LEVENSHTEIN.java.xml', 'condition', 0))"
2024-11-03 12:09:19,253	[INFO]	0-4     COMPILE_CODE_ERROR    None (--) [1 edit(s)]  
2024-11-03 12:09:19,253	[DEBUG]	patch(0-4)="SrcmlConditionReplacement(('LEVENSHTEIN.java.xml', 'condition', 0), ('LEVENSHTEIN.java.xml', 'condition', 1))"
2024-11-03 12:09:19,686	[INFO]	0-5     SUCCESS               45.45 (100.00%) [1 edit(s)]  
2024-11-03 12:09:19,686	[DEBUG]	patch(0-5)="SrcmlComparisonOperatorSetting(('LEVENSHTEIN.java.xml', 'operator_comp', 0), '!=')"
2024-11-03 12:09:19,940	[INFO]	0-6     COMPILE_CODE_ERROR    None (--) [1 edit(s)]  
2024-11-03 12:09:19,940	[DEBUG]	patch(0-6)="SrcmlConditionReplacement(('LEVENSHTEIN.java.xml', 'condition', 2), ('LEVENSHTEIN.java.xml', 'condition', 1))"
2024-11-03 12:09:20,372	[INFO]	0-7     SUCCESS               45.45 (100.00%) [1 edit(s)]  
2024-11-03 12:09:20,372	[DEBUG]	patch(0-7)="SrcmlComparisonOperatorSetting(('LEVENSHTEIN.java.xml', 'operator_comp', 0), '<=')"
2024-11-03 12:09:20,815	[INFO]	0-8     SUCCESS               45.45 (100.00%) [1 edit(s)]  
2024-11-03 12:09:20,815	[DEBUG]	patch(0-8)="SrcmlComparisonOperatorSetting(('LEVENSHTEIN.java.xml', 'operator_comp', 0), '<')"
2024-11-03 12:09:21,252	[INFO]	0-9     SUCCESS               45.45 (100.00%) [1 edit(s)]  
2024-11-03 12:09:21,252	[DEBUG]	patch(0-9)="SrcmlComparisonOperatorSetting(('LEVENSHTEIN.java.xml', 'operator_comp', 0), '>=')"
2024-11-03 12:09:21,867	[INFO]	0-10    SUCCESS               54.55 (120.02%) [1 edit(s)]  
2024-11-03 12:09:21,868	[DEBUG]	patch(0-10)="SrcmlNumericSetting(('LEVENSHTEIN.java.xml', 'number', 5), '-1')"
2024-11-03 12:09:25,310	[INFO]	0-11    SUCCESS               45.45 (100.00%) [1 edit(s)]  
2024-11-03 12:09:25,310	[DEBUG]	patch(0-11)="SrcmlConditionReplacement(('LEVENSHTEIN.java.xml', 'condition', 2), ('LEVENSHTEIN.java.xml', 'condition', 0))"
2024-11-03 12:09:25,560	[INFO]	0-12    COMPILE_CODE_ERROR    None (--) [1 edit(s)]  
2024-11-03 12:09:25,560	[DEBUG]	patch(0-12)="SrcmlConditionReplacement(('LEVENSHTEIN.java.xml', 'condition', 1), ('LEVENSHTEIN.java.xml', 'condition', 2))"
2024-11-03 12:09:26,558	[INFO]	0-13    SUCCESS               45.45 (100.00%) [1 edit(s)]  
2024-11-03 12:09:26,559	[DEBUG]	patch(0-13)="SrcmlNumericSetting(('LEVENSHTEIN.java.xml', 'number', 4), '0')"
2024-11-03 12:09:26,994	[INFO]	0-14    SUCCESS               54.55 (120.02%) [1 edit(s)]  
2024-11-03 12:09:26,994	[DEBUG]	patch(0-14)="SrcmlNumericSetting(('LEVENSHTEIN.java.xml', 'number', 7), '-1')"
2024-11-03 12:09:26,994	[INFO]	0-15    SUCCESS               45.45 (100.00%) [1 edit(s)] [cached] 
2024-11-03 12:09:26,994	[DEBUG]	patch(0-15)="SrcmlNumericSetting(('LEVENSHTEIN.java.xml', 'number', 1), '0')"
2024-11-03 12:09:27,429	[INFO]	0-16    SUCCESS               54.55 (120.02%) [1 edit(s)]  
2024-11-03 12:09:27,429	[DEBUG]	patch(0-16)="SrcmlNumericSetting(('LEVENSHTEIN.java.xml', 'number', 1), '1')"
2024-11-03 12:09:28,048	[INFO]	0-17    SUCCESS               54.55 (120.02%) [1 edit(s)]  
2024-11-03 12:09:28,048	[DEBUG]	patch(0-17)="SrcmlNumericSetting(('LEVENSHTEIN.java.xml', 'number', 5), '0')"
2024-11-03 12:09:28,048	[INFO]	0-18    SUCCESS               45.45 (100.00%) [1 edit(s)] [cached] 
2024-11-03 12:09:28,048	[DEBUG]	patch(0-18)="SrcmlNumericSetting(('LEVENSHTEIN.java.xml', 'number', 7), '1')"
2024-11-03 12:09:28,048	[INFO]	0-19    SUCCESS               45.45 (100.00%) [1 edit(s)] [cached] 
2024-11-03 12:09:28,048	[DEBUG]	patch(0-19)="SrcmlConditionReplacement(('LEVENSHTEIN.java.xml', 'condition', 2), ('LEVENSHTEIN.java.xml', 'condition', 2))"
2024-11-03 12:09:28,049	[INFO]	0-20    SUCCESS               45.45 (100.00%) [1 edit(s)] [cached] 
2024-11-03 12:09:28,049	[DEBUG]	patch(0-20)="SrcmlConditionReplacement(('LEVENSHTEIN.java.xml', 'condition', 1), ('LEVENSHTEIN.java.xml', 'condition', 1))"
2024-11-03 12:09:28,490	[INFO]	0-21    SUCCESS               54.55 (120.02%) [1 edit(s)]  
2024-11-03 12:09:28,490	[DEBUG]	patch(0-21)="SrcmlNumericSetting(('LEVENSHTEIN.java.xml', 'number', 0), '1')"
2024-11-03 12:09:28,490	[INFO]	0-22    SUCCESS               45.45 (100.00%) [1 edit(s)] [cached] 
2024-11-03 12:09:28,490	[DEBUG]	patch(0-22)="SrcmlComparisonOperatorSetting(('LEVENSHTEIN.java.xml', 'operator_comp', 0), '==')"
2024-11-03 12:09:29,531	[INFO]	0-23    SUCCESS               45.45 (100.00%) [1 edit(s)]  
2024-11-03 12:09:29,532	[DEBUG]	patch(0-23)="SrcmlNumericSetting(('LEVENSHTEIN.java.xml', 'number', 3), '0')"
2024-11-03 12:09:29,968	[INFO]	0-24    SUCCESS               54.55 (120.02%) [1 edit(s)]  
2024-11-03 12:09:29,969	[DEBUG]	patch(0-24)="SrcmlNumericSetting(('LEVENSHTEIN.java.xml', 'number', 8), '-1')"
2024-11-03 12:09:30,588	[INFO]	0-25    SUCCESS              *0.00 (0.00%) [1 edit(s)]  
2024-11-03 12:09:30,588	[DEBUG]	patch(0-25)="SrcmlNumericSetting(('LEVENSHTEIN.java.xml', 'number', 2), '0')"
--- before: LEVENSHTEIN.java
+++ after: LEVENSHTEIN.java
@@ -12,7 +12,7 @@
         if (source.isEmpty() || target.isEmpty()) {
             return source.isEmpty() ? target.length() : source.length();
         } else if (source.charAt(0) == target.charAt(0)) {
-            return 1 + levenshtein(source.substring(1), target.substring(1));
+            return 0 + levenshtein(source.substring(1), target.substring(1));
         } else {
             return 1 + Math.min(Math.min(
                     levenshtein(source,              target.substring(1)),

2024-11-03 12:09:30,588	[INFO]	0-26    SUCCESS               45.45 (100.00%) [1 edit(s)] [cached] 
2024-11-03 12:09:30,588	[DEBUG]	patch(0-26)="SrcmlNumericSetting(('LEVENSHTEIN.java.xml', 'number', 5), '1')"
2024-11-03 12:09:30,589	[INFO]	0-27    SUCCESS               45.45 (100.00%) [1 edit(s)] [cached] 
2024-11-03 12:09:30,589	[DEBUG]	patch(0-27)="SrcmlNumericSetting(('LEVENSHTEIN.java.xml', 'number', 3), '1')"
2024-11-03 12:09:31,038	[INFO]	0-28    SUCCESS               54.55 (120.02%) [1 edit(s)]  
2024-11-03 12:09:31,038	[DEBUG]	patch(0-28)="SrcmlNumericSetting(('LEVENSHTEIN.java.xml', 'number', 9), '-1')"
2024-11-03 12:09:31,473	[INFO]	0-29    SUCCESS               54.55 (120.02%) [1 edit(s)]  
2024-11-03 12:09:31,473	[DEBUG]	patch(0-29)="SrcmlNumericSetting(('LEVENSHTEIN.java.xml', 'number', 1), '-1')"
2024-11-03 12:09:34,912	[INFO]	0-30    SUCCESS               54.55 (120.02%) [1 edit(s)]  
2024-11-03 12:09:34,912	[DEBUG]	patch(0-30)="SrcmlNumericSetting(('LEVENSHTEIN.java.xml', 'number', 7), '0')"
2024-11-03 12:09:34,913	[INFO]	0-31    SUCCESS               45.45 (100.00%) [1 edit(s)] [cached] 
2024-11-03 12:09:34,913	[DEBUG]	patch(0-31)="SrcmlNumericSetting(('LEVENSHTEIN.java.xml', 'number', 2), '1')"
2024-11-03 12:09:34,913	[INFO]	0-32    SUCCESS               45.45 (100.00%) [1 edit(s)] [cached] 
2024-11-03 12:09:34,913	[DEBUG]	patch(0-32)="SrcmlNumericSetting(('LEVENSHTEIN.java.xml', 'number', 8), '1')"
2024-11-03 12:09:35,657	[INFO]	0-33    TEST_LENGTHOUT        None (--) [1 edit(s)]  
2024-11-03 12:09:35,657	[DEBUG]	patch(0-33)="SrcmlNumericSetting(('LEVENSHTEIN.java.xml', 'number', 6), '0')"
2024-11-03 12:09:37,625	[INFO]	0-34    SUCCESS               54.55 (120.02%) [1 edit(s)]  
2024-11-03 12:09:37,625	[DEBUG]	patch(0-34)="SrcmlNumericSetting(('LEVENSHTEIN.java.xml', 'number', 8), '0')"
2024-11-03 12:09:38,243	[INFO]	0-35    SUCCESS               45.45 (100.00%) [1 edit(s)]  
2024-11-03 12:09:38,243	[DEBUG]	patch(0-35)="SrcmlNumericSetting(('LEVENSHTEIN.java.xml', 'number', 2), '-1')"
2024-11-03 12:09:38,243	[INFO]	0-36    SUCCESS               45.45 (100.00%) [1 edit(s)] [cached] 
2024-11-03 12:09:38,243	[DEBUG]	patch(0-36)="SrcmlNumericSetting(('LEVENSHTEIN.java.xml', 'number', 4), '1')"
2024-11-03 12:09:38,244	[INFO]	0-37    SUCCESS               45.45 (100.00%) [1 edit(s)] [cached] 
2024-11-03 12:09:38,244	[DEBUG]	patch(0-37)="SrcmlNumericSetting(('LEVENSHTEIN.java.xml', 'number', 6), '1')"
2024-11-03 12:09:38,685	[INFO]	0-38    SUCCESS               54.55 (120.02%) [1 edit(s)]  
2024-11-03 12:09:38,685	[DEBUG]	patch(0-38)="SrcmlNumericSetting(('LEVENSHTEIN.java.xml', 'number', 6), '-1')"
2024-11-03 12:09:39,118	[INFO]	0-39    SUCCESS               45.45 (100.00%) [1 edit(s)]  
2024-11-03 12:09:39,118	[DEBUG]	patch(0-39)="SrcmlNumericSetting(('LEVENSHTEIN.java.xml', 'number', 3), '-1')"
2024-11-03 12:09:39,118	[INFO]	0-40    SUCCESS               45.45 (100.00%) [1 edit(s)] [cached] 
2024-11-03 12:09:39,118	[DEBUG]	patch(0-40)="SrcmlNumericSetting(('LEVENSHTEIN.java.xml', 'number', 9), '1')"
2024-11-03 12:09:39,118	[INFO]	~~~~ END ~~~~
2024-11-03 12:09:39,119	[INFO]	
2024-11-03 12:09:39,119	[INFO]	==== REPORT ====
2024-11-03 12:09:39,119	[INFO]	Termination: target fitness reached
2024-11-03 12:09:39,119	[INFO]	Log file: /Users/han/Desktop/magpie_ssh_candidate_junit/ssh_candidate_junit/_magpie_logs/LEVENSHTEIN_1730635756.log
2024-11-03 12:09:39,119	[INFO]	Patch file: _magpie_logs/LEVENSHTEIN_1730635756.patch
2024-11-03 12:09:39,119	[INFO]	Diff file: _magpie_logs/LEVENSHTEIN_1730635756.diff
2024-11-03 12:09:39,119	[INFO]	Reference fitness: 45.45
2024-11-03 12:09:39,119	[INFO]	Best fitness: 0.00
2024-11-03 12:09:39,119	[INFO]	
2024-11-03 12:09:39,119	[INFO]	==== BEST PATCH ====
SrcmlNumericSetting(('LEVENSHTEIN.java.xml', 'number', 2), '0')
2024-11-03 12:09:39,119	[INFO]	
2024-11-03 12:09:39,120	[INFO]	==== DIFF ====
[1m--- before: LEVENSHTEIN.java[0m
[1m+++ after: LEVENSHTEIN.java[0m
[36m@@ -12,7 +12,7 @@[0m
         if (source.isEmpty() || target.isEmpty()) {
             return source.isEmpty() ? target.length() : source.length();
         } else if (source.charAt(0) == target.charAt(0)) {
[31m-            return 1 + levenshtein(source.substring(1), target.substring(1));[0m
[32m+            return 0 + levenshtein(source.substring(1), target.substring(1));[0m
         } else {
             return 1 + Math.min(Math.min(
                     levenshtein(source,              target.substring(1)),

