2024-11-03 12:08:00,669	[DEBUG]	==== CONFIG ====
[magpie]
import = 
seed = 581007229781199
log_dir = _magpie_logs
work_dir = _magpie_work
local_original_copy = False
local_original_name = __original__
output_encoding = ascii
edit_retries = 10
default_timeout = 30
default_lengthout = 1e5
diff_method = unified
trust_local_filesystem = True

[magpie.log]
color_output = True
format_info = {counter:<7} {status:<20} {best}{fitness} ({ratio}) [{size}] {cached} {log}
format_debug = patch({counter})="{patch}"{diffifbest}
format_fitness = {:.2f}
format_ratio = {:.2%%}
format_patchif = 
	 --> {patch}
format_diffif = 
	{diff}

[software]
path = java_programs/mergesort
target_files = 
	MERGESORT.java.xml
software = BasicSoftware
model_rules = 
	*.params : ParamFileConfigModel
	*.xml : SrcmlModel
	* : LineModel
model_config = 
	*.xml : [srcml]
init_cmd = bash init_bug.sh
init_timeout = 60
init_lengthout = -1
setup_cmd = 
setup_timeout = 
setup_lengthout = 
compile_cmd = javac -cp junit-4.10.jar MERGESORT.java MERGESORT_TEST_EFFECTIVE.java
compile_timeout = 
compile_lengthout = 
test_cmd = java -cp junit-4.10.jar:. org.junit.runner.JUnitCore MERGESORT_TEST_EFFECTIVE
test_timeout = 
test_lengthout = 
run_cmd = 
run_timeout = 
run_lengthout = 
batch_timeout = 
batch_lengthout = 
batch_bin_fitness_strategy = aggregate
batch_fitness_strategy = average
fitness = repair

[srcml]
rename = 
	stmt: break continue decl_stmt do expr_stmt for goto if return switch while
	number: literal_number
focus = block stmt operator_comp operator_arith number condition
internodes = block
process_pseudo_blocks = True
process_literals = True
process_operators = True

[paramconfig]
timing = test run
cli_prefix = --
cli_glue = =
cli_boolean = show
cli_boolean_prefix_true = 
cli_boolean_prefix_false = no-
cli_none = hide
silent_prefix = @
silent_suffix = $

[search]
protocol = BasicProtocol
algorithm = GeneticProgrammingUniformConcat
possible_edits = 
	SrcmlComparisonOperatorSetting
	SrcmlNumericSetting
warmup = 3
warmup_strategy = last
max_steps = 400
max_time = 200
target_fitness = 0
cache_maxsize = 100
cache_keep = 0.2
batch_instances = 
batch_shuffle = True
batch_bin_shuffle = False
batch_sample_size = 1

[search.ls]
delete_prob = 0.5
max_neighbours = 
when_trapped = continue
accept_fail = False
tabu_length = 10

[search.gp]
pop_size = 40
delete_prob = 0.5
offspring_elitism = 0.1
offspring_crossover = 0.5
offspring_mutation = 0.4
uniform_rate = 0.5
batch_reset = True

[search.minify]
do_cleanup = True
do_rebuild = True
do_simplify = True
round_robin_limit = 3


2024-11-03 12:08:00,669	[DEBUG]	
2024-11-03 12:08:00,669	[INFO]	==== SEARCH: GeneticProgrammingUniformConcat ====
2024-11-03 12:08:00,669	[INFO]	~~~~ WARMUP ~~~~
2024-11-03 12:08:01,242	[INFO]	WARM    SUCCESS               92.86 (--) [0 edit(s)]  
2024-11-03 12:08:01,812	[INFO]	WARM    SUCCESS               92.86 (--) [0 edit(s)]  
2024-11-03 12:08:02,375	[INFO]	WARM    SUCCESS               92.86 (--) [0 edit(s)]  
2024-11-03 12:08:02,376	[INFO]	REF     SUCCESS               92.86 (--) [0 edit(s)]  
2024-11-03 12:08:02,376	[INFO]	
2024-11-03 12:08:02,376	[INFO]	~~~~ START ~~~~
2024-11-03 12:08:02,993	[INFO]	0-1     SUCCESS              +92.86 (100.00%) [1 edit(s)]  
2024-11-03 12:08:02,993	[DEBUG]	patch(0-1)="SrcmlNumericSetting(('MERGESORT.java.xml', 'number', 0), '0')"
2024-11-03 12:08:03,625	[INFO]	0-2     SUCCESS               92.86 (100.00%) [1 edit(s)]  
2024-11-03 12:08:03,626	[DEBUG]	patch(0-2)="SrcmlComparisonOperatorSetting(('MERGESORT.java.xml', 'operator_comp', 0), '!=')"
2024-11-03 12:08:04,241	[INFO]	0-3     SUCCESS               92.86 (100.00%) [1 edit(s)]  
2024-11-03 12:08:04,242	[DEBUG]	patch(0-3)="SrcmlComparisonOperatorSetting(('MERGESORT.java.xml', 'operator_comp', 0), '<=')"
2024-11-03 12:08:04,856	[INFO]	0-4     SUCCESS               92.86 (100.00%) [1 edit(s)]  
2024-11-03 12:08:04,857	[DEBUG]	patch(0-4)="SrcmlComparisonOperatorSetting(('MERGESORT.java.xml', 'operator_comp', 2), '!=')"
2024-11-03 12:08:05,353	[INFO]	0-5     SUCCESS               92.86 (100.00%) [1 edit(s)]  
2024-11-03 12:08:05,353	[DEBUG]	patch(0-5)="SrcmlNumericSetting(('MERGESORT.java.xml', 'number', 4), '0')"
2024-11-03 12:08:05,354	[INFO]	0-6     SUCCESS               92.86 (100.00%) [1 edit(s)] [cached] 
2024-11-03 12:08:05,354	[DEBUG]	patch(0-6)="SrcmlComparisonOperatorSetting(('MERGESORT.java.xml', 'operator_comp', 3), '==')"
2024-11-03 12:08:05,963	[INFO]	0-7     SUCCESS               92.86 (100.00%) [1 edit(s)]  
2024-11-03 12:08:05,963	[DEBUG]	patch(0-7)="SrcmlNumericSetting(('MERGESORT.java.xml', 'number', 0), '1')"
2024-11-03 12:08:06,543	[INFO]	0-8     SUCCESS               92.86 (100.00%) [1 edit(s)]  
2024-11-03 12:08:06,543	[DEBUG]	patch(0-8)="SrcmlNumericSetting(('MERGESORT.java.xml', 'number', 5), '1')"
2024-11-03 12:08:07,170	[INFO]	0-9     SUCCESS               92.86 (100.00%) [1 edit(s)]  
2024-11-03 12:08:07,170	[DEBUG]	patch(0-9)="SrcmlComparisonOperatorSetting(('MERGESORT.java.xml', 'operator_comp', 1), '!=')"
2024-11-03 12:08:07,170	[INFO]	0-10    SUCCESS               92.86 (100.00%) [1 edit(s)] [cached] 
2024-11-03 12:08:07,170	[DEBUG]	patch(0-10)="SrcmlNumericSetting(('MERGESORT.java.xml', 'number', 1), '0')"
2024-11-03 12:08:07,803	[INFO]	0-11    SUCCESS               92.86 (100.00%) [1 edit(s)]  
2024-11-03 12:08:07,803	[DEBUG]	patch(0-11)="SrcmlNumericSetting(('MERGESORT.java.xml', 'number', 2), '-1')"
2024-11-03 12:08:08,419	[INFO]	0-12    SUCCESS               92.86 (100.00%) [1 edit(s)]  
2024-11-03 12:08:08,419	[DEBUG]	patch(0-12)="SrcmlNumericSetting(('MERGESORT.java.xml', 'number', 0), '-1')"
2024-11-03 12:08:09,068	[INFO]	0-13    SUCCESS               92.86 (100.00%) [1 edit(s)]  
2024-11-03 12:08:09,068	[DEBUG]	patch(0-13)="SrcmlNumericSetting(('MERGESORT.java.xml', 'number', 4), '1')"
2024-11-03 12:08:09,584	[INFO]	0-14    SUCCESS               92.86 (100.00%) [1 edit(s)]  
2024-11-03 12:08:09,585	[DEBUG]	patch(0-14)="SrcmlNumericSetting(('MERGESORT.java.xml', 'number', 6), '-1')"
2024-11-03 12:08:10,112	[INFO]	0-15    SUCCESS               92.86 (100.00%) [1 edit(s)]  
2024-11-03 12:08:10,113	[DEBUG]	patch(0-15)="SrcmlNumericSetting(('MERGESORT.java.xml', 'number', 4), '-1')"
2024-11-03 12:08:10,625	[INFO]	0-16    SUCCESS               92.86 (100.00%) [1 edit(s)]  
2024-11-03 12:08:10,625	[DEBUG]	patch(0-16)="SrcmlNumericSetting(('MERGESORT.java.xml', 'number', 7), '-1')"
2024-11-03 12:08:11,122	[INFO]	0-17    SUCCESS               92.86 (100.00%) [1 edit(s)]  
2024-11-03 12:08:11,123	[DEBUG]	patch(0-17)="SrcmlComparisonOperatorSetting(('MERGESORT.java.xml', 'operator_comp', 3), '>=')"
2024-11-03 12:08:11,639	[INFO]	0-18    SUCCESS               92.86 (100.00%) [1 edit(s)]  
2024-11-03 12:08:11,639	[DEBUG]	patch(0-18)="SrcmlNumericSetting(('MERGESORT.java.xml', 'number', 5), '-1')"
2024-11-03 12:08:11,639	[INFO]	0-19    SUCCESS               92.86 (100.00%) [1 edit(s)] [cached] 
2024-11-03 12:08:11,639	[DEBUG]	patch(0-19)="SrcmlNumericSetting(('MERGESORT.java.xml', 'number', 3), '0')"
2024-11-03 12:08:12,273	[INFO]	0-20    SUCCESS               92.86 (100.00%) [1 edit(s)]  
2024-11-03 12:08:12,273	[DEBUG]	patch(0-20)="SrcmlNumericSetting(('MERGESORT.java.xml', 'number', 1), '1')"
2024-11-03 12:08:12,900	[INFO]	0-21    SUCCESS               92.86 (100.00%) [1 edit(s)]  
2024-11-03 12:08:12,900	[DEBUG]	patch(0-21)="SrcmlComparisonOperatorSetting(('MERGESORT.java.xml', 'operator_comp', 0), '>=')"
2024-11-03 12:08:12,901	[INFO]	0-22    SUCCESS               92.86 (100.00%) [1 edit(s)] [cached] 
2024-11-03 12:08:12,901	[DEBUG]	patch(0-22)="SrcmlNumericSetting(('MERGESORT.java.xml', 'number', 6), '0')"
2024-11-03 12:08:13,518	[INFO]	0-23    SUCCESS               92.86 (100.00%) [1 edit(s)]  
2024-11-03 12:08:13,518	[DEBUG]	patch(0-23)="SrcmlNumericSetting(('MERGESORT.java.xml', 'number', 7), '1')"
2024-11-03 12:08:14,136	[INFO]	0-24    SUCCESS               100.00 (107.69%) [1 edit(s)]  
2024-11-03 12:08:14,136	[DEBUG]	patch(0-24)="SrcmlComparisonOperatorSetting(('MERGESORT.java.xml', 'operator_comp', 3), '<')"
2024-11-03 12:08:14,662	[INFO]	0-25    SUCCESS               92.86 (100.00%) [1 edit(s)]  
2024-11-03 12:08:14,662	[DEBUG]	patch(0-25)="SrcmlNumericSetting(('MERGESORT.java.xml', 'number', 6), '1')"
2024-11-03 12:08:15,228	[INFO]	0-26    SUCCESS               92.86 (100.00%) [1 edit(s)]  
2024-11-03 12:08:15,228	[DEBUG]	patch(0-26)="SrcmlNumericSetting(('MERGESORT.java.xml', 'number', 7), '0')"
2024-11-03 12:08:15,865	[INFO]	0-27    SUCCESS               92.86 (100.00%) [1 edit(s)]  
2024-11-03 12:08:15,865	[DEBUG]	patch(0-27)="SrcmlComparisonOperatorSetting(('MERGESORT.java.xml', 'operator_comp', 2), '>')"
2024-11-03 12:08:15,865	[INFO]	0-28    SUCCESS               92.86 (100.00%) [1 edit(s)] [cached] 
2024-11-03 12:08:15,866	[DEBUG]	patch(0-28)="SrcmlComparisonOperatorSetting(('MERGESORT.java.xml', 'operator_comp', 0), '<')"
2024-11-03 12:08:16,527	[INFO]	0-29    SUCCESS               92.86 (100.00%) [1 edit(s)]  
2024-11-03 12:08:16,527	[DEBUG]	patch(0-29)="SrcmlComparisonOperatorSetting(('MERGESORT.java.xml', 'operator_comp', 1), '>=')"
2024-11-03 12:08:17,157	[INFO]	0-30    SUCCESS               92.86 (100.00%) [1 edit(s)]  
2024-11-03 12:08:17,157	[DEBUG]	patch(0-30)="SrcmlComparisonOperatorSetting(('MERGESORT.java.xml', 'operator_comp', 2), '==')"
2024-11-03 12:08:17,785	[INFO]	0-31    SUCCESS               92.86 (100.00%) [1 edit(s)]  
2024-11-03 12:08:17,786	[DEBUG]	patch(0-31)="SrcmlComparisonOperatorSetting(('MERGESORT.java.xml', 'operator_comp', 3), '<=')"
2024-11-03 12:08:18,428	[INFO]	0-32    SUCCESS               92.86 (100.00%) [1 edit(s)]  
2024-11-03 12:08:18,428	[DEBUG]	patch(0-32)="SrcmlNumericSetting(('MERGESORT.java.xml', 'number', 1), '-1')"
2024-11-03 12:08:19,053	[INFO]	0-33    SUCCESS               92.86 (100.00%) [1 edit(s)]  
2024-11-03 12:08:19,053	[DEBUG]	patch(0-33)="SrcmlComparisonOperatorSetting(('MERGESORT.java.xml', 'operator_comp', 1), '>')"
2024-11-03 12:08:19,053	[INFO]	0-34    SUCCESS               92.86 (100.00%) [1 edit(s)] [cached] 
2024-11-03 12:08:19,053	[DEBUG]	patch(0-34)="SrcmlComparisonOperatorSetting(('MERGESORT.java.xml', 'operator_comp', 1), '<')"
2024-11-03 12:08:19,649	[INFO]	0-35    SUCCESS               92.86 (100.00%) [1 edit(s)]  
2024-11-03 12:08:19,649	[DEBUG]	patch(0-35)="SrcmlNumericSetting(('MERGESORT.java.xml', 'number', 5), '0')"
2024-11-03 12:08:19,649	[INFO]	0-36    SUCCESS               92.86 (100.00%) [1 edit(s)] [cached] 
2024-11-03 12:08:19,649	[DEBUG]	patch(0-36)="SrcmlNumericSetting(('MERGESORT.java.xml', 'number', 2), '0')"
2024-11-03 12:08:20,275	[INFO]	0-37    SUCCESS               92.86 (100.00%) [1 edit(s)]  
2024-11-03 12:08:20,276	[DEBUG]	patch(0-37)="SrcmlComparisonOperatorSetting(('MERGESORT.java.xml', 'operator_comp', 0), '>')"
2024-11-03 12:08:20,894	[INFO]	0-38    SUCCESS               100.00 (107.69%) [1 edit(s)]  
2024-11-03 12:08:20,894	[DEBUG]	patch(0-38)="SrcmlNumericSetting(('MERGESORT.java.xml', 'number', 3), '-1')"
2024-11-03 12:08:20,894	[INFO]	0-39    SUCCESS               92.86 (100.00%) [1 edit(s)] [cached] 
2024-11-03 12:08:20,894	[DEBUG]	patch(0-39)="SrcmlComparisonOperatorSetting(('MERGESORT.java.xml', 'operator_comp', 2), '<=')"
2024-11-03 12:08:21,584	[INFO]	0-40    SUCCESS               92.86 (100.00%) [1 edit(s)]  
2024-11-03 12:08:21,584	[DEBUG]	patch(0-40)="SrcmlNumericSetting(('MERGESORT.java.xml', 'number', 2), '1')"
2024-11-03 12:08:21,584	[INFO]	REF     SUCCESS               92.86 (--) [0 edit(s)] [cached] 
2024-11-03 12:08:21,587	[INFO]	1-1     SUCCESS              +92.86 (100.00%) [1 edit(s)] [cached] 
2024-11-03 12:08:21,587	[DEBUG]	patch(1-1)="SrcmlNumericSetting(('MERGESORT.java.xml', 'number', 5), '-1')"
2024-11-03 12:08:21,587	[INFO]	1-2     SUCCESS               92.86 (100.00%) [1 edit(s)] [cached] 
2024-11-03 12:08:21,587	[DEBUG]	patch(1-2)="SrcmlComparisonOperatorSetting(('MERGESORT.java.xml', 'operator_comp', 3), '==')"
2024-11-03 12:08:21,587	[INFO]	1-3     SUCCESS               92.86 (100.00%) [1 edit(s)] [cached] 
2024-11-03 12:08:21,587	[DEBUG]	patch(1-3)="SrcmlComparisonOperatorSetting(('MERGESORT.java.xml', 'operator_comp', 2), '<=')"
2024-11-03 12:08:21,587	[INFO]	1-4     SUCCESS               92.86 (100.00%) [1 edit(s)] [cached] 
2024-11-03 12:08:21,587	[DEBUG]	patch(1-4)="SrcmlComparisonOperatorSetting(('MERGESORT.java.xml', 'operator_comp', 1), '!=')"
2024-11-03 12:08:21,588	[INFO]	1-5     SUCCESS               92.86 (100.00%) [1 edit(s)] [cached] 
2024-11-03 12:08:21,588	[DEBUG]	patch(1-5)="SrcmlNumericSetting(('MERGESORT.java.xml', 'number', 5), '-1')"
2024-11-03 12:08:21,588	[INFO]	1-6     SUCCESS               92.86 (100.00%) [1 edit(s)] [cached] 
2024-11-03 12:08:21,588	[DEBUG]	patch(1-6)="SrcmlComparisonOperatorSetting(('MERGESORT.java.xml', 'operator_comp', 3), '==')"
2024-11-03 12:08:21,588	[INFO]	1-7     SUCCESS               92.86 (100.00%) [1 edit(s)] [cached] 
2024-11-03 12:08:21,588	[DEBUG]	patch(1-7)="SrcmlComparisonOperatorSetting(('MERGESORT.java.xml', 'operator_comp', 0), '>')"
2024-11-03 12:08:21,588	[INFO]	1-8     SUCCESS               92.86 (100.00%) [1 edit(s)] [cached] 
2024-11-03 12:08:21,588	[DEBUG]	patch(1-8)="SrcmlNumericSetting(('MERGESORT.java.xml', 'number', 1), '-1')"
2024-11-03 12:08:21,588	[INFO]	1-9     SUCCESS               92.86 (100.00%) [1 edit(s)] [cached] 
2024-11-03 12:08:21,589	[DEBUG]	patch(1-9)="SrcmlNumericSetting(('MERGESORT.java.xml', 'number', 0), '0')"
2024-11-03 12:08:21,589	[INFO]	1-10    SUCCESS               92.86 (100.00%) [1 edit(s)] [cached] 
2024-11-03 12:08:21,589	[DEBUG]	patch(1-10)="SrcmlComparisonOperatorSetting(('MERGESORT.java.xml', 'operator_comp', 1), '<')"
2024-11-03 12:08:21,589	[INFO]	1-11    SUCCESS               100.00 (107.69%) [1 edit(s)] [cached] 
2024-11-03 12:08:21,589	[DEBUG]	patch(1-11)="SrcmlComparisonOperatorSetting(('MERGESORT.java.xml', 'operator_comp', 3), '<')"
2024-11-03 12:08:22,339	[INFO]	1-12    SUCCESS               92.86 (100.00%) [2 edit(s)]  
2024-11-03 12:08:22,339	[DEBUG]	patch(1-12)="SrcmlComparisonOperatorSetting(('MERGESORT.java.xml', 'operator_comp', 2), '==') | SrcmlComparisonOperatorSetting(('MERGESORT.java.xml', 'operator_comp', 3), '<=')"
2024-11-03 12:08:22,340	[INFO]	1-13    SUCCESS               92.86 (100.00%) [1 edit(s)] [cached] 
2024-11-03 12:08:22,340	[DEBUG]	patch(1-13)="SrcmlNumericSetting(('MERGESORT.java.xml', 'number', 2), '0')"
2024-11-03 12:08:22,340	[INFO]	1-14    SUCCESS               92.86 (100.00%) [2 edit(s)] [cached] 
2024-11-03 12:08:22,340	[DEBUG]	patch(1-14)="SrcmlNumericSetting(('MERGESORT.java.xml', 'number', 7), '0') | SrcmlComparisonOperatorSetting(('MERGESORT.java.xml', 'operator_comp', 0), '<')"
2024-11-03 12:08:22,340	[INFO]	1-15    SUCCESS               92.86 (100.00%) [1 edit(s)] [cached] 
2024-11-03 12:08:22,340	[DEBUG]	patch(1-15)="SrcmlNumericSetting(('MERGESORT.java.xml', 'number', 4), '0')"
2024-11-03 12:08:22,341	[INFO]	1-16    SUCCESS               92.86 (100.00%) [1 edit(s)] [cached] 
2024-11-03 12:08:22,341	[DEBUG]	patch(1-16)="SrcmlNumericSetting(('MERGESORT.java.xml', 'number', 0), '-1')"
2024-11-03 12:08:22,341	[INFO]	1-17    SUCCESS               92.86 (100.00%) [1 edit(s)] [cached] 
2024-11-03 12:08:22,341	[DEBUG]	patch(1-17)="SrcmlNumericSetting(('MERGESORT.java.xml', 'number', 3), '0')"
2024-11-03 12:08:22,341	[INFO]	1-18    SUCCESS               92.86 (100.00%) [1 edit(s)] [cached] 
2024-11-03 12:08:22,341	[DEBUG]	patch(1-18)="SrcmlComparisonOperatorSetting(('MERGESORT.java.xml', 'operator_comp', 3), '<=')"
2024-11-03 12:08:22,341	[INFO]	1-19    SUCCESS               92.86 (100.00%) [1 edit(s)] [cached] 
2024-11-03 12:08:22,341	[DEBUG]	patch(1-19)="SrcmlNumericSetting(('MERGESORT.java.xml', 'number', 1), '0')"
2024-11-03 12:08:22,341	[INFO]	1-20    SUCCESS               92.86 (100.00%) [1 edit(s)] [cached] 
2024-11-03 12:08:22,341	[DEBUG]	patch(1-20)="SrcmlComparisonOperatorSetting(('MERGESORT.java.xml', 'operator_comp', 2), '!=')"
2024-11-03 12:08:22,342	[INFO]	1-21    SUCCESS               92.86 (100.00%) [1 edit(s)] [cached] 
2024-11-03 12:08:22,342	[DEBUG]	patch(1-21)="SrcmlComparisonOperatorSetting(('MERGESORT.java.xml', 'operator_comp', 0), '<')"
2024-11-03 12:08:22,342	[INFO]	1-22    SUCCESS               92.86 (100.00%) [1 edit(s)] [cached] 
2024-11-03 12:08:22,342	[DEBUG]	patch(1-22)="SrcmlNumericSetting(('MERGESORT.java.xml', 'number', 4), '0')"
2024-11-03 12:08:22,969	[INFO]	1-23    SUCCESS               92.86 (100.00%) [2 edit(s)]  
2024-11-03 12:08:22,969	[DEBUG]	patch(1-23)="SrcmlComparisonOperatorSetting(('MERGESORT.java.xml', 'operator_comp', 2), '>') | SrcmlNumericSetting(('MERGESORT.java.xml', 'number', 2), '-1')"
2024-11-03 12:08:23,659	[INFO]	1-24    SUCCESS               92.86 (100.00%) [2 edit(s)]  
2024-11-03 12:08:23,659	[DEBUG]	patch(1-24)="SrcmlComparisonOperatorSetting(('MERGESORT.java.xml', 'operator_comp', 0), '>=') | SrcmlNumericSetting(('MERGESORT.java.xml', 'number', 0), '1')"
2024-11-03 12:08:23,659	[INFO]	1-25    SUCCESS               92.86 (100.00%) [0 edit(s)] [cached] 
2024-11-03 12:08:23,659	[DEBUG]	patch(1-25)=""
2024-11-03 12:08:23,659	[INFO]	1-26    SUCCESS               92.86 (100.00%) [0 edit(s)] [cached] 
2024-11-03 12:08:23,659	[DEBUG]	patch(1-26)=""
2024-11-03 12:08:23,659	[INFO]	1-27    SUCCESS               92.86 (100.00%) [2 edit(s)] [cached] 
2024-11-03 12:08:23,659	[DEBUG]	patch(1-27)="SrcmlComparisonOperatorSetting(('MERGESORT.java.xml', 'operator_comp', 2), '<=') | SrcmlNumericSetting(('MERGESORT.java.xml', 'number', 5), '1')"
2024-11-03 12:08:24,198	[INFO]	1-28    SUCCESS               100.00 (107.69%) [2 edit(s)]  
2024-11-03 12:08:24,198	[DEBUG]	patch(1-28)="SrcmlComparisonOperatorSetting(('MERGESORT.java.xml', 'operator_comp', 1), '!=') | SrcmlComparisonOperatorSetting(('MERGESORT.java.xml', 'operator_comp', 3), '!=')"
2024-11-03 12:08:24,199	[INFO]	1-29    SUCCESS               92.86 (100.00%) [0 edit(s)] [cached] 
2024-11-03 12:08:24,199	[DEBUG]	patch(1-29)=""
2024-11-03 12:08:24,720	[INFO]	1-30    SUCCESS               100.00 (107.69%) [2 edit(s)]  
2024-11-03 12:08:24,720	[DEBUG]	patch(1-30)="SrcmlNumericSetting(('MERGESORT.java.xml', 'number', 6), '1') | SrcmlNumericSetting(('MERGESORT.java.xml', 'number', 3), '1')"
2024-11-03 12:08:25,349	[INFO]	1-31    SUCCESS               92.86 (100.00%) [2 edit(s)]  
2024-11-03 12:08:25,349	[DEBUG]	patch(1-31)="SrcmlNumericSetting(('MERGESORT.java.xml', 'number', 7), '-1') | SrcmlNumericSetting(('MERGESORT.java.xml', 'number', 4), '1')"
2024-11-03 12:08:25,349	[INFO]	1-32    SUCCESS               92.86 (100.00%) [0 edit(s)] [cached] 
2024-11-03 12:08:25,349	[DEBUG]	patch(1-32)=""
2024-11-03 12:08:25,349	[INFO]	1-33    SUCCESS               92.86 (100.00%) [0 edit(s)] [cached] 
2024-11-03 12:08:25,349	[DEBUG]	patch(1-33)=""
2024-11-03 12:08:25,350	[INFO]	1-34    SUCCESS               92.86 (100.00%) [0 edit(s)] [cached] 
2024-11-03 12:08:25,350	[DEBUG]	patch(1-34)=""
2024-11-03 12:08:25,350	[INFO]	1-35    SUCCESS               92.86 (100.00%) [0 edit(s)] [cached] 
2024-11-03 12:08:25,350	[DEBUG]	patch(1-35)=""
2024-11-03 12:08:25,981	[INFO]	1-36    SUCCESS               92.86 (100.00%) [2 edit(s)]  
2024-11-03 12:08:25,981	[DEBUG]	patch(1-36)="SrcmlNumericSetting(('MERGESORT.java.xml', 'number', 0), '-1') | SrcmlComparisonOperatorSetting(('MERGESORT.java.xml', 'operator_comp', 2), '==')"
2024-11-03 12:08:25,982	[INFO]	1-37    SUCCESS               92.86 (100.00%) [2 edit(s)] [cached] 
2024-11-03 12:08:25,982	[DEBUG]	patch(1-37)="SrcmlNumericSetting(('MERGESORT.java.xml', 'number', 3), '0') | SrcmlNumericSetting(('MERGESORT.java.xml', 'number', 6), '0')"
2024-11-03 12:08:25,982	[INFO]	1-38    SUCCESS               92.86 (100.00%) [2 edit(s)] [cached] 
2024-11-03 12:08:25,982	[DEBUG]	patch(1-38)="SrcmlComparisonOperatorSetting(('MERGESORT.java.xml', 'operator_comp', 3), '<=') | SrcmlNumericSetting(('MERGESORT.java.xml', 'number', 6), '0')"
2024-11-03 12:08:25,982	[INFO]	1-39    SUCCESS               92.86 (100.00%) [0 edit(s)] [cached] 
2024-11-03 12:08:25,982	[DEBUG]	patch(1-39)=""
2024-11-03 12:08:25,982	[INFO]	1-40    SUCCESS               92.86 (100.00%) [0 edit(s)] [cached] 
2024-11-03 12:08:25,982	[DEBUG]	patch(1-40)=""
2024-11-03 12:08:25,983	[INFO]	REF     SUCCESS               92.86 (--) [0 edit(s)] [cached] 
2024-11-03 12:08:25,984	[INFO]	2-1     SUCCESS              +92.86 (100.00%) [1 edit(s)] [cached] 
2024-11-03 12:08:25,984	[DEBUG]	patch(2-1)="SrcmlNumericSetting(('MERGESORT.java.xml', 'number', 5), '-1')"
2024-11-03 12:08:25,984	[INFO]	2-2     SUCCESS               92.86 (100.00%) [0 edit(s)] [cached] 
2024-11-03 12:08:25,985	[DEBUG]	patch(2-2)=""
2024-11-03 12:08:25,985	[INFO]	2-3     SUCCESS               92.86 (100.00%) [2 edit(s)] [cached] 
2024-11-03 12:08:25,985	[DEBUG]	patch(2-3)="SrcmlComparisonOperatorSetting(('MERGESORT.java.xml', 'operator_comp', 2), '>') | SrcmlNumericSetting(('MERGESORT.java.xml', 'number', 2), '-1')"
2024-11-03 12:08:25,985	[INFO]	2-4     SUCCESS               92.86 (100.00%) [2 edit(s)] [cached] 
2024-11-03 12:08:25,985	[DEBUG]	patch(2-4)="SrcmlNumericSetting(('MERGESORT.java.xml', 'number', 0), '-1') | SrcmlComparisonOperatorSetting(('MERGESORT.java.xml', 'operator_comp', 2), '==')"
2024-11-03 12:08:25,985	[INFO]	2-5     SUCCESS               92.86 (100.00%) [2 edit(s)] [cached] 
2024-11-03 12:08:25,986	[DEBUG]	patch(2-5)="SrcmlComparisonOperatorSetting(('MERGESORT.java.xml', 'operator_comp', 3), '<=') | SrcmlNumericSetting(('MERGESORT.java.xml', 'number', 6), '0')"
2024-11-03 12:08:25,986	[INFO]	2-6     SUCCESS               92.86 (100.00%) [1 edit(s)] [cached] 
2024-11-03 12:08:25,986	[DEBUG]	patch(2-6)="SrcmlComparisonOperatorSetting(('MERGESORT.java.xml', 'operator_comp', 0), '<')"
2024-11-03 12:08:25,986	[INFO]	2-7     SUCCESS               92.86 (100.00%) [2 edit(s)] [cached] 
2024-11-03 12:08:25,986	[DEBUG]	patch(2-7)="SrcmlComparisonOperatorSetting(('MERGESORT.java.xml', 'operator_comp', 2), '>') | SrcmlNumericSetting(('MERGESORT.java.xml', 'number', 2), '-1')"
2024-11-03 12:08:25,986	[INFO]	2-8     SUCCESS               92.86 (100.00%) [2 edit(s)] [cached] 
2024-11-03 12:08:25,986	[DEBUG]	patch(2-8)="SrcmlComparisonOperatorSetting(('MERGESORT.java.xml', 'operator_comp', 2), '<=') | SrcmlNumericSetting(('MERGESORT.java.xml', 'number', 5), '1')"
2024-11-03 12:08:25,986	[INFO]	2-9     SUCCESS               92.86 (100.00%) [1 edit(s)] [cached] 
2024-11-03 12:08:25,986	[DEBUG]	patch(2-9)="SrcmlComparisonOperatorSetting(('MERGESORT.java.xml', 'operator_comp', 2), '>')"
2024-11-03 12:08:25,987	[INFO]	2-10    SUCCESS               92.86 (100.00%) [1 edit(s)] [cached] 
2024-11-03 12:08:25,987	[DEBUG]	patch(2-10)="SrcmlComparisonOperatorSetting(('MERGESORT.java.xml', 'operator_comp', 0), '>=')"
2024-11-03 12:08:25,987	[INFO]	2-11    SUCCESS               92.86 (100.00%) [2 edit(s)] [cached] 
2024-11-03 12:08:25,987	[DEBUG]	patch(2-11)="SrcmlComparisonOperatorSetting(('MERGESORT.java.xml', 'operator_comp', 2), '<=') | SrcmlComparisonOperatorSetting(('MERGESORT.java.xml', 'operator_comp', 2), '<=')"
2024-11-03 12:08:25,987	[INFO]	2-12    SUCCESS               92.86 (100.00%) [1 edit(s)] [cached] 
2024-11-03 12:08:25,987	[DEBUG]	patch(2-12)="SrcmlNumericSetting(('MERGESORT.java.xml', 'number', 2), '0')"
2024-11-03 12:08:26,620	[INFO]	2-13    SUCCESS               92.86 (100.00%) [2 edit(s)]  
2024-11-03 12:08:26,620	[DEBUG]	patch(2-13)="SrcmlComparisonOperatorSetting(('MERGESORT.java.xml', 'operator_comp', 3), '<=') | SrcmlNumericSetting(('MERGESORT.java.xml', 'number', 0), '0')"
2024-11-03 12:08:26,620	[INFO]	2-14    SUCCESS               92.86 (100.00%) [1 edit(s)] [cached] 
2024-11-03 12:08:26,620	[DEBUG]	patch(2-14)="SrcmlNumericSetting(('MERGESORT.java.xml', 'number', 7), '-1')"
2024-11-03 12:08:26,620	[INFO]	2-15    SUCCESS               92.86 (100.00%) [1 edit(s)] [cached] 
2024-11-03 12:08:26,620	[DEBUG]	patch(2-15)="SrcmlComparisonOperatorSetting(('MERGESORT.java.xml', 'operator_comp', 2), '<=')"
2024-11-03 12:08:26,621	[INFO]	2-16    SUCCESS               92.86 (100.00%) [1 edit(s)] [cached] 
2024-11-03 12:08:26,621	[DEBUG]	patch(2-16)="SrcmlNumericSetting(('MERGESORT.java.xml', 'number', 2), '0')"
2024-11-03 12:08:26,621	[INFO]	2-17    SUCCESS               92.86 (100.00%) [1 edit(s)] [cached] 
2024-11-03 12:08:26,621	[DEBUG]	patch(2-17)="SrcmlNumericSetting(('MERGESORT.java.xml', 'number', 4), '0')"
2024-11-03 12:08:26,621	[INFO]	2-18    SUCCESS               92.86 (100.00%) [1 edit(s)] [cached] 
2024-11-03 12:08:26,621	[DEBUG]	patch(2-18)="SrcmlNumericSetting(('MERGESORT.java.xml', 'number', 3), '0')"
2024-11-03 12:08:26,621	[INFO]	2-19    SUCCESS               92.86 (100.00%) [2 edit(s)] [cached] 
2024-11-03 12:08:26,621	[DEBUG]	patch(2-19)="SrcmlNumericSetting(('MERGESORT.java.xml', 'number', 3), '0') | SrcmlNumericSetting(('MERGESORT.java.xml', 'number', 6), '0')"
2024-11-03 12:08:26,622	[INFO]	2-20    SUCCESS               92.86 (100.00%) [3 edit(s)] [cached] 
2024-11-03 12:08:26,622	[DEBUG]	patch(2-20)="SrcmlNumericSetting(('MERGESORT.java.xml', 'number', 3), '0') | SrcmlComparisonOperatorSetting(('MERGESORT.java.xml', 'operator_comp', 0), '>=') | SrcmlNumericSetting(('MERGESORT.java.xml', 'number', 0), '1')"
2024-11-03 12:08:26,622	[INFO]	2-21    SUCCESS               92.86 (100.00%) [2 edit(s)] [cached] 
2024-11-03 12:08:26,622	[DEBUG]	patch(2-21)="SrcmlComparisonOperatorSetting(('MERGESORT.java.xml', 'operator_comp', 2), '==') | SrcmlComparisonOperatorSetting(('MERGESORT.java.xml', 'operator_comp', 3), '<=')"
2024-11-03 12:08:26,622	[INFO]	2-22    SUCCESS               92.86 (100.00%) [1 edit(s)] [cached] 
2024-11-03 12:08:26,622	[DEBUG]	patch(2-22)="SrcmlComparisonOperatorSetting(('MERGESORT.java.xml', 'operator_comp', 2), '!=')"
2024-11-03 12:08:26,622	[INFO]	2-23    SUCCESS               92.86 (100.00%) [1 edit(s)] [cached] 
2024-11-03 12:08:26,622	[DEBUG]	patch(2-23)="SrcmlNumericSetting(('MERGESORT.java.xml', 'number', 7), '0')"
2024-11-03 12:08:26,622	[INFO]	2-24    SUCCESS               92.86 (100.00%) [3 edit(s)] [cached] 
2024-11-03 12:08:26,622	[DEBUG]	patch(2-24)="SrcmlComparisonOperatorSetting(('MERGESORT.java.xml', 'operator_comp', 1), '<') | SrcmlNumericSetting(('MERGESORT.java.xml', 'number', 7), '0') | SrcmlComparisonOperatorSetting(('MERGESORT.java.xml', 'operator_comp', 0), '<')"
2024-11-03 12:08:26,623	[INFO]	2-25    SUCCESS               92.86 (100.00%) [2 edit(s)] [cached] 
2024-11-03 12:08:26,623	[DEBUG]	patch(2-25)="SrcmlNumericSetting(('MERGESORT.java.xml', 'number', 5), '-1') | SrcmlComparisonOperatorSetting(('MERGESORT.java.xml', 'operator_comp', 3), '==')"
2024-11-03 12:08:26,623	[INFO]	2-26    SUCCESS               92.86 (100.00%) [1 edit(s)] [cached] 
2024-11-03 12:08:26,623	[DEBUG]	patch(2-26)="SrcmlComparisonOperatorSetting(('MERGESORT.java.xml', 'operator_comp', 2), '<=')"
2024-11-03 12:08:26,623	[INFO]	2-27    SUCCESS               92.86 (100.00%) [1 edit(s)] [cached] 
2024-11-03 12:08:26,623	[DEBUG]	patch(2-27)="SrcmlNumericSetting(('MERGESORT.java.xml', 'number', 2), '-1')"
2024-11-03 12:08:26,623	[INFO]	2-28    SUCCESS               92.86 (100.00%) [1 edit(s)] [cached] 
2024-11-03 12:08:26,623	[DEBUG]	patch(2-28)="SrcmlNumericSetting(('MERGESORT.java.xml', 'number', 0), '-1')"
2024-11-03 12:08:26,624	[INFO]	2-29    SUCCESS               92.86 (100.00%) [0 edit(s)] [cached] 
2024-11-03 12:08:26,624	[DEBUG]	patch(2-29)=""
2024-11-03 12:08:27,261	[INFO]	2-30    SUCCESS               92.86 (100.00%) [3 edit(s)]  
2024-11-03 12:08:27,262	[DEBUG]	patch(2-30)="SrcmlComparisonOperatorSetting(('MERGESORT.java.xml', 'operator_comp', 0), '>=') | SrcmlNumericSetting(('MERGESORT.java.xml', 'number', 0), '1') | SrcmlNumericSetting(('MERGESORT.java.xml', 'number', 4), '1')"
2024-11-03 12:08:27,262	[INFO]	2-31    SUCCESS               92.86 (100.00%) [2 edit(s)] [cached] 
2024-11-03 12:08:27,262	[DEBUG]	patch(2-31)="SrcmlComparisonOperatorSetting(('MERGESORT.java.xml', 'operator_comp', 2), '<=') | SrcmlNumericSetting(('MERGESORT.java.xml', 'number', 6), '0')"
2024-11-03 12:08:27,262	[INFO]	2-32    SUCCESS               92.86 (100.00%) [0 edit(s)] [cached] 
2024-11-03 12:08:27,262	[DEBUG]	patch(2-32)=""
2024-11-03 12:08:27,262	[INFO]	2-33    SUCCESS               92.86 (100.00%) [0 edit(s)] [cached] 
2024-11-03 12:08:27,262	[DEBUG]	patch(2-33)=""
2024-11-03 12:08:27,263	[INFO]	2-34    SUCCESS               92.86 (100.00%) [3 edit(s)] [cached] 
2024-11-03 12:08:27,263	[DEBUG]	patch(2-34)="SrcmlNumericSetting(('MERGESORT.java.xml', 'number', 7), '-1') | SrcmlNumericSetting(('MERGESORT.java.xml', 'number', 4), '1') | SrcmlNumericSetting(('MERGESORT.java.xml', 'number', 3), '0')"
2024-11-03 12:08:27,263	[INFO]	2-35    SUCCESS               92.86 (100.00%) [1 edit(s)] [cached] 
2024-11-03 12:08:27,263	[DEBUG]	patch(2-35)="SrcmlComparisonOperatorSetting(('MERGESORT.java.xml', 'operator_comp', 3), '<=')"
2024-11-03 12:08:27,263	[INFO]	2-36    SUCCESS               92.86 (100.00%) [0 edit(s)] [cached] 
2024-11-03 12:08:27,263	[DEBUG]	patch(2-36)=""
2024-11-03 12:08:27,806	[INFO]	2-37    SUCCESS               92.86 (100.00%) [2 edit(s)]  
2024-11-03 12:08:27,806	[DEBUG]	patch(2-37)="SrcmlNumericSetting(('MERGESORT.java.xml', 'number', 4), '0') | SrcmlComparisonOperatorSetting(('MERGESORT.java.xml', 'operator_comp', 3), '>=')"
2024-11-03 12:08:28,348	[INFO]	2-38    SUCCESS               100.00 (107.69%) [2 edit(s)]  
2024-11-03 12:08:28,348	[DEBUG]	patch(2-38)="SrcmlNumericSetting(('MERGESORT.java.xml', 'number', 0), '-1') | SrcmlComparisonOperatorSetting(('MERGESORT.java.xml', 'operator_comp', 3), '>')"
2024-11-03 12:08:28,349	[INFO]	2-39    SUCCESS               92.86 (100.00%) [3 edit(s)] [cached] 
2024-11-03 12:08:28,349	[DEBUG]	patch(2-39)="SrcmlNumericSetting(('MERGESORT.java.xml', 'number', 3), '0') | SrcmlNumericSetting(('MERGESORT.java.xml', 'number', 6), '0') | SrcmlComparisonOperatorSetting(('MERGESORT.java.xml', 'operator_comp', 0), '<')"
2024-11-03 12:08:28,349	[INFO]	2-40    SUCCESS               92.86 (100.00%) [2 edit(s)] [cached] 
2024-11-03 12:08:28,349	[DEBUG]	patch(2-40)="SrcmlNumericSetting(('MERGESORT.java.xml', 'number', 3), '0') | SrcmlComparisonOperatorSetting(('MERGESORT.java.xml', 'operator_comp', 3), '==')"
2024-11-03 12:08:28,349	[INFO]	REF     SUCCESS               92.86 (--) [0 edit(s)] [cached] 
2024-11-03 12:08:28,351	[INFO]	3-1     SUCCESS              +92.86 (100.00%) [1 edit(s)] [cached] 
2024-11-03 12:08:28,351	[DEBUG]	patch(3-1)="SrcmlNumericSetting(('MERGESORT.java.xml', 'number', 5), '-1')"
2024-11-03 12:08:28,352	[INFO]	3-2     SUCCESS               92.86 (100.00%) [0 edit(s)] [cached] 
2024-11-03 12:08:28,352	[DEBUG]	patch(3-2)=""
2024-11-03 12:08:28,352	[INFO]	3-3     SUCCESS               92.86 (100.00%) [2 edit(s)] [cached] 
2024-11-03 12:08:28,352	[DEBUG]	patch(3-3)="SrcmlComparisonOperatorSetting(('MERGESORT.java.xml', 'operator_comp', 2), '>') | SrcmlNumericSetting(('MERGESORT.java.xml', 'number', 2), '-1')"
2024-11-03 12:08:28,352	[INFO]	3-4     SUCCESS               92.86 (100.00%) [2 edit(s)] [cached] 
2024-11-03 12:08:28,352	[DEBUG]	patch(3-4)="SrcmlNumericSetting(('MERGESORT.java.xml', 'number', 0), '-1') | SrcmlComparisonOperatorSetting(('MERGESORT.java.xml', 'operator_comp', 2), '==')"
2024-11-03 12:08:28,352	[INFO]	3-5     SUCCESS               92.86 (100.00%) [1 edit(s)] [cached] 
2024-11-03 12:08:28,352	[DEBUG]	patch(3-5)="SrcmlNumericSetting(('MERGESORT.java.xml', 'number', 7), '-1')"
2024-11-03 12:08:28,881	[INFO]	3-6     SUCCESS               100.00 (107.69%) [1 edit(s)]  
2024-11-03 12:08:28,881	[DEBUG]	patch(3-6)="SrcmlComparisonOperatorSetting(('MERGESORT.java.xml', 'operator_comp', 3), '>')"
2024-11-03 12:08:28,882	[INFO]	3-7     SUCCESS               92.86 (100.00%) [1 edit(s)] [cached] 
2024-11-03 12:08:28,882	[DEBUG]	patch(3-7)="SrcmlNumericSetting(('MERGESORT.java.xml', 'number', 2), '-1')"
2024-11-03 12:08:28,882	[INFO]	3-8     SUCCESS               92.86 (100.00%) [1 edit(s)] [cached] 
2024-11-03 12:08:28,882	[DEBUG]	patch(3-8)="SrcmlNumericSetting(('MERGESORT.java.xml', 'number', 7), '-1')"
2024-11-03 12:08:29,417	[INFO]	3-9     SUCCESS               92.86 (100.00%) [3 edit(s)]  
2024-11-03 12:08:29,417	[DEBUG]	patch(3-9)="SrcmlNumericSetting(('MERGESORT.java.xml', 'number', 7), '-1') | SrcmlComparisonOperatorSetting(('MERGESORT.java.xml', 'operator_comp', 3), '<=') | SrcmlNumericSetting(('MERGESORT.java.xml', 'number', 0), '0')"
2024-11-03 12:08:29,417	[INFO]	3-10    SUCCESS               92.86 (100.00%) [2 edit(s)] [cached] 
2024-11-03 12:08:29,417	[DEBUG]	patch(3-10)="SrcmlComparisonOperatorSetting(('MERGESORT.java.xml', 'operator_comp', 2), '<=') | SrcmlComparisonOperatorSetting(('MERGESORT.java.xml', 'operator_comp', 2), '<=')"
2024-11-03 12:08:29,417	[INFO]	3-11    SUCCESS               92.86 (100.00%) [2 edit(s)] [cached] 
2024-11-03 12:08:29,418	[DEBUG]	patch(3-11)="SrcmlNumericSetting(('MERGESORT.java.xml', 'number', 3), '0') | SrcmlComparisonOperatorSetting(('MERGESORT.java.xml', 'operator_comp', 2), '==')"
2024-11-03 12:08:29,931	[INFO]	3-12    SUCCESS               92.86 (100.00%) [2 edit(s)]  
2024-11-03 12:08:29,931	[DEBUG]	patch(3-12)="SrcmlNumericSetting(('MERGESORT.java.xml', 'number', 0), '1') | SrcmlNumericSetting(('MERGESORT.java.xml', 'number', 7), '-1')"
2024-11-03 12:08:29,932	[INFO]	3-13    SUCCESS               92.86 (100.00%) [2 edit(s)] [cached] 
2024-11-03 12:08:29,932	[DEBUG]	patch(3-13)="SrcmlComparisonOperatorSetting(('MERGESORT.java.xml', 'operator_comp', 3), '<=') | SrcmlNumericSetting(('MERGESORT.java.xml', 'number', 2), '0')"
2024-11-03 12:08:29,932	[INFO]	3-14    SUCCESS               92.86 (100.00%) [1 edit(s)] [cached] 
2024-11-03 12:08:29,932	[DEBUG]	patch(3-14)="SrcmlNumericSetting(('MERGESORT.java.xml', 'number', 7), '0')"
2024-11-03 12:08:29,932	[INFO]	3-15    SUCCESS               92.86 (100.00%) [2 edit(s)] [cached] 
2024-11-03 12:08:29,932	[DEBUG]	patch(3-15)="SrcmlNumericSetting(('MERGESORT.java.xml', 'number', 4), '0') | SrcmlComparisonOperatorSetting(('MERGESORT.java.xml', 'operator_comp', 2), '<=')"
2024-11-03 12:08:29,932	[INFO]	3-16    SUCCESS               92.86 (100.00%) [1 edit(s)] [cached] 
2024-11-03 12:08:29,932	[DEBUG]	patch(3-16)="SrcmlNumericSetting(('MERGESORT.java.xml', 'number', 3), '0')"
2024-11-03 12:08:29,933	[INFO]	3-17    SUCCESS               92.86 (100.00%) [1 edit(s)] [cached] 
2024-11-03 12:08:29,933	[DEBUG]	patch(3-17)="SrcmlNumericSetting(('MERGESORT.java.xml', 'number', 0), '-1')"
2024-11-03 12:08:29,933	[INFO]	3-18    SUCCESS               92.86 (100.00%) [2 edit(s)] [cached] 
2024-11-03 12:08:29,933	[DEBUG]	patch(3-18)="SrcmlNumericSetting(('MERGESORT.java.xml', 'number', 0), '1') | SrcmlNumericSetting(('MERGESORT.java.xml', 'number', 3), '0')"
2024-11-03 12:08:29,933	[INFO]	3-19    SUCCESS               92.86 (100.00%) [1 edit(s)] [cached] 
2024-11-03 12:08:29,933	[DEBUG]	patch(3-19)="SrcmlComparisonOperatorSetting(('MERGESORT.java.xml', 'operator_comp', 3), '<=')"
2024-11-03 12:08:30,546	[INFO]	3-20    SUCCESS               92.86 (100.00%) [2 edit(s)]  
2024-11-03 12:08:30,546	[DEBUG]	patch(3-20)="SrcmlComparisonOperatorSetting(('MERGESORT.java.xml', 'operator_comp', 2), '!=') | SrcmlNumericSetting(('MERGESORT.java.xml', 'number', 2), '-1')"
2024-11-03 12:08:30,546	[INFO]	3-21    SUCCESS               92.86 (100.00%) [3 edit(s)] [cached] 
2024-11-03 12:08:30,546	[DEBUG]	patch(3-21)="SrcmlNumericSetting(('MERGESORT.java.xml', 'number', 3), '0') | SrcmlNumericSetting(('MERGESORT.java.xml', 'number', 6), '0') | SrcmlNumericSetting(('MERGESORT.java.xml', 'number', 7), '0')"
2024-11-03 12:08:30,546	[INFO]	3-22    SUCCESS               92.86 (100.00%) [2 edit(s)] [cached] 
2024-11-03 12:08:30,546	[DEBUG]	patch(3-22)="SrcmlNumericSetting(('MERGESORT.java.xml', 'number', 6), '0') | SrcmlComparisonOperatorSetting(('MERGESORT.java.xml', 'operator_comp', 0), '<')"
2024-11-03 12:08:30,547	[INFO]	3-23    SUCCESS               92.86 (100.00%) [1 edit(s)] [cached] 
2024-11-03 12:08:30,547	[DEBUG]	patch(3-23)="SrcmlNumericSetting(('MERGESORT.java.xml', 'number', 0), '0')"
2024-11-03 12:08:30,547	[INFO]	3-24    SUCCESS               100.00 (107.69%) [1 edit(s)] [cached] 
2024-11-03 12:08:30,547	[DEBUG]	patch(3-24)="SrcmlComparisonOperatorSetting(('MERGESORT.java.xml', 'operator_comp', 3), '>')"
2024-11-03 12:08:31,056	[INFO]	3-25    SUCCESS               92.86 (100.00%) [2 edit(s)]  
2024-11-03 12:08:31,056	[DEBUG]	patch(3-25)="SrcmlNumericSetting(('MERGESORT.java.xml', 'number', 5), '-1') | SrcmlComparisonOperatorSetting(('MERGESORT.java.xml', 'operator_comp', 2), '>=')"
2024-11-03 12:08:31,057	[INFO]	3-26    SUCCESS               92.86 (100.00%) [1 edit(s)] [cached] 
2024-11-03 12:08:31,057	[DEBUG]	patch(3-26)="SrcmlNumericSetting(('MERGESORT.java.xml', 'number', 6), '0')"
2024-11-03 12:08:31,702	[INFO]	3-27    SUCCESS               92.86 (100.00%) [3 edit(s)]  
2024-11-03 12:08:31,702	[DEBUG]	patch(3-27)="SrcmlComparisonOperatorSetting(('MERGESORT.java.xml', 'operator_comp', 2), '>') | SrcmlNumericSetting(('MERGESORT.java.xml', 'number', 2), '-1') | SrcmlNumericSetting(('MERGESORT.java.xml', 'number', 1), '1')"
2024-11-03 12:08:31,703	[INFO]	3-28    SUCCESS               92.86 (100.00%) [1 edit(s)] [cached] 
2024-11-03 12:08:31,703	[DEBUG]	patch(3-28)="SrcmlNumericSetting(('MERGESORT.java.xml', 'number', 0), '-1')"
2024-11-03 12:08:32,316	[INFO]	3-29    SUCCESS               92.86 (100.00%) [4 edit(s)]  
2024-11-03 12:08:32,316	[DEBUG]	patch(3-29)="SrcmlNumericSetting(('MERGESORT.java.xml', 'number', 7), '-1') | SrcmlNumericSetting(('MERGESORT.java.xml', 'number', 4), '1') | SrcmlNumericSetting(('MERGESORT.java.xml', 'number', 3), '0') | SrcmlComparisonOperatorSetting(('MERGESORT.java.xml', 'operator_comp', 0), '>')"
2024-11-03 12:08:32,316	[INFO]	3-30    SUCCESS               92.86 (100.00%) [2 edit(s)] [cached] 
2024-11-03 12:08:32,317	[DEBUG]	patch(3-30)="SrcmlComparisonOperatorSetting(('MERGESORT.java.xml', 'operator_comp', 2), '<=') | SrcmlNumericSetting(('MERGESORT.java.xml', 'number', 5), '1')"
2024-11-03 12:08:32,317	[INFO]	3-31    SUCCESS               92.86 (100.00%) [3 edit(s)] [cached] 
2024-11-03 12:08:32,317	[DEBUG]	patch(3-31)="SrcmlComparisonOperatorSetting(('MERGESORT.java.xml', 'operator_comp', 2), '==') | SrcmlComparisonOperatorSetting(('MERGESORT.java.xml', 'operator_comp', 3), '<=') | SrcmlNumericSetting(('MERGESORT.java.xml', 'number', 1), '0')"
2024-11-03 12:08:32,827	[INFO]	3-32    SUCCESS               92.86 (100.00%) [2 edit(s)]  
2024-11-03 12:08:32,827	[DEBUG]	patch(3-32)="SrcmlNumericSetting(('MERGESORT.java.xml', 'number', 7), '-1') | SrcmlNumericSetting(('MERGESORT.java.xml', 'number', 5), '1')"
2024-11-03 12:08:32,827	[INFO]	3-33    SUCCESS               92.86 (100.00%) [2 edit(s)] [cached] 
2024-11-03 12:08:32,827	[DEBUG]	patch(3-33)="SrcmlNumericSetting(('MERGESORT.java.xml', 'number', 2), '0') | SrcmlNumericSetting(('MERGESORT.java.xml', 'number', 0), '0')"
2024-11-03 12:08:33,404	[INFO]	3-34    SUCCESS               92.86 (100.00%) [2 edit(s)]  
2024-11-03 12:08:33,404	[DEBUG]	patch(3-34)="SrcmlNumericSetting(('MERGESORT.java.xml', 'number', 7), '0') | SrcmlNumericSetting(('MERGESORT.java.xml', 'number', 0), '0')"
2024-11-03 12:08:33,405	[INFO]	3-35    SUCCESS               92.86 (100.00%) [2 edit(s)] [cached] 
2024-11-03 12:08:33,405	[DEBUG]	patch(3-35)="SrcmlNumericSetting(('MERGESORT.java.xml', 'number', 4), '0') | SrcmlNumericSetting(('MERGESORT.java.xml', 'number', 3), '0')"
2024-11-03 12:08:33,405	[INFO]	3-36    SUCCESS               92.86 (100.00%) [1 edit(s)] [cached] 
2024-11-03 12:08:33,405	[DEBUG]	patch(3-36)="SrcmlNumericSetting(('MERGESORT.java.xml', 'number', 3), '0')"
2024-11-03 12:08:33,405	[INFO]	3-37    SUCCESS               92.86 (100.00%) [2 edit(s)] [cached] 
2024-11-03 12:08:33,405	[DEBUG]	patch(3-37)="SrcmlNumericSetting(('MERGESORT.java.xml', 'number', 0), '-1') | SrcmlComparisonOperatorSetting(('MERGESORT.java.xml', 'operator_comp', 1), '<')"
2024-11-03 12:08:33,405	[INFO]	3-38    SUCCESS               92.86 (100.00%) [0 edit(s)] [cached] 
2024-11-03 12:08:33,406	[DEBUG]	patch(3-38)=""
2024-11-03 12:08:33,406	[INFO]	3-39    SUCCESS               92.86 (100.00%) [0 edit(s)] [cached] 
2024-11-03 12:08:33,406	[DEBUG]	patch(3-39)=""
2024-11-03 12:08:33,912	[INFO]	3-40    SUCCESS               92.86 (100.00%) [2 edit(s)]  
2024-11-03 12:08:33,912	[DEBUG]	patch(3-40)="SrcmlComparisonOperatorSetting(('MERGESORT.java.xml', 'operator_comp', 2), '!=') | SrcmlNumericSetting(('MERGESORT.java.xml', 'number', 6), '1')"
2024-11-03 12:08:33,912	[INFO]	REF     SUCCESS               92.86 (--) [0 edit(s)] [cached] 
2024-11-03 12:08:33,915	[INFO]	4-1     SUCCESS              +92.86 (100.00%) [1 edit(s)] [cached] 
2024-11-03 12:08:33,915	[DEBUG]	patch(4-1)="SrcmlNumericSetting(('MERGESORT.java.xml', 'number', 5), '-1')"
2024-11-03 12:08:33,915	[INFO]	4-2     SUCCESS               92.86 (100.00%) [0 edit(s)] [cached] 
2024-11-03 12:08:33,915	[DEBUG]	patch(4-2)=""
2024-11-03 12:08:33,915	[INFO]	4-3     SUCCESS               92.86 (100.00%) [2 edit(s)] [cached] 
2024-11-03 12:08:33,916	[DEBUG]	patch(4-3)="SrcmlComparisonOperatorSetting(('MERGESORT.java.xml', 'operator_comp', 2), '>') | SrcmlNumericSetting(('MERGESORT.java.xml', 'number', 2), '-1')"
2024-11-03 12:08:33,916	[INFO]	4-4     SUCCESS               92.86 (100.00%) [4 edit(s)] [cached] 
2024-11-03 12:08:33,916	[DEBUG]	patch(4-4)="SrcmlNumericSetting(('MERGESORT.java.xml', 'number', 7), '-1') | SrcmlNumericSetting(('MERGESORT.java.xml', 'number', 4), '1') | SrcmlNumericSetting(('MERGESORT.java.xml', 'number', 3), '0') | SrcmlComparisonOperatorSetting(('MERGESORT.java.xml', 'operator_comp', 0), '>')"
2024-11-03 12:08:33,916	[INFO]	4-5     SUCCESS               92.86 (100.00%) [1 edit(s)] [cached] 
2024-11-03 12:08:33,916	[DEBUG]	patch(4-5)="SrcmlNumericSetting(('MERGESORT.java.xml', 'number', 1), '0')"
2024-11-03 12:08:33,916	[INFO]	4-6     SUCCESS               92.86 (100.00%) [1 edit(s)] [cached] 
2024-11-03 12:08:33,916	[DEBUG]	patch(4-6)="SrcmlNumericSetting(('MERGESORT.java.xml', 'number', 2), '-1')"
2024-11-03 12:08:33,916	[INFO]	4-7     SUCCESS               92.86 (100.00%) [2 edit(s)] [cached] 
2024-11-03 12:08:33,916	[DEBUG]	patch(4-7)="SrcmlNumericSetting(('MERGESORT.java.xml', 'number', 3), '0') | SrcmlComparisonOperatorSetting(('MERGESORT.java.xml', 'operator_comp', 2), '>')"
2024-11-03 12:08:33,917	[INFO]	4-8     SUCCESS               92.86 (100.00%) [1 edit(s)] [cached] 
2024-11-03 12:08:33,917	[DEBUG]	patch(4-8)="SrcmlNumericSetting(('MERGESORT.java.xml', 'number', 7), '-1')"
2024-11-03 12:08:33,917	[INFO]	4-9     SUCCESS               92.86 (100.00%) [2 edit(s)] [cached] 
2024-11-03 12:08:33,917	[DEBUG]	patch(4-9)="SrcmlNumericSetting(('MERGESORT.java.xml', 'number', 3), '0') | SrcmlComparisonOperatorSetting(('MERGESORT.java.xml', 'operator_comp', 2), '==')"
2024-11-03 12:08:33,917	[INFO]	4-10    SUCCESS               92.86 (100.00%) [2 edit(s)] [cached] 
2024-11-03 12:08:33,917	[DEBUG]	patch(4-10)="SrcmlComparisonOperatorSetting(('MERGESORT.java.xml', 'operator_comp', 3), '<=') | SrcmlNumericSetting(('MERGESORT.java.xml', 'number', 1), '0')"
2024-11-03 12:08:33,917	[INFO]	4-11    SUCCESS               92.86 (100.00%) [1 edit(s)] [cached] 
2024-11-03 12:08:33,918	[DEBUG]	patch(4-11)="SrcmlNumericSetting(('MERGESORT.java.xml', 'number', 0), '0')"
2024-11-03 12:08:33,918	[INFO]	4-12    SUCCESS               92.86 (100.00%) [2 edit(s)] [cached] 
2024-11-03 12:08:33,918	[DEBUG]	patch(4-12)="SrcmlNumericSetting(('MERGESORT.java.xml', 'number', 7), '-1') | SrcmlNumericSetting(('MERGESORT.java.xml', 'number', 3), '0')"
2024-11-03 12:08:33,918	[INFO]	4-13    SUCCESS               92.86 (100.00%) [3 edit(s)] [cached] 
2024-11-03 12:08:33,918	[DEBUG]	patch(4-13)="SrcmlNumericSetting(('MERGESORT.java.xml', 'number', 0), '1') | SrcmlNumericSetting(('MERGESORT.java.xml', 'number', 7), '-1') | SrcmlNumericSetting(('MERGESORT.java.xml', 'number', 2), '0')"
2024-11-03 12:08:33,919	[INFO]	4-14    SUCCESS               92.86 (100.00%) [2 edit(s)] [cached] 
2024-11-03 12:08:33,919	[DEBUG]	patch(4-14)="SrcmlComparisonOperatorSetting(('MERGESORT.java.xml', 'operator_comp', 2), '!=') | SrcmlNumericSetting(('MERGESORT.java.xml', 'number', 6), '1')"
2024-11-03 12:08:33,919	[INFO]	4-15    SUCCESS               92.86 (100.00%) [2 edit(s)] [cached] 
2024-11-03 12:08:33,919	[DEBUG]	patch(4-15)="SrcmlComparisonOperatorSetting(('MERGESORT.java.xml', 'operator_comp', 2), '!=') | SrcmlNumericSetting(('MERGESORT.java.xml', 'number', 6), '1')"
2024-11-03 12:08:33,919	[INFO]	4-16    SUCCESS               92.86 (100.00%) [1 edit(s)] [cached] 
2024-11-03 12:08:33,919	[DEBUG]	patch(4-16)="SrcmlNumericSetting(('MERGESORT.java.xml', 'number', 0), '-1')"
2024-11-03 12:08:33,919	[INFO]	4-17    SUCCESS               92.86 (100.00%) [2 edit(s)] [cached] 
2024-11-03 12:08:33,919	[DEBUG]	patch(4-17)="SrcmlNumericSetting(('MERGESORT.java.xml', 'number', 3), '0') | SrcmlNumericSetting(('MERGESORT.java.xml', 'number', 3), '0')"
2024-11-03 12:08:33,920	[INFO]	4-18    SUCCESS               92.86 (100.00%) [1 edit(s)] [cached] 
2024-11-03 12:08:33,920	[DEBUG]	patch(4-18)="SrcmlComparisonOperatorSetting(('MERGESORT.java.xml', 'operator_comp', 3), '<=')"
2024-11-03 12:08:33,920	[INFO]	4-19    SUCCESS               92.86 (100.00%) [1 edit(s)] [cached] 
2024-11-03 12:08:33,920	[DEBUG]	patch(4-19)="SrcmlNumericSetting(('MERGESORT.java.xml', 'number', 7), '-1')"
2024-11-03 12:08:34,536	[INFO]	4-20    SUCCESS               92.86 (100.00%) [2 edit(s)]  
2024-11-03 12:08:34,536	[DEBUG]	patch(4-20)="SrcmlComparisonOperatorSetting(('MERGESORT.java.xml', 'operator_comp', 3), '<=') | SrcmlComparisonOperatorSetting(('MERGESORT.java.xml', 'operator_comp', 2), '>=')"
2024-11-03 12:08:34,536	[INFO]	4-21    SUCCESS               92.86 (100.00%) [1 edit(s)] [cached] 
2024-11-03 12:08:34,536	[DEBUG]	patch(4-21)="SrcmlNumericSetting(('MERGESORT.java.xml', 'number', 3), '0')"
2024-11-03 12:08:35,148	[INFO]	4-22    SUCCESS               92.86 (100.00%) [2 edit(s)]  
2024-11-03 12:08:35,148	[DEBUG]	patch(4-22)="SrcmlNumericSetting(('MERGESORT.java.xml', 'number', 0), '0') | SrcmlComparisonOperatorSetting(('MERGESORT.java.xml', 'operator_comp', 2), '>=')"
2024-11-03 12:08:35,148	[INFO]	4-23    SUCCESS               92.86 (100.00%) [3 edit(s)] [cached] 
2024-11-03 12:08:35,148	[DEBUG]	patch(4-23)="SrcmlNumericSetting(('MERGESORT.java.xml', 'number', 7), '0') | SrcmlComparisonOperatorSetting(('MERGESORT.java.xml', 'operator_comp', 2), '<=') | SrcmlComparisonOperatorSetting(('MERGESORT.java.xml', 'operator_comp', 2), '<=')"
2024-11-03 12:08:35,148	[INFO]	4-24    SUCCESS               92.86 (100.00%) [1 edit(s)] [cached] 
2024-11-03 12:08:35,148	[DEBUG]	patch(4-24)="SrcmlComparisonOperatorSetting(('MERGESORT.java.xml', 'operator_comp', 2), '<=')"
2024-11-03 12:08:35,663	[INFO]	4-25    SUCCESS               92.86 (100.00%) [2 edit(s)]  
2024-11-03 12:08:35,663	[DEBUG]	patch(4-25)="SrcmlNumericSetting(('MERGESORT.java.xml', 'number', 5), '-1') | SrcmlNumericSetting(('MERGESORT.java.xml', 'number', 6), '1')"
2024-11-03 12:08:35,663	[INFO]	4-26    SUCCESS               92.86 (100.00%) [1 edit(s)] [cached] 
2024-11-03 12:08:35,663	[DEBUG]	patch(4-26)="SrcmlComparisonOperatorSetting(('MERGESORT.java.xml', 'operator_comp', 0), '>=')"
2024-11-03 12:08:35,663	[INFO]	4-27    SUCCESS               92.86 (100.00%) [3 edit(s)] [cached] 
2024-11-03 12:08:35,663	[DEBUG]	patch(4-27)="SrcmlComparisonOperatorSetting(('MERGESORT.java.xml', 'operator_comp', 2), '>') | SrcmlNumericSetting(('MERGESORT.java.xml', 'number', 2), '-1') | SrcmlComparisonOperatorSetting(('MERGESORT.java.xml', 'operator_comp', 2), '!=')"
2024-11-03 12:08:36,158	[INFO]	4-28    SUCCESS               92.86 (100.00%) [5 edit(s)]  
2024-11-03 12:08:36,158	[DEBUG]	patch(4-28)="SrcmlNumericSetting(('MERGESORT.java.xml', 'number', 7), '-1') | SrcmlNumericSetting(('MERGESORT.java.xml', 'number', 4), '1') | SrcmlNumericSetting(('MERGESORT.java.xml', 'number', 3), '0') | SrcmlComparisonOperatorSetting(('MERGESORT.java.xml', 'operator_comp', 0), '>') | SrcmlNumericSetting(('MERGESORT.java.xml', 'number', 4), '0')"
2024-11-03 12:08:36,774	[INFO]	4-29    SUCCESS               92.86 (100.00%) [3 edit(s)]  
2024-11-03 12:08:36,774	[DEBUG]	patch(4-29)="SrcmlNumericSetting(('MERGESORT.java.xml', 'number', 0), '-1') | SrcmlComparisonOperatorSetting(('MERGESORT.java.xml', 'operator_comp', 2), '==') | SrcmlComparisonOperatorSetting(('MERGESORT.java.xml', 'operator_comp', 1), '>=')"
2024-11-03 12:08:37,394	[INFO]	4-30    SUCCESS               92.86 (100.00%) [4 edit(s)]  
2024-11-03 12:08:37,394	[DEBUG]	patch(4-30)="SrcmlComparisonOperatorSetting(('MERGESORT.java.xml', 'operator_comp', 2), '==') | SrcmlComparisonOperatorSetting(('MERGESORT.java.xml', 'operator_comp', 3), '<=') | SrcmlNumericSetting(('MERGESORT.java.xml', 'number', 1), '0') | SrcmlComparisonOperatorSetting(('MERGESORT.java.xml', 'operator_comp', 0), '!=')"
2024-11-03 12:08:37,394	[INFO]	4-31    SUCCESS               92.86 (100.00%) [0 edit(s)] [cached] 
2024-11-03 12:08:37,394	[DEBUG]	patch(4-31)=""
2024-11-03 12:08:37,905	[INFO]	4-32    SUCCESS               92.86 (100.00%) [2 edit(s)]  
2024-11-03 12:08:37,906	[DEBUG]	patch(4-32)="SrcmlNumericSetting(('MERGESORT.java.xml', 'number', 7), '-1') | SrcmlComparisonOperatorSetting(('MERGESORT.java.xml', 'operator_comp', 3), '>=')"
2024-11-03 12:08:37,906	[INFO]	4-33    SUCCESS               92.86 (100.00%) [1 edit(s)] [cached] 
2024-11-03 12:08:37,906	[DEBUG]	patch(4-33)="SrcmlNumericSetting(('MERGESORT.java.xml', 'number', 7), '-1')"
2024-11-03 12:08:38,422	[INFO]	4-34    SUCCESS               92.86 (100.00%) [2 edit(s)]  
2024-11-03 12:08:38,422	[DEBUG]	patch(4-34)="SrcmlNumericSetting(('MERGESORT.java.xml', 'number', 7), '0') | SrcmlComparisonOperatorSetting(('MERGESORT.java.xml', 'operator_comp', 3), '>=')"
2024-11-03 12:08:38,422	[INFO]	4-35    SUCCESS               92.86 (100.00%) [1 edit(s)] [cached] 
2024-11-03 12:08:38,422	[DEBUG]	patch(4-35)="SrcmlNumericSetting(('MERGESORT.java.xml', 'number', 5), '1')"
2024-11-03 12:08:38,423	[INFO]	4-36    SUCCESS               92.86 (100.00%) [0 edit(s)] [cached] 
2024-11-03 12:08:38,423	[DEBUG]	patch(4-36)=""
2024-11-03 12:08:38,423	[INFO]	4-37    SUCCESS               92.86 (100.00%) [0 edit(s)] [cached] 
2024-11-03 12:08:38,423	[DEBUG]	patch(4-37)=""
2024-11-03 12:08:38,923	[INFO]	4-38    SUCCESS              *0.00 (0.00%) [2 edit(s)]  
2024-11-03 12:08:38,923	[DEBUG]	patch(4-38)="SrcmlComparisonOperatorSetting(('MERGESORT.java.xml', 'operator_comp', 3), '<=') | SrcmlNumericSetting(('MERGESORT.java.xml', 'number', 3), '1')"
--- before: MERGESORT.java
+++ after: MERGESORT.java
@@ -25,7 +25,7 @@
     }
 
     public static ArrayList<Integer> mergesort(ArrayList<Integer> arr) {
-        if (arr.size() == 0) { // <= 1 in correct version
+        if (arr.size() <= 1) { // <= 1 in correct version
             return arr;
         } else {
             int middle = arr.size() / 2;

2024-11-03 12:08:38,924	[INFO]	~~~~ END ~~~~
2024-11-03 12:08:38,924	[INFO]	
2024-11-03 12:08:38,924	[INFO]	==== REPORT ====
2024-11-03 12:08:38,924	[INFO]	Termination: target fitness reached
2024-11-03 12:08:38,924	[INFO]	Log file: /Users/han/Desktop/magpie_ssh_candidate_junit/ssh_candidate_junit/_magpie_logs/mergesort_1730635680.log
2024-11-03 12:08:38,924	[INFO]	Patch file: _magpie_logs/mergesort_1730635680.patch
2024-11-03 12:08:38,924	[INFO]	Diff file: _magpie_logs/mergesort_1730635680.diff
2024-11-03 12:08:38,924	[INFO]	Reference fitness: 92.86
2024-11-03 12:08:38,924	[INFO]	Best fitness: 0.00
2024-11-03 12:08:38,924	[INFO]	
2024-11-03 12:08:38,925	[INFO]	==== BEST PATCH ====
SrcmlComparisonOperatorSetting(('MERGESORT.java.xml', 'operator_comp', 3), '<=') | SrcmlNumericSetting(('MERGESORT.java.xml', 'number', 3), '1')
2024-11-03 12:08:38,925	[INFO]	
2024-11-03 12:08:38,925	[INFO]	==== DIFF ====
[1m--- before: MERGESORT.java[0m
[1m+++ after: MERGESORT.java[0m
[36m@@ -25,7 +25,7 @@[0m
     }
 
     public static ArrayList<Integer> mergesort(ArrayList<Integer> arr) {
[31m-        if (arr.size() == 0) { // <= 1 in correct version[0m
[32m+        if (arr.size() <= 1) { // <= 1 in correct version[0m
             return arr;
         } else {
             int middle = arr.size() / 2;

